<?xml version="1.0" encoding="UTF-8"?>
<robot generator="Robot 4.0.3 (Python 3.7.5 on darwin)" generated="20210621 15:00:15.181" rpa="false" schemaversion="2">
<suite id="s1" name="Login Tests" source="/Users/pavanmudigonda/Documents/GitHub/RFW-Automation/tests/login_tests.robot">
<test id="s1-t1" name="Valid Login">
<kw name="Open Login Page Using Chrome Browser" library="resources" type="SETUP">
<kw name="Open Browser" library="SeleniumLibrary">
<arg>${LOGIN_PAGE}</arg>
<arg>Chrome</arg>
<doc>Opens a new browser instance to the optional ``url``.</doc>
<msg timestamp="20210621 15:00:15.646" level="INFO">Opening browser 'Chrome' to base url 'https://www.saucedemo.com/'.</msg>
<status status="PASS" starttime="20210621 15:00:15.646" endtime="20210621 15:00:19.914"/>
</kw>
<kw name="Maximize Browser Window" library="SeleniumLibrary">
<doc>Maximizes current browser window.</doc>
<status status="PASS" starttime="20210621 15:00:19.915" endtime="20210621 15:00:20.082"/>
</kw>
<status status="PASS" starttime="20210621 15:00:15.645" endtime="20210621 15:00:20.083"/>
</kw>
<kw name="GIVEN Login Page Opened" library="login_pages">
<kw name="Wait Until Element Is Visible" library="SeleniumLibrary">
<arg>${USERNAME_FIELD}</arg>
<doc>Waits until the element ``locator`` is visible.</doc>
<status status="PASS" starttime="20210621 15:00:20.084" endtime="20210621 15:00:20.144"/>
</kw>
<kw name="Element Should Be Visible" library="SeleniumLibrary">
<arg>${USERNAME_FIELD}</arg>
<doc>Verifies that the element identified by ``locator`` is visible.</doc>
<msg timestamp="20210621 15:00:20.171" level="INFO">Element '//*[@id="user-name"]' is displayed.</msg>
<status status="PASS" starttime="20210621 15:00:20.145" endtime="20210621 15:00:20.171"/>
</kw>
<kw name="Wait Until Element Is Visible" library="SeleniumLibrary">
<arg>${PASSWORD_FIELD}</arg>
<doc>Waits until the element ``locator`` is visible.</doc>
<status status="PASS" starttime="20210621 15:00:20.172" endtime="20210621 15:00:20.222"/>
</kw>
<kw name="Element Should Be Visible" library="SeleniumLibrary">
<arg>${PASSWORD_FIELD}</arg>
<doc>Verifies that the element identified by ``locator`` is visible.</doc>
<msg timestamp="20210621 15:00:20.240" level="INFO">Element '//*[@id="password"]' is displayed.</msg>
<status status="PASS" starttime="20210621 15:00:20.222" endtime="20210621 15:00:20.240"/>
</kw>
<status status="PASS" starttime="20210621 15:00:20.083" endtime="20210621 15:00:20.240"/>
</kw>
<kw name="WHEN Input Username And Password" library="login_steps">
<arg>${valid_username}</arg>
<arg>${valid_password}</arg>
<kw name="Input Username" library="login_pages">
<arg>${username}</arg>
<kw name="Wait Until Element Is Enabled" library="SeleniumLibrary">
<arg>${USERNAME_FIELD}</arg>
<doc>Waits until the element ``locator`` is enabled.</doc>
<status status="PASS" starttime="20210621 15:00:20.242" endtime="20210621 15:00:20.277"/>
</kw>
<kw name="Input Text" library="SeleniumLibrary">
<arg>${USERNAME_FIELD}</arg>
<arg>${username}</arg>
<doc>Types the given ``text`` into the text field identified by ``locator``.</doc>
<msg timestamp="20210621 15:00:20.277" level="INFO">Typing text 'standard_user' into text field '//*[@id="user-name"]'.</msg>
<status status="PASS" starttime="20210621 15:00:20.277" endtime="20210621 15:00:20.667"/>
</kw>
<status status="PASS" starttime="20210621 15:00:20.241" endtime="20210621 15:00:20.667"/>
</kw>
<kw name="Login Button Should Be Enabled" library="login_pages">
<kw name="Wait Until Element Is Enabled" library="SeleniumLibrary">
<arg>${LOGIN_BUTTON}</arg>
<doc>Waits until the element ``locator`` is enabled.</doc>
<status status="PASS" starttime="20210621 15:00:20.668" endtime="20210621 15:00:20.714"/>
</kw>
<kw name="Element Should Be Enabled" library="SeleniumLibrary">
<arg>${LOGIN_BUTTON}</arg>
<doc>Verifies that element identified by ``locator`` is enabled.</doc>
<status status="PASS" starttime="20210621 15:00:20.714" endtime="20210621 15:00:20.738"/>
</kw>
<status status="PASS" starttime="20210621 15:00:20.668" endtime="20210621 15:00:20.738"/>
</kw>
<kw name="Input Pass" library="login_pages">
<arg>${password}</arg>
<kw name="Wait Until Element Is Enabled" library="SeleniumLibrary">
<arg>${PASSWORD_FIELD}</arg>
<doc>Waits until the element ``locator`` is enabled.</doc>
<status status="PASS" starttime="20210621 15:00:20.739" endtime="20210621 15:00:20.764"/>
</kw>
<kw name="Input Text" library="SeleniumLibrary">
<arg>${PASSWORD_FIELD}</arg>
<arg>${password}</arg>
<doc>Types the given ``text`` into the text field identified by ``locator``.</doc>
<msg timestamp="20210621 15:00:20.765" level="INFO">Typing text 'secret_sauce' into text field '//*[@id="password"]'.</msg>
<status status="PASS" starttime="20210621 15:00:20.765" endtime="20210621 15:00:20.881"/>
</kw>
<status status="PASS" starttime="20210621 15:00:20.738" endtime="20210621 15:00:20.882"/>
</kw>
<kw name="Click Login Button" library="login_pages">
<kw name="Wait Until Element Is Enabled" library="SeleniumLibrary">
<arg>${LOGIN_BUTTON}</arg>
<doc>Waits until the element ``locator`` is enabled.</doc>
<status status="PASS" starttime="20210621 15:00:20.882" endtime="20210621 15:00:20.906"/>
</kw>
<kw name="Click Element" library="SeleniumLibrary">
<arg>${LOGIN_BUTTON}</arg>
<doc>Click the element identified by ``locator``.</doc>
<msg timestamp="20210621 15:00:20.907" level="INFO">Clicking element '//*[@id="login-button"]'.</msg>
<status status="PASS" starttime="20210621 15:00:20.907" endtime="20210621 15:00:21.089"/>
</kw>
<status status="PASS" starttime="20210621 15:00:20.882" endtime="20210621 15:00:21.090"/>
</kw>
<status status="PASS" starttime="20210621 15:00:20.241" endtime="20210621 15:00:21.090"/>
</kw>
<kw name="THEN Home Page Opened" library="home_pages">
<kw name="Wait Until Element Is Visible" library="SeleniumLibrary">
<arg>${PRODUCTS_HEADING}</arg>
<doc>Waits until the element ``locator`` is visible.</doc>
<status status="PASS" starttime="20210621 15:00:21.091" endtime="20210621 15:00:21.375"/>
</kw>
<kw name="Element Should Be Visible" library="SeleniumLibrary">
<arg>${PRODUCTS_HEADING}</arg>
<doc>Verifies that the element identified by ``locator`` is visible.</doc>
<msg timestamp="20210621 15:00:21.395" level="INFO">Element '//*[@id="header_container"]/div[2]/span' is displayed.</msg>
<status status="PASS" starttime="20210621 15:00:21.375" endtime="20210621 15:00:21.395"/>
</kw>
<status status="PASS" starttime="20210621 15:00:21.090" endtime="20210621 15:00:21.395"/>
</kw>
<kw name="Close Browser" library="SeleniumLibrary" type="TEARDOWN">
<doc>Closes the current browser.</doc>
<status status="PASS" starttime="20210621 15:00:21.396" endtime="20210621 15:00:21.613"/>
</kw>
<status status="PASS" starttime="20210621 15:00:15.645" endtime="20210621 15:00:21.613"/>
</test>
<test id="s1-t2" name="Invalid Login">
<kw name="Open Login Page Using Chrome Browser" library="resources" type="SETUP">
<kw name="Open Browser" library="SeleniumLibrary">
<arg>${LOGIN_PAGE}</arg>
<arg>Chrome</arg>
<doc>Opens a new browser instance to the optional ``url``.</doc>
<msg timestamp="20210621 15:00:21.619" level="INFO">Opening browser 'Chrome' to base url 'https://www.saucedemo.com/'.</msg>
<status status="PASS" starttime="20210621 15:00:21.618" endtime="20210621 15:00:24.787"/>
</kw>
<kw name="Maximize Browser Window" library="SeleniumLibrary">
<doc>Maximizes current browser window.</doc>
<status status="PASS" starttime="20210621 15:00:24.788" endtime="20210621 15:00:24.927"/>
</kw>
<status status="PASS" starttime="20210621 15:00:21.617" endtime="20210621 15:00:24.927"/>
</kw>
<kw name="Login with Invalid Credentials">
<arg>${valid_username}</arg>
<arg>${invalid_data}</arg>
<kw name="GIVEN Login Page Opened" library="login_pages">
<kw name="Wait Until Element Is Visible" library="SeleniumLibrary">
<arg>${USERNAME_FIELD}</arg>
<doc>Waits until the element ``locator`` is visible.</doc>
<status status="PASS" starttime="20210621 15:00:24.928" endtime="20210621 15:00:24.972"/>
</kw>
<kw name="Element Should Be Visible" library="SeleniumLibrary">
<arg>${USERNAME_FIELD}</arg>
<doc>Verifies that the element identified by ``locator`` is visible.</doc>
<msg timestamp="20210621 15:00:24.990" level="INFO">Element '//*[@id="user-name"]' is displayed.</msg>
<status status="PASS" starttime="20210621 15:00:24.972" endtime="20210621 15:00:24.990"/>
</kw>
<kw name="Wait Until Element Is Visible" library="SeleniumLibrary">
<arg>${PASSWORD_FIELD}</arg>
<doc>Waits until the element ``locator`` is visible.</doc>
<status status="PASS" starttime="20210621 15:00:24.990" endtime="20210621 15:00:25.010"/>
</kw>
<kw name="Element Should Be Visible" library="SeleniumLibrary">
<arg>${PASSWORD_FIELD}</arg>
<doc>Verifies that the element identified by ``locator`` is visible.</doc>
<msg timestamp="20210621 15:00:25.024" level="INFO">Element '//*[@id="password"]' is displayed.</msg>
<status status="PASS" starttime="20210621 15:00:25.010" endtime="20210621 15:00:25.024"/>
</kw>
<status status="PASS" starttime="20210621 15:00:24.928" endtime="20210621 15:00:25.024"/>
</kw>
<kw name="WHEN Input Username And Password" library="login_steps">
<arg>${username}</arg>
<arg>${password}</arg>
<kw name="Input Username" library="login_pages">
<arg>${username}</arg>
<kw name="Wait Until Element Is Enabled" library="SeleniumLibrary">
<arg>${USERNAME_FIELD}</arg>
<doc>Waits until the element ``locator`` is enabled.</doc>
<status status="PASS" starttime="20210621 15:00:25.026" endtime="20210621 15:00:25.050"/>
</kw>
<kw name="Input Text" library="SeleniumLibrary">
<arg>${USERNAME_FIELD}</arg>
<arg>${username}</arg>
<doc>Types the given ``text`` into the text field identified by ``locator``.</doc>
<msg timestamp="20210621 15:00:25.051" level="INFO">Typing text 'standard_user' into text field '//*[@id="user-name"]'.</msg>
<status status="PASS" starttime="20210621 15:00:25.050" endtime="20210621 15:00:25.293"/>
</kw>
<status status="PASS" starttime="20210621 15:00:25.025" endtime="20210621 15:00:25.293"/>
</kw>
<kw name="Login Button Should Be Enabled" library="login_pages">
<kw name="Wait Until Element Is Enabled" library="SeleniumLibrary">
<arg>${LOGIN_BUTTON}</arg>
<doc>Waits until the element ``locator`` is enabled.</doc>
<status status="PASS" starttime="20210621 15:00:25.294" endtime="20210621 15:00:25.330"/>
</kw>
<kw name="Element Should Be Enabled" library="SeleniumLibrary">
<arg>${LOGIN_BUTTON}</arg>
<doc>Verifies that element identified by ``locator`` is enabled.</doc>
<status status="PASS" starttime="20210621 15:00:25.330" endtime="20210621 15:00:25.351"/>
</kw>
<status status="PASS" starttime="20210621 15:00:25.293" endtime="20210621 15:00:25.351"/>
</kw>
<kw name="Input Pass" library="login_pages">
<arg>${password}</arg>
<kw name="Wait Until Element Is Enabled" library="SeleniumLibrary">
<arg>${PASSWORD_FIELD}</arg>
<doc>Waits until the element ``locator`` is enabled.</doc>
<status status="PASS" starttime="20210621 15:00:25.352" endtime="20210621 15:00:25.373"/>
</kw>
<kw name="Input Text" library="SeleniumLibrary">
<arg>${PASSWORD_FIELD}</arg>
<arg>${password}</arg>
<doc>Types the given ``text`` into the text field identified by ``locator``.</doc>
<msg timestamp="20210621 15:00:25.374" level="INFO">Typing text 'qwerty' into text field '//*[@id="password"]'.</msg>
<status status="PASS" starttime="20210621 15:00:25.373" endtime="20210621 15:00:25.517"/>
</kw>
<status status="PASS" starttime="20210621 15:00:25.351" endtime="20210621 15:00:25.517"/>
</kw>
<kw name="Click Login Button" library="login_pages">
<kw name="Wait Until Element Is Enabled" library="SeleniumLibrary">
<arg>${LOGIN_BUTTON}</arg>
<doc>Waits until the element ``locator`` is enabled.</doc>
<status status="PASS" starttime="20210621 15:00:25.518" endtime="20210621 15:00:25.553"/>
</kw>
<kw name="Click Element" library="SeleniumLibrary">
<arg>${LOGIN_BUTTON}</arg>
<doc>Click the element identified by ``locator``.</doc>
<msg timestamp="20210621 15:00:25.554" level="INFO">Clicking element '//*[@id="login-button"]'.</msg>
<status status="PASS" starttime="20210621 15:00:25.553" endtime="20210621 15:00:25.662"/>
</kw>
<status status="PASS" starttime="20210621 15:00:25.517" endtime="20210621 15:00:25.663"/>
</kw>
<status status="PASS" starttime="20210621 15:00:25.025" endtime="20210621 15:00:25.663"/>
</kw>
<kw name="THEN Error Message Displayed" library="login_pages">
<kw name="Wait Until Element Is Visible" library="SeleniumLibrary">
<arg>${ERROR_MESSAGE}</arg>
<doc>Waits until the element ``locator`` is visible.</doc>
<status status="PASS" starttime="20210621 15:00:25.665" endtime="20210621 15:00:25.689"/>
</kw>
<kw name="Element Should Be Visible" library="SeleniumLibrary">
<arg>${ERROR_MESSAGE}</arg>
<doc>Verifies that the element identified by ``locator`` is visible.</doc>
<msg timestamp="20210621 15:00:25.709" level="INFO">Element '//*[@id="login_button_container"]/div/form/div[3]' is displayed.</msg>
<status status="PASS" starttime="20210621 15:00:25.689" endtime="20210621 15:00:25.709"/>
</kw>
<status status="PASS" starttime="20210621 15:00:25.663" endtime="20210621 15:00:25.709"/>
</kw>
<status status="PASS" starttime="20210621 15:00:24.927" endtime="20210621 15:00:25.709"/>
</kw>
<kw name="Login with Invalid Credentials">
<arg>${invalid_data}</arg>
<arg>${valid_password}</arg>
<kw name="GIVEN Login Page Opened" library="login_pages">
<kw name="Wait Until Element Is Visible" library="SeleniumLibrary">
<arg>${USERNAME_FIELD}</arg>
<doc>Waits until the element ``locator`` is visible.</doc>
<status status="PASS" starttime="20210621 15:00:25.712" endtime="20210621 15:00:25.737"/>
</kw>
<kw name="Element Should Be Visible" library="SeleniumLibrary">
<arg>${USERNAME_FIELD}</arg>
<doc>Verifies that the element identified by ``locator`` is visible.</doc>
<msg timestamp="20210621 15:00:25.767" level="INFO">Element '//*[@id="user-name"]' is displayed.</msg>
<status status="PASS" starttime="20210621 15:00:25.738" endtime="20210621 15:00:25.767"/>
</kw>
<kw name="Wait Until Element Is Visible" library="SeleniumLibrary">
<arg>${PASSWORD_FIELD}</arg>
<doc>Waits until the element ``locator`` is visible.</doc>
<status status="PASS" starttime="20210621 15:00:25.767" endtime="20210621 15:00:25.799"/>
</kw>
<kw name="Element Should Be Visible" library="SeleniumLibrary">
<arg>${PASSWORD_FIELD}</arg>
<doc>Verifies that the element identified by ``locator`` is visible.</doc>
<msg timestamp="20210621 15:00:25.822" level="INFO">Element '//*[@id="password"]' is displayed.</msg>
<status status="PASS" starttime="20210621 15:00:25.799" endtime="20210621 15:00:25.822"/>
</kw>
<status status="PASS" starttime="20210621 15:00:25.711" endtime="20210621 15:00:25.822"/>
</kw>
<kw name="WHEN Input Username And Password" library="login_steps">
<arg>${username}</arg>
<arg>${password}</arg>
<kw name="Input Username" library="login_pages">
<arg>${username}</arg>
<kw name="Wait Until Element Is Enabled" library="SeleniumLibrary">
<arg>${USERNAME_FIELD}</arg>
<doc>Waits until the element ``locator`` is enabled.</doc>
<status status="PASS" starttime="20210621 15:00:25.824" endtime="20210621 15:00:25.844"/>
</kw>
<kw name="Input Text" library="SeleniumLibrary">
<arg>${USERNAME_FIELD}</arg>
<arg>${username}</arg>
<doc>Types the given ``text`` into the text field identified by ``locator``.</doc>
<msg timestamp="20210621 15:00:25.845" level="INFO">Typing text 'qwerty' into text field '//*[@id="user-name"]'.</msg>
<status status="PASS" starttime="20210621 15:00:25.845" endtime="20210621 15:00:25.982"/>
</kw>
<status status="PASS" starttime="20210621 15:00:25.823" endtime="20210621 15:00:25.982"/>
</kw>
<kw name="Login Button Should Be Enabled" library="login_pages">
<kw name="Wait Until Element Is Enabled" library="SeleniumLibrary">
<arg>${LOGIN_BUTTON}</arg>
<doc>Waits until the element ``locator`` is enabled.</doc>
<status status="PASS" starttime="20210621 15:00:25.983" endtime="20210621 15:00:26.010"/>
</kw>
<kw name="Element Should Be Enabled" library="SeleniumLibrary">
<arg>${LOGIN_BUTTON}</arg>
<doc>Verifies that element identified by ``locator`` is enabled.</doc>
<status status="PASS" starttime="20210621 15:00:26.010" endtime="20210621 15:00:26.033"/>
</kw>
<status status="PASS" starttime="20210621 15:00:25.982" endtime="20210621 15:00:26.033"/>
</kw>
<kw name="Input Pass" library="login_pages">
<arg>${password}</arg>
<kw name="Wait Until Element Is Enabled" library="SeleniumLibrary">
<arg>${PASSWORD_FIELD}</arg>
<doc>Waits until the element ``locator`` is enabled.</doc>
<status status="PASS" starttime="20210621 15:00:26.034" endtime="20210621 15:00:26.053"/>
</kw>
<kw name="Input Text" library="SeleniumLibrary">
<arg>${PASSWORD_FIELD}</arg>
<arg>${password}</arg>
<doc>Types the given ``text`` into the text field identified by ``locator``.</doc>
<msg timestamp="20210621 15:00:26.054" level="INFO">Typing text 'secret_sauce' into text field '//*[@id="password"]'.</msg>
<status status="PASS" starttime="20210621 15:00:26.053" endtime="20210621 15:00:26.210"/>
</kw>
<status status="PASS" starttime="20210621 15:00:26.033" endtime="20210621 15:00:26.211"/>
</kw>
<kw name="Click Login Button" library="login_pages">
<kw name="Wait Until Element Is Enabled" library="SeleniumLibrary">
<arg>${LOGIN_BUTTON}</arg>
<doc>Waits until the element ``locator`` is enabled.</doc>
<status status="PASS" starttime="20210621 15:00:26.212" endtime="20210621 15:00:26.240"/>
</kw>
<kw name="Click Element" library="SeleniumLibrary">
<arg>${LOGIN_BUTTON}</arg>
<doc>Click the element identified by ``locator``.</doc>
<msg timestamp="20210621 15:00:26.241" level="INFO">Clicking element '//*[@id="login-button"]'.</msg>
<status status="PASS" starttime="20210621 15:00:26.240" endtime="20210621 15:00:26.303"/>
</kw>
<status status="PASS" starttime="20210621 15:00:26.211" endtime="20210621 15:00:26.303"/>
</kw>
<status status="PASS" starttime="20210621 15:00:25.822" endtime="20210621 15:00:26.303"/>
</kw>
<kw name="THEN Error Message Displayed" library="login_pages">
<kw name="Wait Until Element Is Visible" library="SeleniumLibrary">
<arg>${ERROR_MESSAGE}</arg>
<doc>Waits until the element ``locator`` is visible.</doc>
<status status="PASS" starttime="20210621 15:00:26.304" endtime="20210621 15:00:26.359"/>
</kw>
<kw name="Element Should Be Visible" library="SeleniumLibrary">
<arg>${ERROR_MESSAGE}</arg>
<doc>Verifies that the element identified by ``locator`` is visible.</doc>
<msg timestamp="20210621 15:00:26.375" level="INFO">Element '//*[@id="login_button_container"]/div/form/div[3]' is displayed.</msg>
<status status="PASS" starttime="20210621 15:00:26.359" endtime="20210621 15:00:26.376"/>
</kw>
<status status="PASS" starttime="20210621 15:00:26.304" endtime="20210621 15:00:26.376"/>
</kw>
<status status="PASS" starttime="20210621 15:00:25.710" endtime="20210621 15:00:26.376"/>
</kw>
<kw name="Login with Invalid Credentials">
<arg>${invalid_data}</arg>
<arg>${invalid_data}</arg>
<kw name="GIVEN Login Page Opened" library="login_pages">
<kw name="Wait Until Element Is Visible" library="SeleniumLibrary">
<arg>${USERNAME_FIELD}</arg>
<doc>Waits until the element ``locator`` is visible.</doc>
<status status="PASS" starttime="20210621 15:00:26.378" endtime="20210621 15:00:26.397"/>
</kw>
<kw name="Element Should Be Visible" library="SeleniumLibrary">
<arg>${USERNAME_FIELD}</arg>
<doc>Verifies that the element identified by ``locator`` is visible.</doc>
<msg timestamp="20210621 15:00:26.414" level="INFO">Element '//*[@id="user-name"]' is displayed.</msg>
<status status="PASS" starttime="20210621 15:00:26.397" endtime="20210621 15:00:26.414"/>
</kw>
<kw name="Wait Until Element Is Visible" library="SeleniumLibrary">
<arg>${PASSWORD_FIELD}</arg>
<doc>Waits until the element ``locator`` is visible.</doc>
<status status="PASS" starttime="20210621 15:00:26.414" endtime="20210621 15:00:26.429"/>
</kw>
<kw name="Element Should Be Visible" library="SeleniumLibrary">
<arg>${PASSWORD_FIELD}</arg>
<doc>Verifies that the element identified by ``locator`` is visible.</doc>
<msg timestamp="20210621 15:00:26.444" level="INFO">Element '//*[@id="password"]' is displayed.</msg>
<status status="PASS" starttime="20210621 15:00:26.429" endtime="20210621 15:00:26.444"/>
</kw>
<status status="PASS" starttime="20210621 15:00:26.377" endtime="20210621 15:00:26.444"/>
</kw>
<kw name="WHEN Input Username And Password" library="login_steps">
<arg>${username}</arg>
<arg>${password}</arg>
<kw name="Input Username" library="login_pages">
<arg>${username}</arg>
<kw name="Wait Until Element Is Enabled" library="SeleniumLibrary">
<arg>${USERNAME_FIELD}</arg>
<doc>Waits until the element ``locator`` is enabled.</doc>
<status status="PASS" starttime="20210621 15:00:26.446" endtime="20210621 15:00:26.464"/>
</kw>
<kw name="Input Text" library="SeleniumLibrary">
<arg>${USERNAME_FIELD}</arg>
<arg>${username}</arg>
<doc>Types the given ``text`` into the text field identified by ``locator``.</doc>
<msg timestamp="20210621 15:00:26.465" level="INFO">Typing text 'qwerty' into text field '//*[@id="user-name"]'.</msg>
<status status="PASS" starttime="20210621 15:00:26.464" endtime="20210621 15:00:26.652"/>
</kw>
<status status="PASS" starttime="20210621 15:00:26.445" endtime="20210621 15:00:26.652"/>
</kw>
<kw name="Login Button Should Be Enabled" library="login_pages">
<kw name="Wait Until Element Is Enabled" library="SeleniumLibrary">
<arg>${LOGIN_BUTTON}</arg>
<doc>Waits until the element ``locator`` is enabled.</doc>
<status status="PASS" starttime="20210621 15:00:26.653" endtime="20210621 15:00:26.677"/>
</kw>
<kw name="Element Should Be Enabled" library="SeleniumLibrary">
<arg>${LOGIN_BUTTON}</arg>
<doc>Verifies that element identified by ``locator`` is enabled.</doc>
<status status="PASS" starttime="20210621 15:00:26.677" endtime="20210621 15:00:26.700"/>
</kw>
<status status="PASS" starttime="20210621 15:00:26.652" endtime="20210621 15:00:26.700"/>
</kw>
<kw name="Input Pass" library="login_pages">
<arg>${password}</arg>
<kw name="Wait Until Element Is Enabled" library="SeleniumLibrary">
<arg>${PASSWORD_FIELD}</arg>
<doc>Waits until the element ``locator`` is enabled.</doc>
<status status="PASS" starttime="20210621 15:00:26.701" endtime="20210621 15:00:26.720"/>
</kw>
<kw name="Input Text" library="SeleniumLibrary">
<arg>${PASSWORD_FIELD}</arg>
<arg>${password}</arg>
<doc>Types the given ``text`` into the text field identified by ``locator``.</doc>
<msg timestamp="20210621 15:00:26.721" level="INFO">Typing text 'qwerty' into text field '//*[@id="password"]'.</msg>
<status status="PASS" starttime="20210621 15:00:26.721" endtime="20210621 15:00:26.854"/>
</kw>
<status status="PASS" starttime="20210621 15:00:26.700" endtime="20210621 15:00:26.855"/>
</kw>
<kw name="Click Login Button" library="login_pages">
<kw name="Wait Until Element Is Enabled" library="SeleniumLibrary">
<arg>${LOGIN_BUTTON}</arg>
<doc>Waits until the element ``locator`` is enabled.</doc>
<status status="PASS" starttime="20210621 15:00:26.856" endtime="20210621 15:00:26.875"/>
</kw>
<kw name="Click Element" library="SeleniumLibrary">
<arg>${LOGIN_BUTTON}</arg>
<doc>Click the element identified by ``locator``.</doc>
<msg timestamp="20210621 15:00:26.876" level="INFO">Clicking element '//*[@id="login-button"]'.</msg>
<status status="PASS" starttime="20210621 15:00:26.876" endtime="20210621 15:00:26.909"/>
</kw>
<status status="PASS" starttime="20210621 15:00:26.855" endtime="20210621 15:00:26.909"/>
</kw>
<status status="PASS" starttime="20210621 15:00:26.444" endtime="20210621 15:00:26.910"/>
</kw>
<kw name="THEN Error Message Displayed" library="login_pages">
<kw name="Wait Until Element Is Visible" library="SeleniumLibrary">
<arg>${ERROR_MESSAGE}</arg>
<doc>Waits until the element ``locator`` is visible.</doc>
<status status="PASS" starttime="20210621 15:00:26.910" endtime="20210621 15:00:26.954"/>
</kw>
<kw name="Element Should Be Visible" library="SeleniumLibrary">
<arg>${ERROR_MESSAGE}</arg>
<doc>Verifies that the element identified by ``locator`` is visible.</doc>
<msg timestamp="20210621 15:00:26.969" level="INFO">Element '//*[@id="login_button_container"]/div/form/div[3]' is displayed.</msg>
<status status="PASS" starttime="20210621 15:00:26.954" endtime="20210621 15:00:26.970"/>
</kw>
<status status="PASS" starttime="20210621 15:00:26.910" endtime="20210621 15:00:26.970"/>
</kw>
<status status="PASS" starttime="20210621 15:00:26.376" endtime="20210621 15:00:26.970"/>
</kw>
<kw name="Close Browser" library="SeleniumLibrary" type="TEARDOWN">
<doc>Closes the current browser.</doc>
<status status="PASS" starttime="20210621 15:00:26.970" endtime="20210621 15:00:27.134"/>
</kw>
<status status="PASS" starttime="20210621 15:00:21.615" endtime="20210621 15:00:27.134"/>
</test>
<status status="PASS" starttime="20210621 15:00:15.183" endtime="20210621 15:00:27.136"/>
</suite>
<statistics>
<total>
<stat pass="2" fail="0" skip="0">All Tests</stat>
</total>
<tag>
</tag>
<suite>
<stat pass="2" fail="0" skip="0" id="s1" name="Login Tests">Login Tests</stat>
</suite>
</statistics>
<errors>
<msg timestamp="20210621 15:00:15.222" level="ERROR">Error in file '/Users/pavanmudigonda/Documents/GitHub/RFW-Automation/resources/common/resources.robot' on line 88: Non-existing setting ''.</msg>
<msg timestamp="20210621 15:00:15.627" level="ERROR">Error in file '/Users/pavanmudigonda/Documents/GitHub/RFW-Automation/resources/common/resources.robot' on line 8: Importing library 'ExcelRobot' failed: ModuleNotFoundError: No module named 'ExcelRobot'
Traceback (most recent call last):
  None
PYTHONPATH:
  /Users/pavanmudigonda/Documents/GitHub/RFW-Automation
  /Users/pavanmudigonda/Documents/GitHub/RFW-Automation
  /Users/pavanmudigonda/.robocorp/live/199e494e4c733ef3/lib/python37.zip
  /Users/pavanmudigonda/.robocorp/live/199e494e4c733ef3/lib/python3.7
  /Users/pavanmudigonda/.robocorp/live/199e494e4c733ef3/lib/python3.7/lib-dynload
  /Users/pavanmudigonda/.robocorp/live/199e494e4c733ef3/lib/python3.7/site-packages</msg>
<msg timestamp="20210621 15:00:15.628" level="ERROR">Error in file '/Users/pavanmudigonda/Documents/GitHub/RFW-Automation/resources/common/resources.robot' on line 9: Importing library 'REST' failed: ModuleNotFoundError: No module named 'REST'
Traceback (most recent call last):
  None
PYTHONPATH:
  /Users/pavanmudigonda/Documents/GitHub/RFW-Automation
  /Users/pavanmudigonda/Documents/GitHub/RFW-Automation
  /Users/pavanmudigonda/.robocorp/live/199e494e4c733ef3/lib/python37.zip
  /Users/pavanmudigonda/.robocorp/live/199e494e4c733ef3/lib/python3.7
  /Users/pavanmudigonda/.robocorp/live/199e494e4c733ef3/lib/python3.7/lib-dynload
  /Users/pavanmudigonda/.robocorp/live/199e494e4c733ef3/lib/python3.7/site-packages</msg>
</errors>
</robot>
