<?xml version="1.0" encoding="UTF-8"?>
<robot generator="Robot 4.0.3 (Python 3.7.5 on darwin)" generated="20210620 22:43:08.712" rpa="false" schemaversion="2">
<suite id="s1" name="Login Tests" source="/Users/pavanmudigonda/Documents/GitHub/RFW-Automation/tests/login_tests.robot">
<test id="s1-t1" name="Valid Login">
<kw name="Open Login Page Using Chrome Browser" library="resources" type="SETUP">
<kw name="Open Browser" library="SeleniumLibrary">
<arg>${LOGIN_PAGE}</arg>
<arg>Chrome</arg>
<doc>Opens a new browser instance to the optional ``url``.</doc>
<msg timestamp="20210620 22:43:09.100" level="INFO">Opening browser 'Chrome' to base url 'https://www.saucedemo.com/'.</msg>
<status status="PASS" starttime="20210620 22:43:09.100" endtime="20210620 22:43:12.847"/>
</kw>
<kw name="Maximize Browser Window" library="SeleniumLibrary">
<doc>Maximizes current browser window.</doc>
<status status="PASS" starttime="20210620 22:43:12.847" endtime="20210620 22:43:13.010"/>
</kw>
<status status="PASS" starttime="20210620 22:43:09.099" endtime="20210620 22:43:13.011"/>
</kw>
<kw name="GIVEN Login Page Opened" library="login_pages">
<kw name="Wait Until Element Is Visible" library="SeleniumLibrary">
<arg>${USERNAME_FIELD}</arg>
<doc>Waits until the element ``locator`` is visible.</doc>
<status status="PASS" starttime="20210620 22:43:13.013" endtime="20210620 22:43:13.072"/>
</kw>
<kw name="Element Should Be Visible" library="SeleniumLibrary">
<arg>${USERNAME_FIELD}</arg>
<doc>Verifies that the element identified by ``locator`` is visible.</doc>
<msg timestamp="20210620 22:43:13.099" level="INFO">Element '//*[@id="user-name"]' is displayed.</msg>
<status status="PASS" starttime="20210620 22:43:13.072" endtime="20210620 22:43:13.099"/>
</kw>
<kw name="Wait Until Element Is Visible" library="SeleniumLibrary">
<arg>${PASSWORD_FIELD}</arg>
<doc>Waits until the element ``locator`` is visible.</doc>
<status status="PASS" starttime="20210620 22:43:13.099" endtime="20210620 22:43:13.129"/>
</kw>
<kw name="Element Should Be Visible" library="SeleniumLibrary">
<arg>${PASSWORD_FIELD}</arg>
<doc>Verifies that the element identified by ``locator`` is visible.</doc>
<msg timestamp="20210620 22:43:13.149" level="INFO">Element '//*[@id="password"]' is displayed.</msg>
<status status="PASS" starttime="20210620 22:43:13.129" endtime="20210620 22:43:13.149"/>
</kw>
<status status="PASS" starttime="20210620 22:43:13.012" endtime="20210620 22:43:13.150"/>
</kw>
<kw name="WHEN Input Username And Password" library="login_steps">
<arg>${valid_username}</arg>
<arg>${valid_password}</arg>
<kw name="Input Username" library="login_pages">
<arg>${username}</arg>
<kw name="Wait Until Element Is Enabled" library="SeleniumLibrary">
<arg>${USERNAME_FIELD}</arg>
<doc>Waits until the element ``locator`` is enabled.</doc>
<status status="PASS" starttime="20210620 22:43:13.152" endtime="20210620 22:43:13.183"/>
</kw>
<kw name="Input Text" library="SeleniumLibrary">
<arg>${USERNAME_FIELD}</arg>
<arg>${username}</arg>
<doc>Types the given ``text`` into the text field identified by ``locator``.</doc>
<msg timestamp="20210620 22:43:13.184" level="INFO">Typing text 'standard_user' into text field '//*[@id="user-name"]'.</msg>
<status status="PASS" starttime="20210620 22:43:13.184" endtime="20210620 22:43:13.462"/>
</kw>
<status status="PASS" starttime="20210620 22:43:13.151" endtime="20210620 22:43:13.462"/>
</kw>
<kw name="Login Button Should Be Enabled" library="login_pages">
<kw name="Wait Until Element Is Enabled" library="SeleniumLibrary">
<arg>${LOGIN_BUTTON}</arg>
<doc>Waits until the element ``locator`` is enabled.</doc>
<status status="PASS" starttime="20210620 22:43:13.463" endtime="20210620 22:43:13.506"/>
</kw>
<kw name="Element Should Be Enabled" library="SeleniumLibrary">
<arg>${LOGIN_BUTTON}</arg>
<doc>Verifies that element identified by ``locator`` is enabled.</doc>
<status status="PASS" starttime="20210620 22:43:13.506" endtime="20210620 22:43:13.530"/>
</kw>
<status status="PASS" starttime="20210620 22:43:13.463" endtime="20210620 22:43:13.530"/>
</kw>
<kw name="Input Pass" library="login_pages">
<arg>${password}</arg>
<kw name="Wait Until Element Is Enabled" library="SeleniumLibrary">
<arg>${PASSWORD_FIELD}</arg>
<doc>Waits until the element ``locator`` is enabled.</doc>
<status status="PASS" starttime="20210620 22:43:13.530" endtime="20210620 22:43:13.553"/>
</kw>
<kw name="Input Text" library="SeleniumLibrary">
<arg>${PASSWORD_FIELD}</arg>
<arg>${password}</arg>
<doc>Types the given ``text`` into the text field identified by ``locator``.</doc>
<msg timestamp="20210620 22:43:13.554" level="INFO">Typing text 'secret_sauce' into text field '//*[@id="password"]'.</msg>
<status status="PASS" starttime="20210620 22:43:13.554" endtime="20210620 22:43:13.697"/>
</kw>
<status status="PASS" starttime="20210620 22:43:13.530" endtime="20210620 22:43:13.697"/>
</kw>
<kw name="Click Login Button" library="login_pages">
<kw name="Wait Until Element Is Enabled" library="SeleniumLibrary">
<arg>${LOGIN_BUTTON}</arg>
<doc>Waits until the element ``locator`` is enabled.</doc>
<status status="PASS" starttime="20210620 22:43:13.697" endtime="20210620 22:43:13.726"/>
</kw>
<kw name="Click Element" library="SeleniumLibrary">
<arg>${LOGIN_BUTTON}</arg>
<doc>Click the element identified by ``locator``.</doc>
<msg timestamp="20210620 22:43:13.728" level="INFO">Clicking element '//*[@id="login-button"]'.</msg>
<status status="PASS" starttime="20210620 22:43:13.727" endtime="20210620 22:43:13.981"/>
</kw>
<status status="PASS" starttime="20210620 22:43:13.697" endtime="20210620 22:43:13.982"/>
</kw>
<status status="PASS" starttime="20210620 22:43:13.150" endtime="20210620 22:43:13.982"/>
</kw>
<kw name="THEN Home Page Opened" library="home_pages">
<kw name="Wait Until Element Is Visible" library="SeleniumLibrary">
<arg>${PRODUCTS_HEADING}</arg>
<doc>Waits until the element ``locator`` is visible.</doc>
<status status="PASS" starttime="20210620 22:43:13.986" endtime="20210620 22:43:14.084"/>
</kw>
<kw name="Element Should Be Visible" library="SeleniumLibrary">
<arg>${PRODUCTS_HEADING}</arg>
<doc>Verifies that the element identified by ``locator`` is visible.</doc>
<msg timestamp="20210620 22:43:14.108" level="INFO">Element '//*[@id="header_container"]/div[2]/span' is displayed.</msg>
<status status="PASS" starttime="20210620 22:43:14.085" endtime="20210620 22:43:14.108"/>
</kw>
<status status="PASS" starttime="20210620 22:43:13.982" endtime="20210620 22:43:14.108"/>
</kw>
<kw name="Close Browser" library="SeleniumLibrary" type="TEARDOWN">
<doc>Closes the current browser.</doc>
<status status="PASS" starttime="20210620 22:43:14.109" endtime="20210620 22:43:14.261"/>
</kw>
<status status="PASS" starttime="20210620 22:43:09.099" endtime="20210620 22:43:14.261"/>
</test>
<test id="s1-t2" name="Invalid Login">
<kw name="Open Login Page Using Chrome Browser" library="resources" type="SETUP">
<kw name="Open Browser" library="SeleniumLibrary">
<arg>${LOGIN_PAGE}</arg>
<arg>Chrome</arg>
<doc>Opens a new browser instance to the optional ``url``.</doc>
<msg timestamp="20210620 22:43:14.266" level="INFO">Opening browser 'Chrome' to base url 'https://www.saucedemo.com/'.</msg>
<status status="PASS" starttime="20210620 22:43:14.265" endtime="20210620 22:43:17.317"/>
</kw>
<kw name="Maximize Browser Window" library="SeleniumLibrary">
<doc>Maximizes current browser window.</doc>
<status status="PASS" starttime="20210620 22:43:17.318" endtime="20210620 22:43:17.462"/>
</kw>
<status status="PASS" starttime="20210620 22:43:14.264" endtime="20210620 22:43:17.463"/>
</kw>
<kw name="Login with Invalid Credentials">
<arg>${valid_username}</arg>
<arg>${invalid_data}</arg>
<kw name="GIVEN Login Page Opened" library="login_pages">
<kw name="Wait Until Element Is Visible" library="SeleniumLibrary">
<arg>${USERNAME_FIELD}</arg>
<doc>Waits until the element ``locator`` is visible.</doc>
<status status="PASS" starttime="20210620 22:43:17.466" endtime="20210620 22:43:17.500"/>
</kw>
<kw name="Element Should Be Visible" library="SeleniumLibrary">
<arg>${USERNAME_FIELD}</arg>
<doc>Verifies that the element identified by ``locator`` is visible.</doc>
<msg timestamp="20210620 22:43:17.520" level="INFO">Element '//*[@id="user-name"]' is displayed.</msg>
<status status="PASS" starttime="20210620 22:43:17.500" endtime="20210620 22:43:17.520"/>
</kw>
<kw name="Wait Until Element Is Visible" library="SeleniumLibrary">
<arg>${PASSWORD_FIELD}</arg>
<doc>Waits until the element ``locator`` is visible.</doc>
<status status="PASS" starttime="20210620 22:43:17.520" endtime="20210620 22:43:17.541"/>
</kw>
<kw name="Element Should Be Visible" library="SeleniumLibrary">
<arg>${PASSWORD_FIELD}</arg>
<doc>Verifies that the element identified by ``locator`` is visible.</doc>
<msg timestamp="20210620 22:43:17.558" level="INFO">Element '//*[@id="password"]' is displayed.</msg>
<status status="PASS" starttime="20210620 22:43:17.541" endtime="20210620 22:43:17.558"/>
</kw>
<status status="PASS" starttime="20210620 22:43:17.465" endtime="20210620 22:43:17.558"/>
</kw>
<kw name="WHEN Input Username And Password" library="login_steps">
<arg>${username}</arg>
<arg>${password}</arg>
<kw name="Input Username" library="login_pages">
<arg>${username}</arg>
<kw name="Wait Until Element Is Enabled" library="SeleniumLibrary">
<arg>${USERNAME_FIELD}</arg>
<doc>Waits until the element ``locator`` is enabled.</doc>
<status status="PASS" starttime="20210620 22:43:17.560" endtime="20210620 22:43:17.594"/>
</kw>
<kw name="Input Text" library="SeleniumLibrary">
<arg>${USERNAME_FIELD}</arg>
<arg>${username}</arg>
<doc>Types the given ``text`` into the text field identified by ``locator``.</doc>
<msg timestamp="20210620 22:43:17.595" level="INFO">Typing text 'standard_user' into text field '//*[@id="user-name"]'.</msg>
<status status="PASS" starttime="20210620 22:43:17.594" endtime="20210620 22:43:17.847"/>
</kw>
<status status="PASS" starttime="20210620 22:43:17.560" endtime="20210620 22:43:17.847"/>
</kw>
<kw name="Login Button Should Be Enabled" library="login_pages">
<kw name="Wait Until Element Is Enabled" library="SeleniumLibrary">
<arg>${LOGIN_BUTTON}</arg>
<doc>Waits until the element ``locator`` is enabled.</doc>
<status status="PASS" starttime="20210620 22:43:17.849" endtime="20210620 22:43:17.884"/>
</kw>
<kw name="Element Should Be Enabled" library="SeleniumLibrary">
<arg>${LOGIN_BUTTON}</arg>
<doc>Verifies that element identified by ``locator`` is enabled.</doc>
<status status="PASS" starttime="20210620 22:43:17.884" endtime="20210620 22:43:17.906"/>
</kw>
<status status="PASS" starttime="20210620 22:43:17.848" endtime="20210620 22:43:17.907"/>
</kw>
<kw name="Input Pass" library="login_pages">
<arg>${password}</arg>
<kw name="Wait Until Element Is Enabled" library="SeleniumLibrary">
<arg>${PASSWORD_FIELD}</arg>
<doc>Waits until the element ``locator`` is enabled.</doc>
<status status="PASS" starttime="20210620 22:43:17.907" endtime="20210620 22:43:17.929"/>
</kw>
<kw name="Input Text" library="SeleniumLibrary">
<arg>${PASSWORD_FIELD}</arg>
<arg>${password}</arg>
<doc>Types the given ``text`` into the text field identified by ``locator``.</doc>
<msg timestamp="20210620 22:43:17.929" level="INFO">Typing text 'qwerty' into text field '//*[@id="password"]'.</msg>
<status status="PASS" starttime="20210620 22:43:17.929" endtime="20210620 22:43:18.036"/>
</kw>
<status status="PASS" starttime="20210620 22:43:17.907" endtime="20210620 22:43:18.037"/>
</kw>
<kw name="Click Login Button" library="login_pages">
<kw name="Wait Until Element Is Enabled" library="SeleniumLibrary">
<arg>${LOGIN_BUTTON}</arg>
<doc>Waits until the element ``locator`` is enabled.</doc>
<status status="PASS" starttime="20210620 22:43:18.037" endtime="20210620 22:43:18.057"/>
</kw>
<kw name="Click Element" library="SeleniumLibrary">
<arg>${LOGIN_BUTTON}</arg>
<doc>Click the element identified by ``locator``.</doc>
<msg timestamp="20210620 22:43:18.058" level="INFO">Clicking element '//*[@id="login-button"]'.</msg>
<status status="PASS" starttime="20210620 22:43:18.058" endtime="20210620 22:43:18.121"/>
</kw>
<status status="PASS" starttime="20210620 22:43:18.037" endtime="20210620 22:43:18.121"/>
</kw>
<status status="PASS" starttime="20210620 22:43:17.559" endtime="20210620 22:43:18.121"/>
</kw>
<kw name="THEN Error Message Displayed" library="login_pages">
<kw name="Wait Until Element Is Visible" library="SeleniumLibrary">
<arg>${ERROR_MESSAGE}</arg>
<doc>Waits until the element ``locator`` is visible.</doc>
<status status="PASS" starttime="20210620 22:43:18.122" endtime="20210620 22:43:18.174"/>
</kw>
<kw name="Element Should Be Visible" library="SeleniumLibrary">
<arg>${ERROR_MESSAGE}</arg>
<doc>Verifies that the element identified by ``locator`` is visible.</doc>
<msg timestamp="20210620 22:43:18.192" level="INFO">Element '//*[@id="login_button_container"]/div/form/div[3]' is displayed.</msg>
<status status="PASS" starttime="20210620 22:43:18.174" endtime="20210620 22:43:18.192"/>
</kw>
<status status="PASS" starttime="20210620 22:43:18.122" endtime="20210620 22:43:18.193"/>
</kw>
<status status="PASS" starttime="20210620 22:43:17.463" endtime="20210620 22:43:18.193"/>
</kw>
<kw name="Login with Invalid Credentials">
<arg>${invalid_data}</arg>
<arg>${valid_password}</arg>
<kw name="GIVEN Login Page Opened" library="login_pages">
<kw name="Wait Until Element Is Visible" library="SeleniumLibrary">
<arg>${USERNAME_FIELD}</arg>
<doc>Waits until the element ``locator`` is visible.</doc>
<status status="PASS" starttime="20210620 22:43:18.194" endtime="20210620 22:43:18.209"/>
</kw>
<kw name="Element Should Be Visible" library="SeleniumLibrary">
<arg>${USERNAME_FIELD}</arg>
<doc>Verifies that the element identified by ``locator`` is visible.</doc>
<msg timestamp="20210620 22:43:18.226" level="INFO">Element '//*[@id="user-name"]' is displayed.</msg>
<status status="PASS" starttime="20210620 22:43:18.210" endtime="20210620 22:43:18.226"/>
</kw>
<kw name="Wait Until Element Is Visible" library="SeleniumLibrary">
<arg>${PASSWORD_FIELD}</arg>
<doc>Waits until the element ``locator`` is visible.</doc>
<status status="PASS" starttime="20210620 22:43:18.226" endtime="20210620 22:43:18.241"/>
</kw>
<kw name="Element Should Be Visible" library="SeleniumLibrary">
<arg>${PASSWORD_FIELD}</arg>
<doc>Verifies that the element identified by ``locator`` is visible.</doc>
<msg timestamp="20210620 22:43:18.258" level="INFO">Element '//*[@id="password"]' is displayed.</msg>
<status status="PASS" starttime="20210620 22:43:18.242" endtime="20210620 22:43:18.258"/>
</kw>
<status status="PASS" starttime="20210620 22:43:18.194" endtime="20210620 22:43:18.258"/>
</kw>
<kw name="WHEN Input Username And Password" library="login_steps">
<arg>${username}</arg>
<arg>${password}</arg>
<kw name="Input Username" library="login_pages">
<arg>${username}</arg>
<kw name="Wait Until Element Is Enabled" library="SeleniumLibrary">
<arg>${USERNAME_FIELD}</arg>
<doc>Waits until the element ``locator`` is enabled.</doc>
<status status="PASS" starttime="20210620 22:43:18.260" endtime="20210620 22:43:18.276"/>
</kw>
<kw name="Input Text" library="SeleniumLibrary">
<arg>${USERNAME_FIELD}</arg>
<arg>${username}</arg>
<doc>Types the given ``text`` into the text field identified by ``locator``.</doc>
<msg timestamp="20210620 22:43:18.277" level="INFO">Typing text 'qwerty' into text field '//*[@id="user-name"]'.</msg>
<status status="PASS" starttime="20210620 22:43:18.277" endtime="20210620 22:43:18.457"/>
</kw>
<status status="PASS" starttime="20210620 22:43:18.259" endtime="20210620 22:43:18.458"/>
</kw>
<kw name="Login Button Should Be Enabled" library="login_pages">
<kw name="Wait Until Element Is Enabled" library="SeleniumLibrary">
<arg>${LOGIN_BUTTON}</arg>
<doc>Waits until the element ``locator`` is enabled.</doc>
<status status="PASS" starttime="20210620 22:43:18.459" endtime="20210620 22:43:18.481"/>
</kw>
<kw name="Element Should Be Enabled" library="SeleniumLibrary">
<arg>${LOGIN_BUTTON}</arg>
<doc>Verifies that element identified by ``locator`` is enabled.</doc>
<status status="PASS" starttime="20210620 22:43:18.482" endtime="20210620 22:43:18.503"/>
</kw>
<status status="PASS" starttime="20210620 22:43:18.458" endtime="20210620 22:43:18.504"/>
</kw>
<kw name="Input Pass" library="login_pages">
<arg>${password}</arg>
<kw name="Wait Until Element Is Enabled" library="SeleniumLibrary">
<arg>${PASSWORD_FIELD}</arg>
<doc>Waits until the element ``locator`` is enabled.</doc>
<status status="PASS" starttime="20210620 22:43:18.505" endtime="20210620 22:43:18.524"/>
</kw>
<kw name="Input Text" library="SeleniumLibrary">
<arg>${PASSWORD_FIELD}</arg>
<arg>${password}</arg>
<doc>Types the given ``text`` into the text field identified by ``locator``.</doc>
<msg timestamp="20210620 22:43:18.525" level="INFO">Typing text 'secret_sauce' into text field '//*[@id="password"]'.</msg>
<status status="PASS" starttime="20210620 22:43:18.524" endtime="20210620 22:43:18.673"/>
</kw>
<status status="PASS" starttime="20210620 22:43:18.504" endtime="20210620 22:43:18.673"/>
</kw>
<kw name="Click Login Button" library="login_pages">
<kw name="Wait Until Element Is Enabled" library="SeleniumLibrary">
<arg>${LOGIN_BUTTON}</arg>
<doc>Waits until the element ``locator`` is enabled.</doc>
<status status="PASS" starttime="20210620 22:43:18.674" endtime="20210620 22:43:18.695"/>
</kw>
<kw name="Click Element" library="SeleniumLibrary">
<arg>${LOGIN_BUTTON}</arg>
<doc>Click the element identified by ``locator``.</doc>
<msg timestamp="20210620 22:43:18.695" level="INFO">Clicking element '//*[@id="login-button"]'.</msg>
<status status="PASS" starttime="20210620 22:43:18.695" endtime="20210620 22:43:18.760"/>
</kw>
<status status="PASS" starttime="20210620 22:43:18.673" endtime="20210620 22:43:18.760"/>
</kw>
<status status="PASS" starttime="20210620 22:43:18.258" endtime="20210620 22:43:18.760"/>
</kw>
<kw name="THEN Error Message Displayed" library="login_pages">
<kw name="Wait Until Element Is Visible" library="SeleniumLibrary">
<arg>${ERROR_MESSAGE}</arg>
<doc>Waits until the element ``locator`` is visible.</doc>
<status status="PASS" starttime="20210620 22:43:18.761" endtime="20210620 22:43:18.777"/>
</kw>
<kw name="Element Should Be Visible" library="SeleniumLibrary">
<arg>${ERROR_MESSAGE}</arg>
<doc>Verifies that the element identified by ``locator`` is visible.</doc>
<msg timestamp="20210620 22:43:18.792" level="INFO">Element '//*[@id="login_button_container"]/div/form/div[3]' is displayed.</msg>
<status status="PASS" starttime="20210620 22:43:18.777" endtime="20210620 22:43:18.792"/>
</kw>
<status status="PASS" starttime="20210620 22:43:18.760" endtime="20210620 22:43:18.792"/>
</kw>
<status status="PASS" starttime="20210620 22:43:18.193" endtime="20210620 22:43:18.793"/>
</kw>
<kw name="Login with Invalid Credentials">
<arg>${invalid_data}</arg>
<arg>${invalid_data}</arg>
<kw name="GIVEN Login Page Opened" library="login_pages">
<kw name="Wait Until Element Is Visible" library="SeleniumLibrary">
<arg>${USERNAME_FIELD}</arg>
<doc>Waits until the element ``locator`` is visible.</doc>
<status status="PASS" starttime="20210620 22:43:18.794" endtime="20210620 22:43:18.809"/>
</kw>
<kw name="Element Should Be Visible" library="SeleniumLibrary">
<arg>${USERNAME_FIELD}</arg>
<doc>Verifies that the element identified by ``locator`` is visible.</doc>
<msg timestamp="20210620 22:43:18.825" level="INFO">Element '//*[@id="user-name"]' is displayed.</msg>
<status status="PASS" starttime="20210620 22:43:18.809" endtime="20210620 22:43:18.825"/>
</kw>
<kw name="Wait Until Element Is Visible" library="SeleniumLibrary">
<arg>${PASSWORD_FIELD}</arg>
<doc>Waits until the element ``locator`` is visible.</doc>
<status status="PASS" starttime="20210620 22:43:18.825" endtime="20210620 22:43:18.841"/>
</kw>
<kw name="Element Should Be Visible" library="SeleniumLibrary">
<arg>${PASSWORD_FIELD}</arg>
<doc>Verifies that the element identified by ``locator`` is visible.</doc>
<msg timestamp="20210620 22:43:18.856" level="INFO">Element '//*[@id="password"]' is displayed.</msg>
<status status="PASS" starttime="20210620 22:43:18.841" endtime="20210620 22:43:18.856"/>
</kw>
<status status="PASS" starttime="20210620 22:43:18.793" endtime="20210620 22:43:18.856"/>
</kw>
<kw name="WHEN Input Username And Password" library="login_steps">
<arg>${username}</arg>
<arg>${password}</arg>
<kw name="Input Username" library="login_pages">
<arg>${username}</arg>
<kw name="Wait Until Element Is Enabled" library="SeleniumLibrary">
<arg>${USERNAME_FIELD}</arg>
<doc>Waits until the element ``locator`` is enabled.</doc>
<status status="PASS" starttime="20210620 22:43:18.857" endtime="20210620 22:43:18.875"/>
</kw>
<kw name="Input Text" library="SeleniumLibrary">
<arg>${USERNAME_FIELD}</arg>
<arg>${username}</arg>
<doc>Types the given ``text`` into the text field identified by ``locator``.</doc>
<msg timestamp="20210620 22:43:18.875" level="INFO">Typing text 'qwerty' into text field '//*[@id="user-name"]'.</msg>
<status status="PASS" starttime="20210620 22:43:18.875" endtime="20210620 22:43:19.010"/>
</kw>
<status status="PASS" starttime="20210620 22:43:18.857" endtime="20210620 22:43:19.011"/>
</kw>
<kw name="Login Button Should Be Enabled" library="login_pages">
<kw name="Wait Until Element Is Enabled" library="SeleniumLibrary">
<arg>${LOGIN_BUTTON}</arg>
<doc>Waits until the element ``locator`` is enabled.</doc>
<status status="PASS" starttime="20210620 22:43:19.012" endtime="20210620 22:43:19.038"/>
</kw>
<kw name="Element Should Be Enabled" library="SeleniumLibrary">
<arg>${LOGIN_BUTTON}</arg>
<doc>Verifies that element identified by ``locator`` is enabled.</doc>
<status status="PASS" starttime="20210620 22:43:19.039" endtime="20210620 22:43:19.058"/>
</kw>
<status status="PASS" starttime="20210620 22:43:19.011" endtime="20210620 22:43:19.058"/>
</kw>
<kw name="Input Pass" library="login_pages">
<arg>${password}</arg>
<kw name="Wait Until Element Is Enabled" library="SeleniumLibrary">
<arg>${PASSWORD_FIELD}</arg>
<doc>Waits until the element ``locator`` is enabled.</doc>
<status status="PASS" starttime="20210620 22:43:19.059" endtime="20210620 22:43:19.081"/>
</kw>
<kw name="Input Text" library="SeleniumLibrary">
<arg>${PASSWORD_FIELD}</arg>
<arg>${password}</arg>
<doc>Types the given ``text`` into the text field identified by ``locator``.</doc>
<msg timestamp="20210620 22:43:19.081" level="INFO">Typing text 'qwerty' into text field '//*[@id="password"]'.</msg>
<status status="PASS" starttime="20210620 22:43:19.081" endtime="20210620 22:43:19.206"/>
</kw>
<status status="PASS" starttime="20210620 22:43:19.059" endtime="20210620 22:43:19.207"/>
</kw>
<kw name="Click Login Button" library="login_pages">
<kw name="Wait Until Element Is Enabled" library="SeleniumLibrary">
<arg>${LOGIN_BUTTON}</arg>
<doc>Waits until the element ``locator`` is enabled.</doc>
<status status="PASS" starttime="20210620 22:43:19.207" endtime="20210620 22:43:19.226"/>
</kw>
<kw name="Click Element" library="SeleniumLibrary">
<arg>${LOGIN_BUTTON}</arg>
<doc>Click the element identified by ``locator``.</doc>
<msg timestamp="20210620 22:43:19.227" level="INFO">Clicking element '//*[@id="login-button"]'.</msg>
<status status="PASS" starttime="20210620 22:43:19.226" endtime="20210620 22:43:19.261"/>
</kw>
<status status="PASS" starttime="20210620 22:43:19.207" endtime="20210620 22:43:19.261"/>
</kw>
<status status="PASS" starttime="20210620 22:43:18.856" endtime="20210620 22:43:19.261"/>
</kw>
<kw name="THEN Error Message Displayed" library="login_pages">
<kw name="Wait Until Element Is Visible" library="SeleniumLibrary">
<arg>${ERROR_MESSAGE}</arg>
<doc>Waits until the element ``locator`` is visible.</doc>
<status status="PASS" starttime="20210620 22:43:19.262" endtime="20210620 22:43:19.307"/>
</kw>
<kw name="Element Should Be Visible" library="SeleniumLibrary">
<arg>${ERROR_MESSAGE}</arg>
<doc>Verifies that the element identified by ``locator`` is visible.</doc>
<msg timestamp="20210620 22:43:19.322" level="INFO">Element '//*[@id="login_button_container"]/div/form/div[3]' is displayed.</msg>
<status status="PASS" starttime="20210620 22:43:19.307" endtime="20210620 22:43:19.322"/>
</kw>
<status status="PASS" starttime="20210620 22:43:19.261" endtime="20210620 22:43:19.323"/>
</kw>
<status status="PASS" starttime="20210620 22:43:18.793" endtime="20210620 22:43:19.323"/>
</kw>
<kw name="Close Browser" library="SeleniumLibrary" type="TEARDOWN">
<doc>Closes the current browser.</doc>
<status status="PASS" starttime="20210620 22:43:19.323" endtime="20210620 22:43:19.436"/>
</kw>
<status status="PASS" starttime="20210620 22:43:14.262" endtime="20210620 22:43:19.436"/>
</test>
<status status="PASS" starttime="20210620 22:43:08.714" endtime="20210620 22:43:19.438"/>
</suite>
<statistics>
<total>
<stat pass="2" fail="0" skip="0">All Tests</stat>
</total>
<tag>
</tag>
<suite>
<stat pass="2" fail="0" skip="0" id="s1" name="Login Tests">Login Tests</stat>
</suite>
</statistics>
<errors>
</errors>
</robot>
