<?xml version="1.0" encoding="UTF-8"?>
<robot generator="Robot 4.0.3 (Python 3.7.5 on darwin)" generated="20210620 22:15:12.909" rpa="false" schemaversion="2">
<suite id="s1" name="Login Tests" source="/Users/pavanmudigonda/Documents/GitHub/RFW-Automation/tests/login_tests.robot">
<test id="s1-t1" name="Valid Login">
<kw name="Open Login Page Using Chrome Browser" library="resources" type="SETUP">
<kw name="Open Browser" library="SeleniumLibrary">
<arg>${LOGIN_PAGE}</arg>
<arg>Chrome</arg>
<doc>Opens a new browser instance to the optional ``url``.</doc>
<msg timestamp="20210620 22:15:13.126" level="INFO">Opening browser 'Chrome' to base url 'https://www.saucedemo.com/'.</msg>
<status status="PASS" starttime="20210620 22:15:13.125" endtime="20210620 22:15:16.776"/>
</kw>
<kw name="Maximize Browser Window" library="SeleniumLibrary">
<doc>Maximizes current browser window.</doc>
<status status="PASS" starttime="20210620 22:15:16.777" endtime="20210620 22:15:16.909"/>
</kw>
<status status="PASS" starttime="20210620 22:15:13.125" endtime="20210620 22:15:16.909"/>
</kw>
<kw name="GIVEN Login Page Opened" library="login_pages">
<kw name="Wait Until Element Is Visible" library="SeleniumLibrary">
<arg>${USERNAME_FIELD}</arg>
<doc>Waits until the element ``locator`` is visible.</doc>
<status status="PASS" starttime="20210620 22:15:16.910" endtime="20210620 22:15:16.936"/>
</kw>
<kw name="Element Should Be Visible" library="SeleniumLibrary">
<arg>${USERNAME_FIELD}</arg>
<doc>Verifies that the element identified by ``locator`` is visible.</doc>
<msg timestamp="20210620 22:15:16.957" level="INFO">Element '//*[@id="user-name"]' is displayed.</msg>
<status status="PASS" starttime="20210620 22:15:16.936" endtime="20210620 22:15:16.957"/>
</kw>
<kw name="Wait Until Element Is Visible" library="SeleniumLibrary">
<arg>${PASSWORD_FIELD}</arg>
<doc>Waits until the element ``locator`` is visible.</doc>
<status status="PASS" starttime="20210620 22:15:16.957" endtime="20210620 22:15:16.976"/>
</kw>
<kw name="Element Should Be Visible" library="SeleniumLibrary">
<arg>${PASSWORD_FIELD}</arg>
<doc>Verifies that the element identified by ``locator`` is visible.</doc>
<msg timestamp="20210620 22:15:16.988" level="INFO">Element '//*[@id="password"]' is displayed.</msg>
<status status="PASS" starttime="20210620 22:15:16.976" endtime="20210620 22:15:16.988"/>
</kw>
<status status="PASS" starttime="20210620 22:15:16.909" endtime="20210620 22:15:16.989"/>
</kw>
<kw name="WHEN Input Username And Password" library="login_steps">
<arg>${valid_username}</arg>
<arg>${valid_password}</arg>
<kw name="Input Username" library="login_pages">
<arg>${username}</arg>
<kw name="Wait Until Element Is Enabled" library="SeleniumLibrary">
<arg>${USERNAME_FIELD}</arg>
<doc>Waits until the element ``locator`` is enabled.</doc>
<status status="PASS" starttime="20210620 22:15:16.990" endtime="20210620 22:15:17.009"/>
</kw>
<kw name="Input Text" library="SeleniumLibrary">
<arg>${USERNAME_FIELD}</arg>
<arg>${username}</arg>
<doc>Types the given ``text`` into the text field identified by ``locator``.</doc>
<msg timestamp="20210620 22:15:17.010" level="INFO">Typing text 'standard_user' into text field '//*[@id="user-name"]'.</msg>
<status status="PASS" starttime="20210620 22:15:17.010" endtime="20210620 22:15:17.234"/>
</kw>
<status status="PASS" starttime="20210620 22:15:16.989" endtime="20210620 22:15:17.234"/>
</kw>
<kw name="Login Button Should Be Enabled" library="login_pages">
<kw name="Wait Until Element Is Enabled" library="SeleniumLibrary">
<arg>${LOGIN_BUTTON}</arg>
<doc>Waits until the element ``locator`` is enabled.</doc>
<status status="PASS" starttime="20210620 22:15:17.235" endtime="20210620 22:15:17.311"/>
</kw>
<kw name="Element Should Be Enabled" library="SeleniumLibrary">
<arg>${LOGIN_BUTTON}</arg>
<doc>Verifies that element identified by ``locator`` is enabled.</doc>
<status status="PASS" starttime="20210620 22:15:17.312" endtime="20210620 22:15:17.340"/>
</kw>
<status status="PASS" starttime="20210620 22:15:17.235" endtime="20210620 22:15:17.340"/>
</kw>
<kw name="Input Pass" library="login_pages">
<arg>${password}</arg>
<kw name="Wait Until Element Is Enabled" library="SeleniumLibrary">
<arg>${PASSWORD_FIELD}</arg>
<doc>Waits until the element ``locator`` is enabled.</doc>
<status status="PASS" starttime="20210620 22:15:17.341" endtime="20210620 22:15:17.412"/>
</kw>
<kw name="Input Text" library="SeleniumLibrary">
<arg>${PASSWORD_FIELD}</arg>
<arg>${password}</arg>
<doc>Types the given ``text`` into the text field identified by ``locator``.</doc>
<msg timestamp="20210620 22:15:17.413" level="INFO">Typing text 'secret_sauce' into text field '//*[@id="password"]'.</msg>
<status status="PASS" starttime="20210620 22:15:17.413" endtime="20210620 22:15:17.533"/>
</kw>
<status status="PASS" starttime="20210620 22:15:17.340" endtime="20210620 22:15:17.533"/>
</kw>
<kw name="Click Login Button" library="login_pages">
<kw name="Wait Until Element Is Enabled" library="SeleniumLibrary">
<arg>${LOGIN_BUTTON}</arg>
<doc>Waits until the element ``locator`` is enabled.</doc>
<status status="PASS" starttime="20210620 22:15:17.534" endtime="20210620 22:15:17.553"/>
</kw>
<kw name="Click Element" library="SeleniumLibrary">
<arg>${LOGIN_BUTTON}</arg>
<doc>Click the element identified by ``locator``.</doc>
<msg timestamp="20210620 22:15:17.554" level="INFO">Clicking element '//*[@id="login-button"]'.</msg>
<status status="PASS" starttime="20210620 22:15:17.554" endtime="20210620 22:15:17.769"/>
</kw>
<status status="PASS" starttime="20210620 22:15:17.533" endtime="20210620 22:15:17.770"/>
</kw>
<status status="PASS" starttime="20210620 22:15:16.989" endtime="20210620 22:15:17.770"/>
</kw>
<kw name="THEN Home Page Opened" library="home_pages">
<kw name="Wait Until Element Is Visible" library="SeleniumLibrary">
<arg>${IG_LOGO}</arg>
<doc>Waits until the element ``locator`` is visible.</doc>
<status status="PASS" starttime="20210620 22:15:17.771" endtime="20210620 22:15:17.939"/>
</kw>
<kw name="Element Should Be Visible" library="SeleniumLibrary">
<arg>${IG_LOGO}</arg>
<doc>Verifies that the element identified by ``locator`` is visible.</doc>
<msg timestamp="20210620 22:15:17.959" level="INFO">Element '//*[@id="root"]/div/div[1]' is displayed.</msg>
<status status="PASS" starttime="20210620 22:15:17.940" endtime="20210620 22:15:17.959"/>
</kw>
<kw name="Wait Until Element Is Visible" library="SeleniumLibrary">
<arg>${PROFILE_ICON}</arg>
<doc>Waits until the element ``locator`` is visible.</doc>
<kw name="Capture Page Screenshot" library="SeleniumLibrary">
<doc>Takes a screenshot of the current page and embeds it into a log file.</doc>
<msg timestamp="20210620 22:15:23.826" level="INFO" html="true">&lt;/td&gt;&lt;/tr&gt;&lt;tr&gt;&lt;td colspan="3"&gt;&lt;a href="selenium-screenshot-1.png"&gt;&lt;img src="selenium-screenshot-1.png" width="800px"&gt;&lt;/a&gt;</msg>
<status status="PASS" starttime="20210620 22:15:23.138" endtime="20210620 22:15:23.826"/>
</kw>
<msg timestamp="20210620 22:15:23.831" level="FAIL">Element '//*[@id="root"]/div/div[2]/div[1]/div[2]' not visible after 5 seconds.</msg>
<status status="FAIL" starttime="20210620 22:15:17.959" endtime="20210620 22:15:23.831"/>
</kw>
<kw name="Element Should Be Visible" library="SeleniumLibrary">
<arg>${PROFILE_ICON}</arg>
<doc>Verifies that the element identified by ``locator`` is visible.</doc>
<status status="NOT RUN" starttime="20210620 22:15:23.831" endtime="20210620 22:15:23.832"/>
</kw>
<kw name="Wait Until Element Is Visible" library="SeleniumLibrary">
<arg>${PROFILE_BUTTON}</arg>
<doc>Waits until the element ``locator`` is visible.</doc>
<status status="NOT RUN" starttime="20210620 22:15:23.832" endtime="20210620 22:15:23.832"/>
</kw>
<kw name="Element Should Be Visible" library="SeleniumLibrary">
<arg>${PROFILE_BUTTON}</arg>
<doc>Verifies that the element identified by ``locator`` is visible.</doc>
<status status="NOT RUN" starttime="20210620 22:15:23.832" endtime="20210620 22:15:23.832"/>
</kw>
<status status="FAIL" starttime="20210620 22:15:17.770" endtime="20210620 22:15:23.832"/>
</kw>
<kw name="Close Browser" library="SeleniumLibrary" type="TEARDOWN">
<doc>Closes the current browser.</doc>
<status status="PASS" starttime="20210620 22:15:23.834" endtime="20210620 22:15:23.963"/>
</kw>
<status status="FAIL" starttime="20210620 22:15:13.124" endtime="20210620 22:15:23.964">Element '//*[@id="root"]/div/div[2]/div[1]/div[2]' not visible after 5 seconds.</status>
</test>
<test id="s1-t2" name="Invalid Login">
<kw name="Open Login Page Using Chrome Browser" library="resources" type="SETUP">
<kw name="Open Browser" library="SeleniumLibrary">
<arg>${LOGIN_PAGE}</arg>
<arg>Chrome</arg>
<doc>Opens a new browser instance to the optional ``url``.</doc>
<msg timestamp="20210620 22:15:23.968" level="INFO">Opening browser 'Chrome' to base url 'https://www.saucedemo.com/'.</msg>
<status status="PASS" starttime="20210620 22:15:23.967" endtime="20210620 22:15:27.224"/>
</kw>
<kw name="Maximize Browser Window" library="SeleniumLibrary">
<doc>Maximizes current browser window.</doc>
<status status="PASS" starttime="20210620 22:15:27.224" endtime="20210620 22:15:27.358"/>
</kw>
<status status="PASS" starttime="20210620 22:15:23.966" endtime="20210620 22:15:27.358"/>
</kw>
<kw name="Login with Invalid Credentials">
<arg>${valid_username}</arg>
<arg>${invalid_data}</arg>
<kw name="GIVEN Login Page Opened" library="login_pages">
<kw name="Wait Until Element Is Visible" library="SeleniumLibrary">
<arg>${USERNAME_FIELD}</arg>
<doc>Waits until the element ``locator`` is visible.</doc>
<status status="PASS" starttime="20210620 22:15:27.359" endtime="20210620 22:15:27.386"/>
</kw>
<kw name="Element Should Be Visible" library="SeleniumLibrary">
<arg>${USERNAME_FIELD}</arg>
<doc>Verifies that the element identified by ``locator`` is visible.</doc>
<msg timestamp="20210620 22:15:27.403" level="INFO">Element '//*[@id="user-name"]' is displayed.</msg>
<status status="PASS" starttime="20210620 22:15:27.386" endtime="20210620 22:15:27.403"/>
</kw>
<kw name="Wait Until Element Is Visible" library="SeleniumLibrary">
<arg>${PASSWORD_FIELD}</arg>
<doc>Waits until the element ``locator`` is visible.</doc>
<status status="PASS" starttime="20210620 22:15:27.403" endtime="20210620 22:15:27.421"/>
</kw>
<kw name="Element Should Be Visible" library="SeleniumLibrary">
<arg>${PASSWORD_FIELD}</arg>
<doc>Verifies that the element identified by ``locator`` is visible.</doc>
<msg timestamp="20210620 22:15:27.434" level="INFO">Element '//*[@id="password"]' is displayed.</msg>
<status status="PASS" starttime="20210620 22:15:27.421" endtime="20210620 22:15:27.434"/>
</kw>
<status status="PASS" starttime="20210620 22:15:27.359" endtime="20210620 22:15:27.434"/>
</kw>
<kw name="WHEN Input Username And Password" library="login_steps">
<arg>${username}</arg>
<arg>${password}</arg>
<kw name="Input Username" library="login_pages">
<arg>${username}</arg>
<kw name="Wait Until Element Is Enabled" library="SeleniumLibrary">
<arg>${USERNAME_FIELD}</arg>
<doc>Waits until the element ``locator`` is enabled.</doc>
<status status="PASS" starttime="20210620 22:15:27.435" endtime="20210620 22:15:27.455"/>
</kw>
<kw name="Input Text" library="SeleniumLibrary">
<arg>${USERNAME_FIELD}</arg>
<arg>${username}</arg>
<doc>Types the given ``text`` into the text field identified by ``locator``.</doc>
<msg timestamp="20210620 22:15:27.455" level="INFO">Typing text 'standard_user' into text field '//*[@id="user-name"]'.</msg>
<status status="PASS" starttime="20210620 22:15:27.455" endtime="20210620 22:15:27.668"/>
</kw>
<status status="PASS" starttime="20210620 22:15:27.435" endtime="20210620 22:15:27.668"/>
</kw>
<kw name="Login Button Should Be Enabled" library="login_pages">
<kw name="Wait Until Element Is Enabled" library="SeleniumLibrary">
<arg>${LOGIN_BUTTON}</arg>
<doc>Waits until the element ``locator`` is enabled.</doc>
<status status="PASS" starttime="20210620 22:15:27.670" endtime="20210620 22:15:27.698"/>
</kw>
<kw name="Element Should Be Enabled" library="SeleniumLibrary">
<arg>${LOGIN_BUTTON}</arg>
<doc>Verifies that element identified by ``locator`` is enabled.</doc>
<status status="PASS" starttime="20210620 22:15:27.698" endtime="20210620 22:15:27.718"/>
</kw>
<status status="PASS" starttime="20210620 22:15:27.669" endtime="20210620 22:15:27.718"/>
</kw>
<kw name="Input Pass" library="login_pages">
<arg>${password}</arg>
<kw name="Wait Until Element Is Enabled" library="SeleniumLibrary">
<arg>${PASSWORD_FIELD}</arg>
<doc>Waits until the element ``locator`` is enabled.</doc>
<status status="PASS" starttime="20210620 22:15:27.719" endtime="20210620 22:15:27.741"/>
</kw>
<kw name="Input Text" library="SeleniumLibrary">
<arg>${PASSWORD_FIELD}</arg>
<arg>${password}</arg>
<doc>Types the given ``text`` into the text field identified by ``locator``.</doc>
<msg timestamp="20210620 22:15:27.742" level="INFO">Typing text 'qwerty' into text field '//*[@id="password"]'.</msg>
<status status="PASS" starttime="20210620 22:15:27.742" endtime="20210620 22:15:27.899"/>
</kw>
<status status="PASS" starttime="20210620 22:15:27.719" endtime="20210620 22:15:27.900"/>
</kw>
<kw name="Click Login Button" library="login_pages">
<kw name="Wait Until Element Is Enabled" library="SeleniumLibrary">
<arg>${LOGIN_BUTTON}</arg>
<doc>Waits until the element ``locator`` is enabled.</doc>
<status status="PASS" starttime="20210620 22:15:27.900" endtime="20210620 22:15:27.934"/>
</kw>
<kw name="Click Element" library="SeleniumLibrary">
<arg>${LOGIN_BUTTON}</arg>
<doc>Click the element identified by ``locator``.</doc>
<msg timestamp="20210620 22:15:27.935" level="INFO">Clicking element '//*[@id="login-button"]'.</msg>
<status status="PASS" starttime="20210620 22:15:27.934" endtime="20210620 22:15:28.010"/>
</kw>
<status status="PASS" starttime="20210620 22:15:27.900" endtime="20210620 22:15:28.010"/>
</kw>
<status status="PASS" starttime="20210620 22:15:27.434" endtime="20210620 22:15:28.011"/>
</kw>
<kw name="THEN Error Message Displayed" library="login_pages">
<kw name="Wait Until Element Is Visible" library="SeleniumLibrary">
<arg>${ERROR_MESSAGE}</arg>
<doc>Waits until the element ``locator`` is visible.</doc>
<status status="PASS" starttime="20210620 22:15:28.012" endtime="20210620 22:15:28.061"/>
</kw>
<kw name="Element Should Be Visible" library="SeleniumLibrary">
<arg>${ERROR_MESSAGE}</arg>
<doc>Verifies that the element identified by ``locator`` is visible.</doc>
<msg timestamp="20210620 22:15:28.081" level="INFO">Element '//*[@id="login_button_container"]/div/form/div[3]' is displayed.</msg>
<status status="PASS" starttime="20210620 22:15:28.061" endtime="20210620 22:15:28.082"/>
</kw>
<status status="PASS" starttime="20210620 22:15:28.011" endtime="20210620 22:15:28.082"/>
</kw>
<status status="PASS" starttime="20210620 22:15:27.358" endtime="20210620 22:15:28.082"/>
</kw>
<kw name="Login with Invalid Credentials">
<arg>${invalid_data}</arg>
<arg>${valid_password}</arg>
<kw name="GIVEN Login Page Opened" library="login_pages">
<kw name="Wait Until Element Is Visible" library="SeleniumLibrary">
<arg>${USERNAME_FIELD}</arg>
<doc>Waits until the element ``locator`` is visible.</doc>
<status status="PASS" starttime="20210620 22:15:28.084" endtime="20210620 22:15:28.099"/>
</kw>
<kw name="Element Should Be Visible" library="SeleniumLibrary">
<arg>${USERNAME_FIELD}</arg>
<doc>Verifies that the element identified by ``locator`` is visible.</doc>
<msg timestamp="20210620 22:15:28.116" level="INFO">Element '//*[@id="user-name"]' is displayed.</msg>
<status status="PASS" starttime="20210620 22:15:28.099" endtime="20210620 22:15:28.116"/>
</kw>
<kw name="Wait Until Element Is Visible" library="SeleniumLibrary">
<arg>${PASSWORD_FIELD}</arg>
<doc>Waits until the element ``locator`` is visible.</doc>
<status status="PASS" starttime="20210620 22:15:28.116" endtime="20210620 22:15:28.133"/>
</kw>
<kw name="Element Should Be Visible" library="SeleniumLibrary">
<arg>${PASSWORD_FIELD}</arg>
<doc>Verifies that the element identified by ``locator`` is visible.</doc>
<msg timestamp="20210620 22:15:28.149" level="INFO">Element '//*[@id="password"]' is displayed.</msg>
<status status="PASS" starttime="20210620 22:15:28.133" endtime="20210620 22:15:28.149"/>
</kw>
<status status="PASS" starttime="20210620 22:15:28.084" endtime="20210620 22:15:28.150"/>
</kw>
<kw name="WHEN Input Username And Password" library="login_steps">
<arg>${username}</arg>
<arg>${password}</arg>
<kw name="Input Username" library="login_pages">
<arg>${username}</arg>
<kw name="Wait Until Element Is Enabled" library="SeleniumLibrary">
<arg>${USERNAME_FIELD}</arg>
<doc>Waits until the element ``locator`` is enabled.</doc>
<status status="PASS" starttime="20210620 22:15:28.152" endtime="20210620 22:15:28.174"/>
</kw>
<kw name="Input Text" library="SeleniumLibrary">
<arg>${USERNAME_FIELD}</arg>
<arg>${username}</arg>
<doc>Types the given ``text`` into the text field identified by ``locator``.</doc>
<msg timestamp="20210620 22:15:28.175" level="INFO">Typing text 'qwerty' into text field '//*[@id="user-name"]'.</msg>
<status status="PASS" starttime="20210620 22:15:28.174" endtime="20210620 22:15:28.360"/>
</kw>
<status status="PASS" starttime="20210620 22:15:28.151" endtime="20210620 22:15:28.360"/>
</kw>
<kw name="Login Button Should Be Enabled" library="login_pages">
<kw name="Wait Until Element Is Enabled" library="SeleniumLibrary">
<arg>${LOGIN_BUTTON}</arg>
<doc>Waits until the element ``locator`` is enabled.</doc>
<status status="PASS" starttime="20210620 22:15:28.361" endtime="20210620 22:15:28.384"/>
</kw>
<kw name="Element Should Be Enabled" library="SeleniumLibrary">
<arg>${LOGIN_BUTTON}</arg>
<doc>Verifies that element identified by ``locator`` is enabled.</doc>
<status status="PASS" starttime="20210620 22:15:28.384" endtime="20210620 22:15:28.404"/>
</kw>
<status status="PASS" starttime="20210620 22:15:28.360" endtime="20210620 22:15:28.404"/>
</kw>
<kw name="Input Pass" library="login_pages">
<arg>${password}</arg>
<kw name="Wait Until Element Is Enabled" library="SeleniumLibrary">
<arg>${PASSWORD_FIELD}</arg>
<doc>Waits until the element ``locator`` is enabled.</doc>
<status status="PASS" starttime="20210620 22:15:28.405" endtime="20210620 22:15:28.424"/>
</kw>
<kw name="Input Text" library="SeleniumLibrary">
<arg>${PASSWORD_FIELD}</arg>
<arg>${password}</arg>
<doc>Types the given ``text`` into the text field identified by ``locator``.</doc>
<msg timestamp="20210620 22:15:28.425" level="INFO">Typing text 'secret_sauce' into text field '//*[@id="password"]'.</msg>
<status status="PASS" starttime="20210620 22:15:28.424" endtime="20210620 22:15:28.571"/>
</kw>
<status status="PASS" starttime="20210620 22:15:28.404" endtime="20210620 22:15:28.571"/>
</kw>
<kw name="Click Login Button" library="login_pages">
<kw name="Wait Until Element Is Enabled" library="SeleniumLibrary">
<arg>${LOGIN_BUTTON}</arg>
<doc>Waits until the element ``locator`` is enabled.</doc>
<status status="PASS" starttime="20210620 22:15:28.572" endtime="20210620 22:15:28.593"/>
</kw>
<kw name="Click Element" library="SeleniumLibrary">
<arg>${LOGIN_BUTTON}</arg>
<doc>Click the element identified by ``locator``.</doc>
<msg timestamp="20210620 22:15:28.594" level="INFO">Clicking element '//*[@id="login-button"]'.</msg>
<status status="PASS" starttime="20210620 22:15:28.593" endtime="20210620 22:15:28.660"/>
</kw>
<status status="PASS" starttime="20210620 22:15:28.571" endtime="20210620 22:15:28.660"/>
</kw>
<status status="PASS" starttime="20210620 22:15:28.150" endtime="20210620 22:15:28.660"/>
</kw>
<kw name="THEN Error Message Displayed" library="login_pages">
<kw name="Wait Until Element Is Visible" library="SeleniumLibrary">
<arg>${ERROR_MESSAGE}</arg>
<doc>Waits until the element ``locator`` is visible.</doc>
<status status="PASS" starttime="20210620 22:15:28.661" endtime="20210620 22:15:28.678"/>
</kw>
<kw name="Element Should Be Visible" library="SeleniumLibrary">
<arg>${ERROR_MESSAGE}</arg>
<doc>Verifies that the element identified by ``locator`` is visible.</doc>
<msg timestamp="20210620 22:15:28.694" level="INFO">Element '//*[@id="login_button_container"]/div/form/div[3]' is displayed.</msg>
<status status="PASS" starttime="20210620 22:15:28.678" endtime="20210620 22:15:28.694"/>
</kw>
<status status="PASS" starttime="20210620 22:15:28.661" endtime="20210620 22:15:28.695"/>
</kw>
<status status="PASS" starttime="20210620 22:15:28.083" endtime="20210620 22:15:28.695"/>
</kw>
<kw name="Login with Invalid Credentials">
<arg>${invalid_data}</arg>
<arg>${invalid_data}</arg>
<kw name="GIVEN Login Page Opened" library="login_pages">
<kw name="Wait Until Element Is Visible" library="SeleniumLibrary">
<arg>${USERNAME_FIELD}</arg>
<doc>Waits until the element ``locator`` is visible.</doc>
<status status="PASS" starttime="20210620 22:15:28.696" endtime="20210620 22:15:28.712"/>
</kw>
<kw name="Element Should Be Visible" library="SeleniumLibrary">
<arg>${USERNAME_FIELD}</arg>
<doc>Verifies that the element identified by ``locator`` is visible.</doc>
<msg timestamp="20210620 22:15:28.728" level="INFO">Element '//*[@id="user-name"]' is displayed.</msg>
<status status="PASS" starttime="20210620 22:15:28.712" endtime="20210620 22:15:28.728"/>
</kw>
<kw name="Wait Until Element Is Visible" library="SeleniumLibrary">
<arg>${PASSWORD_FIELD}</arg>
<doc>Waits until the element ``locator`` is visible.</doc>
<status status="PASS" starttime="20210620 22:15:28.728" endtime="20210620 22:15:28.745"/>
</kw>
<kw name="Element Should Be Visible" library="SeleniumLibrary">
<arg>${PASSWORD_FIELD}</arg>
<doc>Verifies that the element identified by ``locator`` is visible.</doc>
<msg timestamp="20210620 22:15:28.759" level="INFO">Element '//*[@id="password"]' is displayed.</msg>
<status status="PASS" starttime="20210620 22:15:28.745" endtime="20210620 22:15:28.760"/>
</kw>
<status status="PASS" starttime="20210620 22:15:28.695" endtime="20210620 22:15:28.760"/>
</kw>
<kw name="WHEN Input Username And Password" library="login_steps">
<arg>${username}</arg>
<arg>${password}</arg>
<kw name="Input Username" library="login_pages">
<arg>${username}</arg>
<kw name="Wait Until Element Is Enabled" library="SeleniumLibrary">
<arg>${USERNAME_FIELD}</arg>
<doc>Waits until the element ``locator`` is enabled.</doc>
<status status="PASS" starttime="20210620 22:15:28.762" endtime="20210620 22:15:28.781"/>
</kw>
<kw name="Input Text" library="SeleniumLibrary">
<arg>${USERNAME_FIELD}</arg>
<arg>${username}</arg>
<doc>Types the given ``text`` into the text field identified by ``locator``.</doc>
<msg timestamp="20210620 22:15:28.782" level="INFO">Typing text 'qwerty' into text field '//*[@id="user-name"]'.</msg>
<status status="PASS" starttime="20210620 22:15:28.781" endtime="20210620 22:15:28.967"/>
</kw>
<status status="PASS" starttime="20210620 22:15:28.761" endtime="20210620 22:15:28.967"/>
</kw>
<kw name="Login Button Should Be Enabled" library="login_pages">
<kw name="Wait Until Element Is Enabled" library="SeleniumLibrary">
<arg>${LOGIN_BUTTON}</arg>
<doc>Waits until the element ``locator`` is enabled.</doc>
<status status="PASS" starttime="20210620 22:15:28.968" endtime="20210620 22:15:28.992"/>
</kw>
<kw name="Element Should Be Enabled" library="SeleniumLibrary">
<arg>${LOGIN_BUTTON}</arg>
<doc>Verifies that element identified by ``locator`` is enabled.</doc>
<status status="PASS" starttime="20210620 22:15:28.993" endtime="20210620 22:15:29.013"/>
</kw>
<status status="PASS" starttime="20210620 22:15:28.968" endtime="20210620 22:15:29.013"/>
</kw>
<kw name="Input Pass" library="login_pages">
<arg>${password}</arg>
<kw name="Wait Until Element Is Enabled" library="SeleniumLibrary">
<arg>${PASSWORD_FIELD}</arg>
<doc>Waits until the element ``locator`` is enabled.</doc>
<status status="PASS" starttime="20210620 22:15:29.014" endtime="20210620 22:15:29.033"/>
</kw>
<kw name="Input Text" library="SeleniumLibrary">
<arg>${PASSWORD_FIELD}</arg>
<arg>${password}</arg>
<doc>Types the given ``text`` into the text field identified by ``locator``.</doc>
<msg timestamp="20210620 22:15:29.034" level="INFO">Typing text 'qwerty' into text field '//*[@id="password"]'.</msg>
<status status="PASS" starttime="20210620 22:15:29.033" endtime="20210620 22:15:29.168"/>
</kw>
<status status="PASS" starttime="20210620 22:15:29.013" endtime="20210620 22:15:29.168"/>
</kw>
<kw name="Click Login Button" library="login_pages">
<kw name="Wait Until Element Is Enabled" library="SeleniumLibrary">
<arg>${LOGIN_BUTTON}</arg>
<doc>Waits until the element ``locator`` is enabled.</doc>
<status status="PASS" starttime="20210620 22:15:29.169" endtime="20210620 22:15:29.190"/>
</kw>
<kw name="Click Element" library="SeleniumLibrary">
<arg>${LOGIN_BUTTON}</arg>
<doc>Click the element identified by ``locator``.</doc>
<msg timestamp="20210620 22:15:29.191" level="INFO">Clicking element '//*[@id="login-button"]'.</msg>
<status status="PASS" starttime="20210620 22:15:29.191" endtime="20210620 22:15:29.224"/>
</kw>
<status status="PASS" starttime="20210620 22:15:29.168" endtime="20210620 22:15:29.224"/>
</kw>
<status status="PASS" starttime="20210620 22:15:28.760" endtime="20210620 22:15:29.225"/>
</kw>
<kw name="THEN Error Message Displayed" library="login_pages">
<kw name="Wait Until Element Is Visible" library="SeleniumLibrary">
<arg>${ERROR_MESSAGE}</arg>
<doc>Waits until the element ``locator`` is visible.</doc>
<status status="PASS" starttime="20210620 22:15:29.225" endtime="20210620 22:15:29.270"/>
</kw>
<kw name="Element Should Be Visible" library="SeleniumLibrary">
<arg>${ERROR_MESSAGE}</arg>
<doc>Verifies that the element identified by ``locator`` is visible.</doc>
<msg timestamp="20210620 22:15:29.286" level="INFO">Element '//*[@id="login_button_container"]/div/form/div[3]' is displayed.</msg>
<status status="PASS" starttime="20210620 22:15:29.270" endtime="20210620 22:15:29.287"/>
</kw>
<status status="PASS" starttime="20210620 22:15:29.225" endtime="20210620 22:15:29.287"/>
</kw>
<status status="PASS" starttime="20210620 22:15:28.695" endtime="20210620 22:15:29.287"/>
</kw>
<kw name="Close Browser" library="SeleniumLibrary" type="TEARDOWN">
<doc>Closes the current browser.</doc>
<status status="PASS" starttime="20210620 22:15:29.287" endtime="20210620 22:15:29.418"/>
</kw>
<status status="PASS" starttime="20210620 22:15:23.965" endtime="20210620 22:15:29.418"/>
</test>
<status status="FAIL" starttime="20210620 22:15:12.912" endtime="20210620 22:15:29.422"/>
</suite>
<statistics>
<total>
<stat pass="1" fail="1" skip="0">All Tests</stat>
</total>
<tag>
</tag>
<suite>
<stat pass="1" fail="1" skip="0" id="s1" name="Login Tests">Login Tests</stat>
</suite>
</statistics>
<errors>
</errors>
</robot>
