<?xml version="1.0" encoding="UTF-8"?>
<robot generator="Robot 4.0.3 (Python 3.7.5 on darwin)" generated="20210620 22:13:47.617" rpa="false" schemaversion="2">
<suite id="s1" name="Login Tests" source="/Users/pavanmudigonda/Documents/GitHub/RFW-Automation/tests/login_tests.robot">
<test id="s1-t1" name="Valid Login">
<kw name="Open Login Page Using Chrome Browser" library="resources" type="SETUP">
<kw name="Open Browser" library="SeleniumLibrary">
<arg>${LOGIN_PAGE}</arg>
<arg>Chrome</arg>
<doc>Opens a new browser instance to the optional ``url``.</doc>
<msg timestamp="20210620 22:13:47.832" level="INFO">Opening browser 'Chrome' to base url 'https://www.saucedemo.com/'.</msg>
<status status="PASS" starttime="20210620 22:13:47.831" endtime="20210620 22:13:51.222"/>
</kw>
<kw name="Maximize Browser Window" library="SeleniumLibrary">
<doc>Maximizes current browser window.</doc>
<status status="PASS" starttime="20210620 22:13:51.225" endtime="20210620 22:13:51.372"/>
</kw>
<status status="PASS" starttime="20210620 22:13:47.831" endtime="20210620 22:13:51.372"/>
</kw>
<kw name="GIVEN Login Page Opened" library="login_pages">
<kw name="Wait Until Element Is Visible" library="SeleniumLibrary">
<arg>${USERNAME_FIELD}</arg>
<doc>Waits until the element ``locator`` is visible.</doc>
<status status="PASS" starttime="20210620 22:13:51.373" endtime="20210620 22:13:51.416"/>
</kw>
<kw name="Element Should Be Visible" library="SeleniumLibrary">
<arg>${USERNAME_FIELD}</arg>
<doc>Verifies that the element identified by ``locator`` is visible.</doc>
<msg timestamp="20210620 22:13:51.443" level="INFO">Element '//*[@id="user-name"]' is displayed.</msg>
<status status="PASS" starttime="20210620 22:13:51.416" endtime="20210620 22:13:51.443"/>
</kw>
<kw name="Wait Until Element Is Visible" library="SeleniumLibrary">
<arg>${PASSWORD_FIELD}</arg>
<doc>Waits until the element ``locator`` is visible.</doc>
<status status="PASS" starttime="20210620 22:13:51.443" endtime="20210620 22:13:51.468"/>
</kw>
<kw name="Element Should Be Visible" library="SeleniumLibrary">
<arg>${PASSWORD_FIELD}</arg>
<doc>Verifies that the element identified by ``locator`` is visible.</doc>
<msg timestamp="20210620 22:13:51.484" level="INFO">Element '//*[@id="password"]' is displayed.</msg>
<status status="PASS" starttime="20210620 22:13:51.468" endtime="20210620 22:13:51.484"/>
</kw>
<status status="PASS" starttime="20210620 22:13:51.373" endtime="20210620 22:13:51.485"/>
</kw>
<kw name="WHEN Input Username And Password" library="login_steps">
<arg>${valid_username}</arg>
<arg>${valid_password}</arg>
<kw name="Input Username" library="login_pages">
<arg>${username}</arg>
<kw name="Wait Until Element Is Enabled" library="SeleniumLibrary">
<arg>${USERNAME_FIELD}</arg>
<doc>Waits until the element ``locator`` is enabled.</doc>
<status status="PASS" starttime="20210620 22:13:51.487" endtime="20210620 22:13:51.507"/>
</kw>
<kw name="Input Text" library="SeleniumLibrary">
<arg>${USERNAME_FIELD}</arg>
<arg>${username}</arg>
<doc>Types the given ``text`` into the text field identified by ``locator``.</doc>
<msg timestamp="20210620 22:13:51.508" level="INFO">Typing text 'standard_user' into text field '//*[@id="user-name"]'.</msg>
<status status="PASS" starttime="20210620 22:13:51.507" endtime="20210620 22:13:51.830"/>
</kw>
<status status="PASS" starttime="20210620 22:13:51.486" endtime="20210620 22:13:51.831"/>
</kw>
<kw name="Login Button Should Be Enabled" library="login_pages">
<kw name="Wait Until Element Is Enabled" library="SeleniumLibrary">
<arg>${LOGIN_BUTTON}</arg>
<doc>Waits until the element ``locator`` is enabled.</doc>
<status status="PASS" starttime="20210620 22:13:51.832" endtime="20210620 22:13:51.872"/>
</kw>
<kw name="Element Should Be Enabled" library="SeleniumLibrary">
<arg>${LOGIN_BUTTON}</arg>
<doc>Verifies that element identified by ``locator`` is enabled.</doc>
<status status="PASS" starttime="20210620 22:13:51.872" endtime="20210620 22:13:51.895"/>
</kw>
<status status="PASS" starttime="20210620 22:13:51.831" endtime="20210620 22:13:51.896"/>
</kw>
<kw name="Input Pass" library="login_pages">
<arg>${password}</arg>
<kw name="Wait Until Element Is Enabled" library="SeleniumLibrary">
<arg>${PASSWORD_FIELD}</arg>
<doc>Waits until the element ``locator`` is enabled.</doc>
<status status="PASS" starttime="20210620 22:13:51.897" endtime="20210620 22:13:51.926"/>
</kw>
<kw name="Input Text" library="SeleniumLibrary">
<arg>${PASSWORD_FIELD}</arg>
<arg>${password}</arg>
<doc>Types the given ``text`` into the text field identified by ``locator``.</doc>
<msg timestamp="20210620 22:13:51.926" level="INFO">Typing text 'secret_sauce' into text field '//*[@id="password"]'.</msg>
<status status="PASS" starttime="20210620 22:13:51.926" endtime="20210620 22:13:52.032"/>
</kw>
<status status="PASS" starttime="20210620 22:13:51.896" endtime="20210620 22:13:52.033"/>
</kw>
<kw name="Show Password Button Should Be Visible">
<msg timestamp="20210620 22:13:52.040" level="FAIL">No keyword with name 'Show Password Button Should Be Visible' found.</msg>
<status status="FAIL" starttime="20210620 22:13:52.040" endtime="20210620 22:13:52.040"/>
</kw>
<kw name="Click Login Button" library="login_pages">
<status status="NOT RUN" starttime="20210620 22:13:52.040" endtime="20210620 22:13:52.040"/>
</kw>
<status status="FAIL" starttime="20210620 22:13:51.485" endtime="20210620 22:13:52.040"/>
</kw>
<kw name="THEN Home Page Opened" library="home_pages">
<status status="NOT RUN" starttime="20210620 22:13:52.041" endtime="20210620 22:13:52.041"/>
</kw>
<kw name="Close Browser" library="SeleniumLibrary" type="TEARDOWN">
<doc>Closes the current browser.</doc>
<status status="PASS" starttime="20210620 22:13:52.041" endtime="20210620 22:13:52.199"/>
</kw>
<status status="FAIL" starttime="20210620 22:13:47.830" endtime="20210620 22:13:52.199">No keyword with name 'Show Password Button Should Be Visible' found.</status>
</test>
<test id="s1-t2" name="Invalid Login">
<kw name="Open Login Page Using Chrome Browser" library="resources" type="SETUP">
<kw name="Open Browser" library="SeleniumLibrary">
<arg>${LOGIN_PAGE}</arg>
<arg>Chrome</arg>
<doc>Opens a new browser instance to the optional ``url``.</doc>
<msg timestamp="20210620 22:13:52.203" level="INFO">Opening browser 'Chrome' to base url 'https://www.saucedemo.com/'.</msg>
<status status="PASS" starttime="20210620 22:13:52.203" endtime="20210620 22:13:55.174"/>
</kw>
<kw name="Maximize Browser Window" library="SeleniumLibrary">
<doc>Maximizes current browser window.</doc>
<status status="PASS" starttime="20210620 22:13:55.175" endtime="20210620 22:13:55.328"/>
</kw>
<status status="PASS" starttime="20210620 22:13:52.202" endtime="20210620 22:13:55.329"/>
</kw>
<kw name="Login with Invalid Credentials">
<arg>${valid_username}</arg>
<arg>${invalid_data}</arg>
<kw name="GIVEN Login Page Opened" library="login_pages">
<kw name="Wait Until Element Is Visible" library="SeleniumLibrary">
<arg>${USERNAME_FIELD}</arg>
<doc>Waits until the element ``locator`` is visible.</doc>
<status status="PASS" starttime="20210620 22:13:55.331" endtime="20210620 22:13:55.360"/>
</kw>
<kw name="Element Should Be Visible" library="SeleniumLibrary">
<arg>${USERNAME_FIELD}</arg>
<doc>Verifies that the element identified by ``locator`` is visible.</doc>
<msg timestamp="20210620 22:13:55.385" level="INFO">Element '//*[@id="user-name"]' is displayed.</msg>
<status status="PASS" starttime="20210620 22:13:55.360" endtime="20210620 22:13:55.386"/>
</kw>
<kw name="Wait Until Element Is Visible" library="SeleniumLibrary">
<arg>${PASSWORD_FIELD}</arg>
<doc>Waits until the element ``locator`` is visible.</doc>
<status status="PASS" starttime="20210620 22:13:55.386" endtime="20210620 22:13:55.415"/>
</kw>
<kw name="Element Should Be Visible" library="SeleniumLibrary">
<arg>${PASSWORD_FIELD}</arg>
<doc>Verifies that the element identified by ``locator`` is visible.</doc>
<msg timestamp="20210620 22:13:55.431" level="INFO">Element '//*[@id="password"]' is displayed.</msg>
<status status="PASS" starttime="20210620 22:13:55.416" endtime="20210620 22:13:55.431"/>
</kw>
<status status="PASS" starttime="20210620 22:13:55.331" endtime="20210620 22:13:55.432"/>
</kw>
<kw name="WHEN Input Username And Password" library="login_steps">
<arg>${username}</arg>
<arg>${password}</arg>
<kw name="Input Username" library="login_pages">
<arg>${username}</arg>
<kw name="Wait Until Element Is Enabled" library="SeleniumLibrary">
<arg>${USERNAME_FIELD}</arg>
<doc>Waits until the element ``locator`` is enabled.</doc>
<status status="PASS" starttime="20210620 22:13:55.433" endtime="20210620 22:13:55.458"/>
</kw>
<kw name="Input Text" library="SeleniumLibrary">
<arg>${USERNAME_FIELD}</arg>
<arg>${username}</arg>
<doc>Types the given ``text`` into the text field identified by ``locator``.</doc>
<msg timestamp="20210620 22:13:55.459" level="INFO">Typing text 'standard_user' into text field '//*[@id="user-name"]'.</msg>
<status status="PASS" starttime="20210620 22:13:55.459" endtime="20210620 22:13:55.670"/>
</kw>
<status status="PASS" starttime="20210620 22:13:55.433" endtime="20210620 22:13:55.670"/>
</kw>
<kw name="Login Button Should Be Enabled" library="login_pages">
<kw name="Wait Until Element Is Enabled" library="SeleniumLibrary">
<arg>${LOGIN_BUTTON}</arg>
<doc>Waits until the element ``locator`` is enabled.</doc>
<status status="PASS" starttime="20210620 22:13:55.671" endtime="20210620 22:13:55.706"/>
</kw>
<kw name="Element Should Be Enabled" library="SeleniumLibrary">
<arg>${LOGIN_BUTTON}</arg>
<doc>Verifies that element identified by ``locator`` is enabled.</doc>
<status status="PASS" starttime="20210620 22:13:55.706" endtime="20210620 22:13:55.728"/>
</kw>
<status status="PASS" starttime="20210620 22:13:55.670" endtime="20210620 22:13:55.729"/>
</kw>
<kw name="Input Pass" library="login_pages">
<arg>${password}</arg>
<kw name="Wait Until Element Is Enabled" library="SeleniumLibrary">
<arg>${PASSWORD_FIELD}</arg>
<doc>Waits until the element ``locator`` is enabled.</doc>
<status status="PASS" starttime="20210620 22:13:55.730" endtime="20210620 22:13:55.754"/>
</kw>
<kw name="Input Text" library="SeleniumLibrary">
<arg>${PASSWORD_FIELD}</arg>
<arg>${password}</arg>
<doc>Types the given ``text`` into the text field identified by ``locator``.</doc>
<msg timestamp="20210620 22:13:55.754" level="INFO">Typing text 'qwerty' into text field '//*[@id="password"]'.</msg>
<status status="PASS" starttime="20210620 22:13:55.754" endtime="20210620 22:13:55.889"/>
</kw>
<status status="PASS" starttime="20210620 22:13:55.729" endtime="20210620 22:13:55.889"/>
</kw>
<kw name="Show Password Button Should Be Visible">
<msg timestamp="20210620 22:13:55.895" level="FAIL">No keyword with name 'Show Password Button Should Be Visible' found.</msg>
<status status="FAIL" starttime="20210620 22:13:55.895" endtime="20210620 22:13:55.895"/>
</kw>
<kw name="Click Login Button" library="login_pages">
<status status="NOT RUN" starttime="20210620 22:13:55.896" endtime="20210620 22:13:55.896"/>
</kw>
<status status="FAIL" starttime="20210620 22:13:55.432" endtime="20210620 22:13:55.896"/>
</kw>
<kw name="THEN Error Message Displayed" library="login_pages">
<status status="NOT RUN" starttime="20210620 22:13:55.896" endtime="20210620 22:13:55.896"/>
</kw>
<status status="FAIL" starttime="20210620 22:13:55.329" endtime="20210620 22:13:55.897"/>
</kw>
<kw name="Login with Invalid Credentials">
<arg>${invalid_data}</arg>
<arg>${valid_password}</arg>
<kw name="GIVEN Login Page Opened" library="login_pages">
<kw name="Wait Until Element Is Visible" library="SeleniumLibrary">
<arg>${USERNAME_FIELD}</arg>
<doc>Waits until the element ``locator`` is visible.</doc>
<status status="PASS" starttime="20210620 22:13:55.899" endtime="20210620 22:13:55.924"/>
</kw>
<kw name="Element Should Be Visible" library="SeleniumLibrary">
<arg>${USERNAME_FIELD}</arg>
<doc>Verifies that the element identified by ``locator`` is visible.</doc>
<msg timestamp="20210620 22:13:55.945" level="INFO">Element '//*[@id="user-name"]' is displayed.</msg>
<status status="PASS" starttime="20210620 22:13:55.924" endtime="20210620 22:13:55.945"/>
</kw>
<kw name="Wait Until Element Is Visible" library="SeleniumLibrary">
<arg>${PASSWORD_FIELD}</arg>
<doc>Waits until the element ``locator`` is visible.</doc>
<status status="PASS" starttime="20210620 22:13:55.946" endtime="20210620 22:13:55.966"/>
</kw>
<kw name="Element Should Be Visible" library="SeleniumLibrary">
<arg>${PASSWORD_FIELD}</arg>
<doc>Verifies that the element identified by ``locator`` is visible.</doc>
<msg timestamp="20210620 22:13:55.982" level="INFO">Element '//*[@id="password"]' is displayed.</msg>
<status status="PASS" starttime="20210620 22:13:55.966" endtime="20210620 22:13:55.982"/>
</kw>
<status status="PASS" starttime="20210620 22:13:55.898" endtime="20210620 22:13:55.982"/>
</kw>
<kw name="WHEN Input Username And Password" library="login_steps">
<arg>${username}</arg>
<arg>${password}</arg>
<kw name="Input Username" library="login_pages">
<arg>${username}</arg>
<kw name="Wait Until Element Is Enabled" library="SeleniumLibrary">
<arg>${USERNAME_FIELD}</arg>
<doc>Waits until the element ``locator`` is enabled.</doc>
<status status="PASS" starttime="20210620 22:13:55.985" endtime="20210620 22:13:56.003"/>
</kw>
<kw name="Input Text" library="SeleniumLibrary">
<arg>${USERNAME_FIELD}</arg>
<arg>${username}</arg>
<doc>Types the given ``text`` into the text field identified by ``locator``.</doc>
<msg timestamp="20210620 22:13:56.004" level="INFO">Typing text 'qwerty' into text field '//*[@id="user-name"]'.</msg>
<status status="PASS" starttime="20210620 22:13:56.003" endtime="20210620 22:13:56.163"/>
</kw>
<status status="PASS" starttime="20210620 22:13:55.984" endtime="20210620 22:13:56.164"/>
</kw>
<kw name="Login Button Should Be Enabled" library="login_pages">
<kw name="Wait Until Element Is Enabled" library="SeleniumLibrary">
<arg>${LOGIN_BUTTON}</arg>
<doc>Waits until the element ``locator`` is enabled.</doc>
<status status="PASS" starttime="20210620 22:13:56.165" endtime="20210620 22:13:56.189"/>
</kw>
<kw name="Element Should Be Enabled" library="SeleniumLibrary">
<arg>${LOGIN_BUTTON}</arg>
<doc>Verifies that element identified by ``locator`` is enabled.</doc>
<status status="PASS" starttime="20210620 22:13:56.189" endtime="20210620 22:13:56.208"/>
</kw>
<status status="PASS" starttime="20210620 22:13:56.164" endtime="20210620 22:13:56.208"/>
</kw>
<kw name="Input Pass" library="login_pages">
<arg>${password}</arg>
<kw name="Wait Until Element Is Enabled" library="SeleniumLibrary">
<arg>${PASSWORD_FIELD}</arg>
<doc>Waits until the element ``locator`` is enabled.</doc>
<status status="PASS" starttime="20210620 22:13:56.209" endtime="20210620 22:13:56.228"/>
</kw>
<kw name="Input Text" library="SeleniumLibrary">
<arg>${PASSWORD_FIELD}</arg>
<arg>${password}</arg>
<doc>Types the given ``text`` into the text field identified by ``locator``.</doc>
<msg timestamp="20210620 22:13:56.228" level="INFO">Typing text 'secret_sauce' into text field '//*[@id="password"]'.</msg>
<status status="PASS" starttime="20210620 22:13:56.228" endtime="20210620 22:13:56.369"/>
</kw>
<status status="PASS" starttime="20210620 22:13:56.208" endtime="20210620 22:13:56.369"/>
</kw>
<kw name="Show Password Button Should Be Visible">
<msg timestamp="20210620 22:13:56.374" level="FAIL">No keyword with name 'Show Password Button Should Be Visible' found.</msg>
<status status="FAIL" starttime="20210620 22:13:56.374" endtime="20210620 22:13:56.374"/>
</kw>
<kw name="Click Login Button" library="login_pages">
<status status="NOT RUN" starttime="20210620 22:13:56.374" endtime="20210620 22:13:56.375"/>
</kw>
<status status="FAIL" starttime="20210620 22:13:55.983" endtime="20210620 22:13:56.375"/>
</kw>
<kw name="THEN Error Message Displayed" library="login_pages">
<status status="NOT RUN" starttime="20210620 22:13:56.375" endtime="20210620 22:13:56.375"/>
</kw>
<status status="FAIL" starttime="20210620 22:13:55.897" endtime="20210620 22:13:56.375"/>
</kw>
<kw name="Login with Invalid Credentials">
<arg>${invalid_data}</arg>
<arg>${invalid_data}</arg>
<kw name="GIVEN Login Page Opened" library="login_pages">
<kw name="Wait Until Element Is Visible" library="SeleniumLibrary">
<arg>${USERNAME_FIELD}</arg>
<doc>Waits until the element ``locator`` is visible.</doc>
<status status="PASS" starttime="20210620 22:13:56.376" endtime="20210620 22:13:56.395"/>
</kw>
<kw name="Element Should Be Visible" library="SeleniumLibrary">
<arg>${USERNAME_FIELD}</arg>
<doc>Verifies that the element identified by ``locator`` is visible.</doc>
<msg timestamp="20210620 22:13:56.411" level="INFO">Element '//*[@id="user-name"]' is displayed.</msg>
<status status="PASS" starttime="20210620 22:13:56.395" endtime="20210620 22:13:56.411"/>
</kw>
<kw name="Wait Until Element Is Visible" library="SeleniumLibrary">
<arg>${PASSWORD_FIELD}</arg>
<doc>Waits until the element ``locator`` is visible.</doc>
<status status="PASS" starttime="20210620 22:13:56.411" endtime="20210620 22:13:56.428"/>
</kw>
<kw name="Element Should Be Visible" library="SeleniumLibrary">
<arg>${PASSWORD_FIELD}</arg>
<doc>Verifies that the element identified by ``locator`` is visible.</doc>
<msg timestamp="20210620 22:13:56.444" level="INFO">Element '//*[@id="password"]' is displayed.</msg>
<status status="PASS" starttime="20210620 22:13:56.429" endtime="20210620 22:13:56.445"/>
</kw>
<status status="PASS" starttime="20210620 22:13:56.376" endtime="20210620 22:13:56.445"/>
</kw>
<kw name="WHEN Input Username And Password" library="login_steps">
<arg>${username}</arg>
<arg>${password}</arg>
<kw name="Input Username" library="login_pages">
<arg>${username}</arg>
<kw name="Wait Until Element Is Enabled" library="SeleniumLibrary">
<arg>${USERNAME_FIELD}</arg>
<doc>Waits until the element ``locator`` is enabled.</doc>
<status status="PASS" starttime="20210620 22:13:56.446" endtime="20210620 22:13:56.464"/>
</kw>
<kw name="Input Text" library="SeleniumLibrary">
<arg>${USERNAME_FIELD}</arg>
<arg>${username}</arg>
<doc>Types the given ``text`` into the text field identified by ``locator``.</doc>
<msg timestamp="20210620 22:13:56.465" level="INFO">Typing text 'qwerty' into text field '//*[@id="user-name"]'.</msg>
<status status="PASS" starttime="20210620 22:13:56.464" endtime="20210620 22:13:56.608"/>
</kw>
<status status="PASS" starttime="20210620 22:13:56.446" endtime="20210620 22:13:56.609"/>
</kw>
<kw name="Login Button Should Be Enabled" library="login_pages">
<kw name="Wait Until Element Is Enabled" library="SeleniumLibrary">
<arg>${LOGIN_BUTTON}</arg>
<doc>Waits until the element ``locator`` is enabled.</doc>
<status status="PASS" starttime="20210620 22:13:56.609" endtime="20210620 22:13:56.633"/>
</kw>
<kw name="Element Should Be Enabled" library="SeleniumLibrary">
<arg>${LOGIN_BUTTON}</arg>
<doc>Verifies that element identified by ``locator`` is enabled.</doc>
<status status="PASS" starttime="20210620 22:13:56.633" endtime="20210620 22:13:56.654"/>
</kw>
<status status="PASS" starttime="20210620 22:13:56.609" endtime="20210620 22:13:56.654"/>
</kw>
<kw name="Input Pass" library="login_pages">
<arg>${password}</arg>
<kw name="Wait Until Element Is Enabled" library="SeleniumLibrary">
<arg>${PASSWORD_FIELD}</arg>
<doc>Waits until the element ``locator`` is enabled.</doc>
<status status="PASS" starttime="20210620 22:13:56.654" endtime="20210620 22:13:56.674"/>
</kw>
<kw name="Input Text" library="SeleniumLibrary">
<arg>${PASSWORD_FIELD}</arg>
<arg>${password}</arg>
<doc>Types the given ``text`` into the text field identified by ``locator``.</doc>
<msg timestamp="20210620 22:13:56.674" level="INFO">Typing text 'qwerty' into text field '//*[@id="password"]'.</msg>
<status status="PASS" starttime="20210620 22:13:56.674" endtime="20210620 22:13:56.796"/>
</kw>
<status status="PASS" starttime="20210620 22:13:56.654" endtime="20210620 22:13:56.796"/>
</kw>
<kw name="Show Password Button Should Be Visible">
<msg timestamp="20210620 22:13:56.802" level="FAIL">No keyword with name 'Show Password Button Should Be Visible' found.</msg>
<status status="FAIL" starttime="20210620 22:13:56.802" endtime="20210620 22:13:56.802"/>
</kw>
<kw name="Click Login Button" library="login_pages">
<status status="NOT RUN" starttime="20210620 22:13:56.802" endtime="20210620 22:13:56.802"/>
</kw>
<status status="FAIL" starttime="20210620 22:13:56.445" endtime="20210620 22:13:56.803"/>
</kw>
<kw name="THEN Error Message Displayed" library="login_pages">
<status status="NOT RUN" starttime="20210620 22:13:56.803" endtime="20210620 22:13:56.803"/>
</kw>
<status status="FAIL" starttime="20210620 22:13:56.375" endtime="20210620 22:13:56.803"/>
</kw>
<kw name="Close Browser" library="SeleniumLibrary" type="TEARDOWN">
<doc>Closes the current browser.</doc>
<status status="PASS" starttime="20210620 22:13:56.803" endtime="20210620 22:13:56.921"/>
</kw>
<status status="FAIL" starttime="20210620 22:13:52.200" endtime="20210620 22:13:56.921">Several failures occurred:

1) No keyword with name 'Show Password Button Should Be Visible' found.

2) No keyword with name 'Show Password Button Should Be Visible' found.

3) No keyword with name 'Show Password Button Should Be Visible' found.</status>
</test>
<status status="FAIL" starttime="20210620 22:13:47.619" endtime="20210620 22:13:56.923"/>
</suite>
<statistics>
<total>
<stat pass="0" fail="2" skip="0">All Tests</stat>
</total>
<tag>
</tag>
<suite>
<stat pass="0" fail="2" skip="0" id="s1" name="Login Tests">Login Tests</stat>
</suite>
</statistics>
<errors>
</errors>
</robot>
