<?xml version="1.0" encoding="UTF-8"?>
<robot generator="Robot 4.0.3 (Python 3.7.5 on darwin)" generated="20210621 09:47:20.097" rpa="false" schemaversion="2">
<suite id="s1" name="Login Tests" source="/Users/pavanmudigonda/Documents/GitHub/RFW-Automation/tests/login_tests.robot">
<test id="s1-t1" name="Valid Login">
<kw name="Open Login Page Using Chrome Browser" library="resources" type="SETUP">
<kw name="Open Browser" library="SeleniumLibrary">
<arg>${LOGIN_PAGE}</arg>
<arg>Chrome</arg>
<doc>Opens a new browser instance to the optional ``url``.</doc>
<msg timestamp="20210621 09:47:20.566" level="INFO">Opening browser 'Chrome' to base url 'https://www.saucedemo.com/'.</msg>
<status status="PASS" starttime="20210621 09:47:20.565" endtime="20210621 09:47:24.608"/>
</kw>
<kw name="Maximize Browser Window" library="SeleniumLibrary">
<doc>Maximizes current browser window.</doc>
<status status="PASS" starttime="20210621 09:47:24.608" endtime="20210621 09:47:24.750"/>
</kw>
<status status="PASS" starttime="20210621 09:47:20.565" endtime="20210621 09:47:24.750"/>
</kw>
<kw name="GIVEN Login Page Opened" library="login_pages">
<kw name="Wait Until Element Is Visible" library="SeleniumLibrary">
<arg>${USERNAME_FIELD}</arg>
<doc>Waits until the element ``locator`` is visible.</doc>
<status status="PASS" starttime="20210621 09:47:24.751" endtime="20210621 09:47:24.788"/>
</kw>
<kw name="Element Should Be Visible" library="SeleniumLibrary">
<arg>${USERNAME_FIELD}</arg>
<doc>Verifies that the element identified by ``locator`` is visible.</doc>
<msg timestamp="20210621 09:47:24.817" level="INFO">Element '//*[@id="user-name"]' is displayed.</msg>
<status status="PASS" starttime="20210621 09:47:24.788" endtime="20210621 09:47:24.817"/>
</kw>
<kw name="Wait Until Element Is Visible" library="SeleniumLibrary">
<arg>${PASSWORD_FIELD}</arg>
<doc>Waits until the element ``locator`` is visible.</doc>
<status status="PASS" starttime="20210621 09:47:24.817" endtime="20210621 09:47:24.841"/>
</kw>
<kw name="Element Should Be Visible" library="SeleniumLibrary">
<arg>${PASSWORD_FIELD}</arg>
<doc>Verifies that the element identified by ``locator`` is visible.</doc>
<msg timestamp="20210621 09:47:24.861" level="INFO">Element '//*[@id="password"]' is displayed.</msg>
<status status="PASS" starttime="20210621 09:47:24.842" endtime="20210621 09:47:24.861"/>
</kw>
<status status="PASS" starttime="20210621 09:47:24.751" endtime="20210621 09:47:24.862"/>
</kw>
<kw name="WHEN Input Username And Password" library="login_steps">
<arg>${valid_username}</arg>
<arg>${valid_password}</arg>
<kw name="Input Username" library="login_pages">
<arg>${username}</arg>
<kw name="Wait Until Element Is Enabled" library="SeleniumLibrary">
<arg>${USERNAME_FIELD}</arg>
<doc>Waits until the element ``locator`` is enabled.</doc>
<status status="PASS" starttime="20210621 09:47:24.863" endtime="20210621 09:47:24.897"/>
</kw>
<kw name="Input Text" library="SeleniumLibrary">
<arg>${USERNAME_FIELD}</arg>
<arg>${username}</arg>
<doc>Types the given ``text`` into the text field identified by ``locator``.</doc>
<msg timestamp="20210621 09:47:24.897" level="INFO">Typing text 'standard_user' into text field '//*[@id="user-name"]'.</msg>
<status status="PASS" starttime="20210621 09:47:24.897" endtime="20210621 09:47:25.201"/>
</kw>
<status status="PASS" starttime="20210621 09:47:24.863" endtime="20210621 09:47:25.201"/>
</kw>
<kw name="Login Button Should Be Enabled" library="login_pages">
<kw name="Wait Until Element Is Enabled" library="SeleniumLibrary">
<arg>${LOGIN_BUTTON}</arg>
<doc>Waits until the element ``locator`` is enabled.</doc>
<status status="PASS" starttime="20210621 09:47:25.202" endtime="20210621 09:47:25.232"/>
</kw>
<kw name="Element Should Be Enabled" library="SeleniumLibrary">
<arg>${LOGIN_BUTTON}</arg>
<doc>Verifies that element identified by ``locator`` is enabled.</doc>
<status status="PASS" starttime="20210621 09:47:25.233" endtime="20210621 09:47:25.252"/>
</kw>
<status status="PASS" starttime="20210621 09:47:25.201" endtime="20210621 09:47:25.253"/>
</kw>
<kw name="Input Pass" library="login_pages">
<arg>${password}</arg>
<kw name="Wait Until Element Is Enabled" library="SeleniumLibrary">
<arg>${PASSWORD_FIELD}</arg>
<doc>Waits until the element ``locator`` is enabled.</doc>
<status status="PASS" starttime="20210621 09:47:25.254" endtime="20210621 09:47:25.274"/>
</kw>
<kw name="Input Text" library="SeleniumLibrary">
<arg>${PASSWORD_FIELD}</arg>
<arg>${password}</arg>
<doc>Types the given ``text`` into the text field identified by ``locator``.</doc>
<msg timestamp="20210621 09:47:25.275" level="INFO">Typing text 'secret_sauce' into text field '//*[@id="password"]'.</msg>
<status status="PASS" starttime="20210621 09:47:25.274" endtime="20210621 09:47:25.386"/>
</kw>
<status status="PASS" starttime="20210621 09:47:25.253" endtime="20210621 09:47:25.386"/>
</kw>
<kw name="Click Login Button" library="login_pages">
<kw name="Wait Until Element Is Enabled" library="SeleniumLibrary">
<arg>${LOGIN_BUTTON}</arg>
<doc>Waits until the element ``locator`` is enabled.</doc>
<status status="PASS" starttime="20210621 09:47:25.387" endtime="20210621 09:47:25.413"/>
</kw>
<kw name="Click Element" library="SeleniumLibrary">
<arg>${LOGIN_BUTTON}</arg>
<doc>Click the element identified by ``locator``.</doc>
<msg timestamp="20210621 09:47:25.413" level="INFO">Clicking element '//*[@id="login-button"]'.</msg>
<status status="PASS" starttime="20210621 09:47:25.413" endtime="20210621 09:47:25.727"/>
</kw>
<status status="PASS" starttime="20210621 09:47:25.386" endtime="20210621 09:47:25.728"/>
</kw>
<status status="PASS" starttime="20210621 09:47:24.862" endtime="20210621 09:47:25.728"/>
</kw>
<kw name="THEN Home Page Opened" library="home_pages">
<kw name="Wait Until Element Is Visible" library="SeleniumLibrary">
<arg>${PRODUCTS_HEADING}</arg>
<doc>Waits until the element ``locator`` is visible.</doc>
<status status="PASS" starttime="20210621 09:47:25.729" endtime="20210621 09:47:25.831"/>
</kw>
<kw name="Element Should Be Visible" library="SeleniumLibrary">
<arg>${PRODUCTS_HEADING}</arg>
<doc>Verifies that the element identified by ``locator`` is visible.</doc>
<msg timestamp="20210621 09:47:25.846" level="INFO">Element '//*[@id="header_container"]/div[2]/span' is displayed.</msg>
<status status="PASS" starttime="20210621 09:47:25.831" endtime="20210621 09:47:25.846"/>
</kw>
<status status="PASS" starttime="20210621 09:47:25.728" endtime="20210621 09:47:25.846"/>
</kw>
<kw name="Close Browser" library="SeleniumLibrary" type="TEARDOWN">
<doc>Closes the current browser.</doc>
<status status="PASS" starttime="20210621 09:47:25.847" endtime="20210621 09:47:26.002"/>
</kw>
<status status="PASS" starttime="20210621 09:47:20.564" endtime="20210621 09:47:26.002"/>
</test>
<test id="s1-t2" name="Invalid Login">
<kw name="Open Login Page Using Chrome Browser" library="resources" type="SETUP">
<kw name="Open Browser" library="SeleniumLibrary">
<arg>${LOGIN_PAGE}</arg>
<arg>Chrome</arg>
<doc>Opens a new browser instance to the optional ``url``.</doc>
<msg timestamp="20210621 09:47:26.007" level="INFO">Opening browser 'Chrome' to base url 'https://www.saucedemo.com/'.</msg>
<status status="PASS" starttime="20210621 09:47:26.007" endtime="20210621 09:47:29.011"/>
</kw>
<kw name="Maximize Browser Window" library="SeleniumLibrary">
<doc>Maximizes current browser window.</doc>
<status status="PASS" starttime="20210621 09:47:29.012" endtime="20210621 09:47:29.155"/>
</kw>
<status status="PASS" starttime="20210621 09:47:26.006" endtime="20210621 09:47:29.155"/>
</kw>
<kw name="Login with Invalid Credentials">
<arg>${valid_username}</arg>
<arg>${invalid_data}</arg>
<kw name="GIVEN Login Page Opened" library="login_pages">
<kw name="Wait Until Element Is Visible" library="SeleniumLibrary">
<arg>${USERNAME_FIELD}</arg>
<doc>Waits until the element ``locator`` is visible.</doc>
<status status="PASS" starttime="20210621 09:47:29.157" endtime="20210621 09:47:29.186"/>
</kw>
<kw name="Element Should Be Visible" library="SeleniumLibrary">
<arg>${USERNAME_FIELD}</arg>
<doc>Verifies that the element identified by ``locator`` is visible.</doc>
<msg timestamp="20210621 09:47:29.204" level="INFO">Element '//*[@id="user-name"]' is displayed.</msg>
<status status="PASS" starttime="20210621 09:47:29.186" endtime="20210621 09:47:29.205"/>
</kw>
<kw name="Wait Until Element Is Visible" library="SeleniumLibrary">
<arg>${PASSWORD_FIELD}</arg>
<doc>Waits until the element ``locator`` is visible.</doc>
<status status="PASS" starttime="20210621 09:47:29.205" endtime="20210621 09:47:29.226"/>
</kw>
<kw name="Element Should Be Visible" library="SeleniumLibrary">
<arg>${PASSWORD_FIELD}</arg>
<doc>Verifies that the element identified by ``locator`` is visible.</doc>
<msg timestamp="20210621 09:47:29.243" level="INFO">Element '//*[@id="password"]' is displayed.</msg>
<status status="PASS" starttime="20210621 09:47:29.227" endtime="20210621 09:47:29.243"/>
</kw>
<status status="PASS" starttime="20210621 09:47:29.156" endtime="20210621 09:47:29.243"/>
</kw>
<kw name="WHEN Input Username And Password" library="login_steps">
<arg>${username}</arg>
<arg>${password}</arg>
<kw name="Input Username" library="login_pages">
<arg>${username}</arg>
<kw name="Wait Until Element Is Enabled" library="SeleniumLibrary">
<arg>${USERNAME_FIELD}</arg>
<doc>Waits until the element ``locator`` is enabled.</doc>
<status status="PASS" starttime="20210621 09:47:29.245" endtime="20210621 09:47:29.276"/>
</kw>
<kw name="Input Text" library="SeleniumLibrary">
<arg>${USERNAME_FIELD}</arg>
<arg>${username}</arg>
<doc>Types the given ``text`` into the text field identified by ``locator``.</doc>
<msg timestamp="20210621 09:47:29.277" level="INFO">Typing text 'standard_user' into text field '//*[@id="user-name"]'.</msg>
<status status="PASS" starttime="20210621 09:47:29.277" endtime="20210621 09:47:29.525"/>
</kw>
<status status="PASS" starttime="20210621 09:47:29.245" endtime="20210621 09:47:29.526"/>
</kw>
<kw name="Login Button Should Be Enabled" library="login_pages">
<kw name="Wait Until Element Is Enabled" library="SeleniumLibrary">
<arg>${LOGIN_BUTTON}</arg>
<doc>Waits until the element ``locator`` is enabled.</doc>
<status status="PASS" starttime="20210621 09:47:29.526" endtime="20210621 09:47:29.562"/>
</kw>
<kw name="Element Should Be Enabled" library="SeleniumLibrary">
<arg>${LOGIN_BUTTON}</arg>
<doc>Verifies that element identified by ``locator`` is enabled.</doc>
<status status="PASS" starttime="20210621 09:47:29.562" endtime="20210621 09:47:29.584"/>
</kw>
<status status="PASS" starttime="20210621 09:47:29.526" endtime="20210621 09:47:29.585"/>
</kw>
<kw name="Input Pass" library="login_pages">
<arg>${password}</arg>
<kw name="Wait Until Element Is Enabled" library="SeleniumLibrary">
<arg>${PASSWORD_FIELD}</arg>
<doc>Waits until the element ``locator`` is enabled.</doc>
<status status="PASS" starttime="20210621 09:47:29.585" endtime="20210621 09:47:29.609"/>
</kw>
<kw name="Input Text" library="SeleniumLibrary">
<arg>${PASSWORD_FIELD}</arg>
<arg>${password}</arg>
<doc>Types the given ``text`` into the text field identified by ``locator``.</doc>
<msg timestamp="20210621 09:47:29.609" level="INFO">Typing text 'qwerty' into text field '//*[@id="password"]'.</msg>
<status status="PASS" starttime="20210621 09:47:29.609" endtime="20210621 09:47:29.701"/>
</kw>
<status status="PASS" starttime="20210621 09:47:29.585" endtime="20210621 09:47:29.701"/>
</kw>
<kw name="Click Login Button" library="login_pages">
<kw name="Wait Until Element Is Enabled" library="SeleniumLibrary">
<arg>${LOGIN_BUTTON}</arg>
<doc>Waits until the element ``locator`` is enabled.</doc>
<status status="PASS" starttime="20210621 09:47:29.702" endtime="20210621 09:47:29.731"/>
</kw>
<kw name="Click Element" library="SeleniumLibrary">
<arg>${LOGIN_BUTTON}</arg>
<doc>Click the element identified by ``locator``.</doc>
<msg timestamp="20210621 09:47:29.732" level="INFO">Clicking element '//*[@id="login-button"]'.</msg>
<status status="PASS" starttime="20210621 09:47:29.732" endtime="20210621 09:47:29.814"/>
</kw>
<status status="PASS" starttime="20210621 09:47:29.702" endtime="20210621 09:47:29.814"/>
</kw>
<status status="PASS" starttime="20210621 09:47:29.244" endtime="20210621 09:47:29.815"/>
</kw>
<kw name="THEN Error Message Displayed" library="login_pages">
<kw name="Wait Until Element Is Visible" library="SeleniumLibrary">
<arg>${ERROR_MESSAGE}</arg>
<doc>Waits until the element ``locator`` is visible.</doc>
<status status="PASS" starttime="20210621 09:47:29.816" endtime="20210621 09:47:29.880"/>
</kw>
<kw name="Element Should Be Visible" library="SeleniumLibrary">
<arg>${ERROR_MESSAGE}</arg>
<doc>Verifies that the element identified by ``locator`` is visible.</doc>
<msg timestamp="20210621 09:47:29.899" level="INFO">Element '//*[@id="login_button_container"]/div/form/div[3]' is displayed.</msg>
<status status="PASS" starttime="20210621 09:47:29.880" endtime="20210621 09:47:29.899"/>
</kw>
<status status="PASS" starttime="20210621 09:47:29.815" endtime="20210621 09:47:29.899"/>
</kw>
<status status="PASS" starttime="20210621 09:47:29.156" endtime="20210621 09:47:29.899"/>
</kw>
<kw name="Login with Invalid Credentials">
<arg>${invalid_data}</arg>
<arg>${valid_password}</arg>
<kw name="GIVEN Login Page Opened" library="login_pages">
<kw name="Wait Until Element Is Visible" library="SeleniumLibrary">
<arg>${USERNAME_FIELD}</arg>
<doc>Waits until the element ``locator`` is visible.</doc>
<status status="PASS" starttime="20210621 09:47:29.901" endtime="20210621 09:47:29.917"/>
</kw>
<kw name="Element Should Be Visible" library="SeleniumLibrary">
<arg>${USERNAME_FIELD}</arg>
<doc>Verifies that the element identified by ``locator`` is visible.</doc>
<msg timestamp="20210621 09:47:29.932" level="INFO">Element '//*[@id="user-name"]' is displayed.</msg>
<status status="PASS" starttime="20210621 09:47:29.917" endtime="20210621 09:47:29.933"/>
</kw>
<kw name="Wait Until Element Is Visible" library="SeleniumLibrary">
<arg>${PASSWORD_FIELD}</arg>
<doc>Waits until the element ``locator`` is visible.</doc>
<status status="PASS" starttime="20210621 09:47:29.933" endtime="20210621 09:47:29.947"/>
</kw>
<kw name="Element Should Be Visible" library="SeleniumLibrary">
<arg>${PASSWORD_FIELD}</arg>
<doc>Verifies that the element identified by ``locator`` is visible.</doc>
<msg timestamp="20210621 09:47:29.963" level="INFO">Element '//*[@id="password"]' is displayed.</msg>
<status status="PASS" starttime="20210621 09:47:29.948" endtime="20210621 09:47:29.963"/>
</kw>
<status status="PASS" starttime="20210621 09:47:29.900" endtime="20210621 09:47:29.963"/>
</kw>
<kw name="WHEN Input Username And Password" library="login_steps">
<arg>${username}</arg>
<arg>${password}</arg>
<kw name="Input Username" library="login_pages">
<arg>${username}</arg>
<kw name="Wait Until Element Is Enabled" library="SeleniumLibrary">
<arg>${USERNAME_FIELD}</arg>
<doc>Waits until the element ``locator`` is enabled.</doc>
<status status="PASS" starttime="20210621 09:47:29.965" endtime="20210621 09:47:29.983"/>
</kw>
<kw name="Input Text" library="SeleniumLibrary">
<arg>${USERNAME_FIELD}</arg>
<arg>${username}</arg>
<doc>Types the given ``text`` into the text field identified by ``locator``.</doc>
<msg timestamp="20210621 09:47:29.983" level="INFO">Typing text 'qwerty' into text field '//*[@id="user-name"]'.</msg>
<status status="PASS" starttime="20210621 09:47:29.983" endtime="20210621 09:47:30.176"/>
</kw>
<status status="PASS" starttime="20210621 09:47:29.964" endtime="20210621 09:47:30.176"/>
</kw>
<kw name="Login Button Should Be Enabled" library="login_pages">
<kw name="Wait Until Element Is Enabled" library="SeleniumLibrary">
<arg>${LOGIN_BUTTON}</arg>
<doc>Waits until the element ``locator`` is enabled.</doc>
<status status="PASS" starttime="20210621 09:47:30.177" endtime="20210621 09:47:30.199"/>
</kw>
<kw name="Element Should Be Enabled" library="SeleniumLibrary">
<arg>${LOGIN_BUTTON}</arg>
<doc>Verifies that element identified by ``locator`` is enabled.</doc>
<status status="PASS" starttime="20210621 09:47:30.199" endtime="20210621 09:47:30.223"/>
</kw>
<status status="PASS" starttime="20210621 09:47:30.176" endtime="20210621 09:47:30.224"/>
</kw>
<kw name="Input Pass" library="login_pages">
<arg>${password}</arg>
<kw name="Wait Until Element Is Enabled" library="SeleniumLibrary">
<arg>${PASSWORD_FIELD}</arg>
<doc>Waits until the element ``locator`` is enabled.</doc>
<status status="PASS" starttime="20210621 09:47:30.225" endtime="20210621 09:47:30.246"/>
</kw>
<kw name="Input Text" library="SeleniumLibrary">
<arg>${PASSWORD_FIELD}</arg>
<arg>${password}</arg>
<doc>Types the given ``text`` into the text field identified by ``locator``.</doc>
<msg timestamp="20210621 09:47:30.246" level="INFO">Typing text 'secret_sauce' into text field '//*[@id="password"]'.</msg>
<status status="PASS" starttime="20210621 09:47:30.246" endtime="20210621 09:47:30.393"/>
</kw>
<status status="PASS" starttime="20210621 09:47:30.224" endtime="20210621 09:47:30.393"/>
</kw>
<kw name="Click Login Button" library="login_pages">
<kw name="Wait Until Element Is Enabled" library="SeleniumLibrary">
<arg>${LOGIN_BUTTON}</arg>
<doc>Waits until the element ``locator`` is enabled.</doc>
<status status="PASS" starttime="20210621 09:47:30.394" endtime="20210621 09:47:30.416"/>
</kw>
<kw name="Click Element" library="SeleniumLibrary">
<arg>${LOGIN_BUTTON}</arg>
<doc>Click the element identified by ``locator``.</doc>
<msg timestamp="20210621 09:47:30.417" level="INFO">Clicking element '//*[@id="login-button"]'.</msg>
<status status="PASS" starttime="20210621 09:47:30.417" endtime="20210621 09:47:30.453"/>
</kw>
<status status="PASS" starttime="20210621 09:47:30.394" endtime="20210621 09:47:30.453"/>
</kw>
<status status="PASS" starttime="20210621 09:47:29.963" endtime="20210621 09:47:30.454"/>
</kw>
<kw name="THEN Error Message Displayed" library="login_pages">
<kw name="Wait Until Element Is Visible" library="SeleniumLibrary">
<arg>${ERROR_MESSAGE}</arg>
<doc>Waits until the element ``locator`` is visible.</doc>
<status status="PASS" starttime="20210621 09:47:30.454" endtime="20210621 09:47:30.498"/>
</kw>
<kw name="Element Should Be Visible" library="SeleniumLibrary">
<arg>${ERROR_MESSAGE}</arg>
<doc>Verifies that the element identified by ``locator`` is visible.</doc>
<msg timestamp="20210621 09:47:30.513" level="INFO">Element '//*[@id="login_button_container"]/div/form/div[3]' is displayed.</msg>
<status status="PASS" starttime="20210621 09:47:30.498" endtime="20210621 09:47:30.513"/>
</kw>
<status status="PASS" starttime="20210621 09:47:30.454" endtime="20210621 09:47:30.514"/>
</kw>
<status status="PASS" starttime="20210621 09:47:29.900" endtime="20210621 09:47:30.514"/>
</kw>
<kw name="Login with Invalid Credentials">
<arg>${invalid_data}</arg>
<arg>${invalid_data}</arg>
<kw name="GIVEN Login Page Opened" library="login_pages">
<kw name="Wait Until Element Is Visible" library="SeleniumLibrary">
<arg>${USERNAME_FIELD}</arg>
<doc>Waits until the element ``locator`` is visible.</doc>
<status status="PASS" starttime="20210621 09:47:30.515" endtime="20210621 09:47:30.530"/>
</kw>
<kw name="Element Should Be Visible" library="SeleniumLibrary">
<arg>${USERNAME_FIELD}</arg>
<doc>Verifies that the element identified by ``locator`` is visible.</doc>
<msg timestamp="20210621 09:47:30.545" level="INFO">Element '//*[@id="user-name"]' is displayed.</msg>
<status status="PASS" starttime="20210621 09:47:30.530" endtime="20210621 09:47:30.545"/>
</kw>
<kw name="Wait Until Element Is Visible" library="SeleniumLibrary">
<arg>${PASSWORD_FIELD}</arg>
<doc>Waits until the element ``locator`` is visible.</doc>
<status status="PASS" starttime="20210621 09:47:30.546" endtime="20210621 09:47:30.562"/>
</kw>
<kw name="Element Should Be Visible" library="SeleniumLibrary">
<arg>${PASSWORD_FIELD}</arg>
<doc>Verifies that the element identified by ``locator`` is visible.</doc>
<msg timestamp="20210621 09:47:30.578" level="INFO">Element '//*[@id="password"]' is displayed.</msg>
<status status="PASS" starttime="20210621 09:47:30.562" endtime="20210621 09:47:30.578"/>
</kw>
<status status="PASS" starttime="20210621 09:47:30.515" endtime="20210621 09:47:30.579"/>
</kw>
<kw name="WHEN Input Username And Password" library="login_steps">
<arg>${username}</arg>
<arg>${password}</arg>
<kw name="Input Username" library="login_pages">
<arg>${username}</arg>
<kw name="Wait Until Element Is Enabled" library="SeleniumLibrary">
<arg>${USERNAME_FIELD}</arg>
<doc>Waits until the element ``locator`` is enabled.</doc>
<status status="PASS" starttime="20210621 09:47:30.580" endtime="20210621 09:47:30.597"/>
</kw>
<kw name="Input Text" library="SeleniumLibrary">
<arg>${USERNAME_FIELD}</arg>
<arg>${username}</arg>
<doc>Types the given ``text`` into the text field identified by ``locator``.</doc>
<msg timestamp="20210621 09:47:30.597" level="INFO">Typing text 'qwerty' into text field '//*[@id="user-name"]'.</msg>
<status status="PASS" starttime="20210621 09:47:30.597" endtime="20210621 09:47:30.782"/>
</kw>
<status status="PASS" starttime="20210621 09:47:30.579" endtime="20210621 09:47:30.783"/>
</kw>
<kw name="Login Button Should Be Enabled" library="login_pages">
<kw name="Wait Until Element Is Enabled" library="SeleniumLibrary">
<arg>${LOGIN_BUTTON}</arg>
<doc>Waits until the element ``locator`` is enabled.</doc>
<status status="PASS" starttime="20210621 09:47:30.784" endtime="20210621 09:47:30.812"/>
</kw>
<kw name="Element Should Be Enabled" library="SeleniumLibrary">
<arg>${LOGIN_BUTTON}</arg>
<doc>Verifies that element identified by ``locator`` is enabled.</doc>
<status status="PASS" starttime="20210621 09:47:30.812" endtime="20210621 09:47:30.834"/>
</kw>
<status status="PASS" starttime="20210621 09:47:30.783" endtime="20210621 09:47:30.834"/>
</kw>
<kw name="Input Pass" library="login_pages">
<arg>${password}</arg>
<kw name="Wait Until Element Is Enabled" library="SeleniumLibrary">
<arg>${PASSWORD_FIELD}</arg>
<doc>Waits until the element ``locator`` is enabled.</doc>
<status status="PASS" starttime="20210621 09:47:30.835" endtime="20210621 09:47:30.859"/>
</kw>
<kw name="Input Text" library="SeleniumLibrary">
<arg>${PASSWORD_FIELD}</arg>
<arg>${password}</arg>
<doc>Types the given ``text`` into the text field identified by ``locator``.</doc>
<msg timestamp="20210621 09:47:30.860" level="INFO">Typing text 'qwerty' into text field '//*[@id="password"]'.</msg>
<status status="PASS" starttime="20210621 09:47:30.859" endtime="20210621 09:47:30.983"/>
</kw>
<status status="PASS" starttime="20210621 09:47:30.834" endtime="20210621 09:47:30.984"/>
</kw>
<kw name="Click Login Button" library="login_pages">
<kw name="Wait Until Element Is Enabled" library="SeleniumLibrary">
<arg>${LOGIN_BUTTON}</arg>
<doc>Waits until the element ``locator`` is enabled.</doc>
<status status="PASS" starttime="20210621 09:47:30.984" endtime="20210621 09:47:31.005"/>
</kw>
<kw name="Click Element" library="SeleniumLibrary">
<arg>${LOGIN_BUTTON}</arg>
<doc>Click the element identified by ``locator``.</doc>
<msg timestamp="20210621 09:47:31.006" level="INFO">Clicking element '//*[@id="login-button"]'.</msg>
<status status="PASS" starttime="20210621 09:47:31.005" endtime="20210621 09:47:31.039"/>
</kw>
<status status="PASS" starttime="20210621 09:47:30.984" endtime="20210621 09:47:31.040"/>
</kw>
<status status="PASS" starttime="20210621 09:47:30.579" endtime="20210621 09:47:31.040"/>
</kw>
<kw name="THEN Error Message Displayed" library="login_pages">
<kw name="Wait Until Element Is Visible" library="SeleniumLibrary">
<arg>${ERROR_MESSAGE}</arg>
<doc>Waits until the element ``locator`` is visible.</doc>
<status status="PASS" starttime="20210621 09:47:31.042" endtime="20210621 09:47:31.082"/>
</kw>
<kw name="Element Should Be Visible" library="SeleniumLibrary">
<arg>${ERROR_MESSAGE}</arg>
<doc>Verifies that the element identified by ``locator`` is visible.</doc>
<msg timestamp="20210621 09:47:31.099" level="INFO">Element '//*[@id="login_button_container"]/div/form/div[3]' is displayed.</msg>
<status status="PASS" starttime="20210621 09:47:31.082" endtime="20210621 09:47:31.099"/>
</kw>
<status status="PASS" starttime="20210621 09:47:31.041" endtime="20210621 09:47:31.099"/>
</kw>
<status status="PASS" starttime="20210621 09:47:30.514" endtime="20210621 09:47:31.099"/>
</kw>
<kw name="Close Browser" library="SeleniumLibrary" type="TEARDOWN">
<doc>Closes the current browser.</doc>
<status status="PASS" starttime="20210621 09:47:31.099" endtime="20210621 09:47:31.240"/>
</kw>
<status status="PASS" starttime="20210621 09:47:26.004" endtime="20210621 09:47:31.241"/>
</test>
<status status="PASS" starttime="20210621 09:47:20.099" endtime="20210621 09:47:31.243"/>
</suite>
<statistics>
<total>
<stat pass="2" fail="0" skip="0">All Tests</stat>
</total>
<tag>
</tag>
<suite>
<stat pass="2" fail="0" skip="0" id="s1" name="Login Tests">Login Tests</stat>
</suite>
</statistics>
<errors>
</errors>
</robot>
