<?xml version="1.0" encoding="UTF-8"?>
<robot generator="Robot 4.0.3 (Python 3.7.5 on darwin)" generated="20210621 20:26:24.991" rpa="false" schemaversion="2">
<suite id="s1" name="Login Tests" source="/Users/pavanmudigonda/Documents/GitHub/RFW-Automation/tests/login_tests.robot">
<test id="s1-t1" name="Valid Login">
<kw name="Open Login Page Using Chrome Browser" library="resources" type="SETUP">
<kw name="Open Browser" library="SeleniumLibrary">
<arg>${LOGIN_PAGE}</arg>
<arg>Chrome</arg>
<doc>Opens a new browser instance to the optional ``url``.</doc>
<msg timestamp="20210621 20:26:25.430" level="INFO">Opening browser 'Chrome' to base url 'https://www.saucedemo.com/'.</msg>
<status status="PASS" starttime="20210621 20:26:25.430" endtime="20210621 20:26:29.711"/>
</kw>
<kw name="Maximize Browser Window" library="SeleniumLibrary">
<doc>Maximizes current browser window.</doc>
<status status="PASS" starttime="20210621 20:26:29.712" endtime="20210621 20:26:29.864"/>
</kw>
<status status="PASS" starttime="20210621 20:26:25.429" endtime="20210621 20:26:29.864"/>
</kw>
<kw name="GIVEN Login Page Opened" library="login_pages">
<kw name="Wait Until Element Is Visible" library="SeleniumLibrary">
<arg>${USERNAME_FIELD}</arg>
<doc>Waits until the element ``locator`` is visible.</doc>
<status status="PASS" starttime="20210621 20:26:29.867" endtime="20210621 20:26:29.913"/>
</kw>
<kw name="Element Should Be Visible" library="SeleniumLibrary">
<arg>${USERNAME_FIELD}</arg>
<doc>Verifies that the element identified by ``locator`` is visible.</doc>
<msg timestamp="20210621 20:26:29.945" level="INFO">Element '//*[@id="user-name"]' is displayed.</msg>
<status status="PASS" starttime="20210621 20:26:29.913" endtime="20210621 20:26:29.945"/>
</kw>
<kw name="Wait Until Element Is Visible" library="SeleniumLibrary">
<arg>${PASSWORD_FIELD}</arg>
<doc>Waits until the element ``locator`` is visible.</doc>
<status status="PASS" starttime="20210621 20:26:29.945" endtime="20210621 20:26:29.976"/>
</kw>
<kw name="Element Should Be Visible" library="SeleniumLibrary">
<arg>${PASSWORD_FIELD}</arg>
<doc>Verifies that the element identified by ``locator`` is visible.</doc>
<msg timestamp="20210621 20:26:29.995" level="INFO">Element '//*[@id="password"]' is displayed.</msg>
<status status="PASS" starttime="20210621 20:26:29.976" endtime="20210621 20:26:29.996"/>
</kw>
<status status="PASS" starttime="20210621 20:26:29.866" endtime="20210621 20:26:29.996"/>
</kw>
<kw name="WHEN Input Username And Password" library="login_steps">
<arg>${valid_username}</arg>
<arg>${valid_password}</arg>
<kw name="Input Username" library="login_pages">
<arg>${username}</arg>
<kw name="Wait Until Element Is Enabled" library="SeleniumLibrary">
<arg>${USERNAME_FIELD}</arg>
<doc>Waits until the element ``locator`` is enabled.</doc>
<status status="PASS" starttime="20210621 20:26:29.998" endtime="20210621 20:26:30.034"/>
</kw>
<kw name="Input Text" library="SeleniumLibrary">
<arg>${USERNAME_FIELD}</arg>
<arg>${username}</arg>
<doc>Types the given ``text`` into the text field identified by ``locator``.</doc>
<msg timestamp="20210621 20:26:30.035" level="INFO">Typing text 'standard_user' into text field '//*[@id="user-name"]'.</msg>
<status status="PASS" starttime="20210621 20:26:30.034" endtime="20210621 20:26:30.279"/>
</kw>
<status status="PASS" starttime="20210621 20:26:29.997" endtime="20210621 20:26:30.279"/>
</kw>
<kw name="Login Button Should Be Enabled" library="login_pages">
<kw name="Wait Until Element Is Enabled" library="SeleniumLibrary">
<arg>${LOGIN_BUTTON}</arg>
<doc>Waits until the element ``locator`` is enabled.</doc>
<status status="PASS" starttime="20210621 20:26:30.280" endtime="20210621 20:26:30.316"/>
</kw>
<kw name="Element Should Be Enabled" library="SeleniumLibrary">
<arg>${LOGIN_BUTTON}</arg>
<doc>Verifies that element identified by ``locator`` is enabled.</doc>
<status status="PASS" starttime="20210621 20:26:30.316" endtime="20210621 20:26:30.339"/>
</kw>
<status status="PASS" starttime="20210621 20:26:30.279" endtime="20210621 20:26:30.339"/>
</kw>
<kw name="Input Pass" library="login_pages">
<arg>${password}</arg>
<kw name="Wait Until Element Is Enabled" library="SeleniumLibrary">
<arg>${PASSWORD_FIELD}</arg>
<doc>Waits until the element ``locator`` is enabled.</doc>
<status status="PASS" starttime="20210621 20:26:30.340" endtime="20210621 20:26:30.375"/>
</kw>
<kw name="Input Text" library="SeleniumLibrary">
<arg>${PASSWORD_FIELD}</arg>
<arg>${password}</arg>
<doc>Types the given ``text`` into the text field identified by ``locator``.</doc>
<msg timestamp="20210621 20:26:30.375" level="INFO">Typing text 'secret_sauce' into text field '//*[@id="password"]'.</msg>
<status status="PASS" starttime="20210621 20:26:30.375" endtime="20210621 20:26:30.501"/>
</kw>
<status status="PASS" starttime="20210621 20:26:30.340" endtime="20210621 20:26:30.502"/>
</kw>
<kw name="Click Login Button" library="login_pages">
<kw name="Wait Until Element Is Enabled" library="SeleniumLibrary">
<arg>${LOGIN_BUTTON}</arg>
<doc>Waits until the element ``locator`` is enabled.</doc>
<status status="PASS" starttime="20210621 20:26:30.503" endtime="20210621 20:26:30.522"/>
</kw>
<kw name="Click Element" library="SeleniumLibrary">
<arg>${LOGIN_BUTTON}</arg>
<doc>Click the element identified by ``locator``.</doc>
<msg timestamp="20210621 20:26:30.523" level="INFO">Clicking element '//*[@id="login-button"]'.</msg>
<status status="PASS" starttime="20210621 20:26:30.523" endtime="20210621 20:26:30.700"/>
</kw>
<status status="PASS" starttime="20210621 20:26:30.502" endtime="20210621 20:26:30.701"/>
</kw>
<status status="PASS" starttime="20210621 20:26:29.996" endtime="20210621 20:26:30.701"/>
</kw>
<kw name="THEN Home Page Opened" library="home_pages">
<kw name="Wait Until Element Is Visible" library="SeleniumLibrary">
<arg>${PRODUCTS_HEADING}</arg>
<doc>Waits until the element ``locator`` is visible.</doc>
<status status="PASS" starttime="20210621 20:26:30.702" endtime="20210621 20:26:30.901"/>
</kw>
<kw name="Element Should Be Visible" library="SeleniumLibrary">
<arg>${PRODUCTS_HEADING}</arg>
<doc>Verifies that the element identified by ``locator`` is visible.</doc>
<msg timestamp="20210621 20:26:30.921" level="INFO">Element '//*[@id="header_container"]/div[2]/span' is displayed.</msg>
<status status="PASS" starttime="20210621 20:26:30.901" endtime="20210621 20:26:30.921"/>
</kw>
<status status="PASS" starttime="20210621 20:26:30.702" endtime="20210621 20:26:30.921"/>
</kw>
<kw name="Close Browser" library="SeleniumLibrary" type="TEARDOWN">
<doc>Closes the current browser.</doc>
<status status="PASS" starttime="20210621 20:26:30.922" endtime="20210621 20:26:31.102"/>
</kw>
<status status="PASS" starttime="20210621 20:26:25.428" endtime="20210621 20:26:31.102"/>
</test>
<test id="s1-t2" name="Invalid Login">
<kw name="Open Login Page Using Chrome Browser" library="resources" type="SETUP">
<kw name="Open Browser" library="SeleniumLibrary">
<arg>${LOGIN_PAGE}</arg>
<arg>Chrome</arg>
<doc>Opens a new browser instance to the optional ``url``.</doc>
<msg timestamp="20210621 20:26:31.109" level="INFO">Opening browser 'Chrome' to base url 'https://www.saucedemo.com/'.</msg>
<status status="PASS" starttime="20210621 20:26:31.108" endtime="20210621 20:26:34.141"/>
</kw>
<kw name="Maximize Browser Window" library="SeleniumLibrary">
<doc>Maximizes current browser window.</doc>
<status status="PASS" starttime="20210621 20:26:34.142" endtime="20210621 20:26:34.295"/>
</kw>
<status status="PASS" starttime="20210621 20:26:31.107" endtime="20210621 20:26:34.296"/>
</kw>
<kw name="Login with Invalid Credentials">
<arg>${valid_username}</arg>
<arg>${invalid_data}</arg>
<kw name="GIVEN Login Page Opened" library="login_pages">
<kw name="Wait Until Element Is Visible" library="SeleniumLibrary">
<arg>${USERNAME_FIELD}</arg>
<doc>Waits until the element ``locator`` is visible.</doc>
<status status="PASS" starttime="20210621 20:26:34.297" endtime="20210621 20:26:34.330"/>
</kw>
<kw name="Element Should Be Visible" library="SeleniumLibrary">
<arg>${USERNAME_FIELD}</arg>
<doc>Verifies that the element identified by ``locator`` is visible.</doc>
<msg timestamp="20210621 20:26:34.358" level="INFO">Element '//*[@id="user-name"]' is displayed.</msg>
<status status="PASS" starttime="20210621 20:26:34.330" endtime="20210621 20:26:34.359"/>
</kw>
<kw name="Wait Until Element Is Visible" library="SeleniumLibrary">
<arg>${PASSWORD_FIELD}</arg>
<doc>Waits until the element ``locator`` is visible.</doc>
<status status="PASS" starttime="20210621 20:26:34.359" endtime="20210621 20:26:34.403"/>
</kw>
<kw name="Element Should Be Visible" library="SeleniumLibrary">
<arg>${PASSWORD_FIELD}</arg>
<doc>Verifies that the element identified by ``locator`` is visible.</doc>
<msg timestamp="20210621 20:26:34.423" level="INFO">Element '//*[@id="password"]' is displayed.</msg>
<status status="PASS" starttime="20210621 20:26:34.404" endtime="20210621 20:26:34.423"/>
</kw>
<status status="PASS" starttime="20210621 20:26:34.297" endtime="20210621 20:26:34.424"/>
</kw>
<kw name="WHEN Input Username And Password" library="login_steps">
<arg>${username}</arg>
<arg>${password}</arg>
<kw name="Input Username" library="login_pages">
<arg>${username}</arg>
<kw name="Wait Until Element Is Enabled" library="SeleniumLibrary">
<arg>${USERNAME_FIELD}</arg>
<doc>Waits until the element ``locator`` is enabled.</doc>
<status status="PASS" starttime="20210621 20:26:34.425" endtime="20210621 20:26:34.447"/>
</kw>
<kw name="Input Text" library="SeleniumLibrary">
<arg>${USERNAME_FIELD}</arg>
<arg>${username}</arg>
<doc>Types the given ``text`` into the text field identified by ``locator``.</doc>
<msg timestamp="20210621 20:26:34.448" level="INFO">Typing text 'standard_user' into text field '//*[@id="user-name"]'.</msg>
<status status="PASS" starttime="20210621 20:26:34.447" endtime="20210621 20:26:34.699"/>
</kw>
<status status="PASS" starttime="20210621 20:26:34.424" endtime="20210621 20:26:34.699"/>
</kw>
<kw name="Login Button Should Be Enabled" library="login_pages">
<kw name="Wait Until Element Is Enabled" library="SeleniumLibrary">
<arg>${LOGIN_BUTTON}</arg>
<doc>Waits until the element ``locator`` is enabled.</doc>
<status status="PASS" starttime="20210621 20:26:34.700" endtime="20210621 20:26:34.745"/>
</kw>
<kw name="Element Should Be Enabled" library="SeleniumLibrary">
<arg>${LOGIN_BUTTON}</arg>
<doc>Verifies that element identified by ``locator`` is enabled.</doc>
<status status="PASS" starttime="20210621 20:26:34.746" endtime="20210621 20:26:34.777"/>
</kw>
<status status="PASS" starttime="20210621 20:26:34.699" endtime="20210621 20:26:34.777"/>
</kw>
<kw name="Input Pass" library="login_pages">
<arg>${password}</arg>
<kw name="Wait Until Element Is Enabled" library="SeleniumLibrary">
<arg>${PASSWORD_FIELD}</arg>
<doc>Waits until the element ``locator`` is enabled.</doc>
<status status="PASS" starttime="20210621 20:26:34.778" endtime="20210621 20:26:34.818"/>
</kw>
<kw name="Input Text" library="SeleniumLibrary">
<arg>${PASSWORD_FIELD}</arg>
<arg>${password}</arg>
<doc>Types the given ``text`` into the text field identified by ``locator``.</doc>
<msg timestamp="20210621 20:26:34.819" level="INFO">Typing text 'qwerty' into text field '//*[@id="password"]'.</msg>
<status status="PASS" starttime="20210621 20:26:34.818" endtime="20210621 20:26:34.961"/>
</kw>
<status status="PASS" starttime="20210621 20:26:34.777" endtime="20210621 20:26:34.961"/>
</kw>
<kw name="Click Login Button" library="login_pages">
<kw name="Wait Until Element Is Enabled" library="SeleniumLibrary">
<arg>${LOGIN_BUTTON}</arg>
<doc>Waits until the element ``locator`` is enabled.</doc>
<status status="PASS" starttime="20210621 20:26:34.962" endtime="20210621 20:26:34.986"/>
</kw>
<kw name="Click Element" library="SeleniumLibrary">
<arg>${LOGIN_BUTTON}</arg>
<doc>Click the element identified by ``locator``.</doc>
<msg timestamp="20210621 20:26:34.987" level="INFO">Clicking element '//*[@id="login-button"]'.</msg>
<status status="PASS" starttime="20210621 20:26:34.986" endtime="20210621 20:26:35.052"/>
</kw>
<status status="PASS" starttime="20210621 20:26:34.962" endtime="20210621 20:26:35.053"/>
</kw>
<status status="PASS" starttime="20210621 20:26:34.424" endtime="20210621 20:26:35.053"/>
</kw>
<kw name="THEN Error Message Displayed" library="login_pages">
<kw name="Wait Until Element Is Visible" library="SeleniumLibrary">
<arg>${ERROR_MESSAGE}</arg>
<doc>Waits until the element ``locator`` is visible.</doc>
<status status="PASS" starttime="20210621 20:26:35.054" endtime="20210621 20:26:35.107"/>
</kw>
<kw name="Element Should Be Visible" library="SeleniumLibrary">
<arg>${ERROR_MESSAGE}</arg>
<doc>Verifies that the element identified by ``locator`` is visible.</doc>
<msg timestamp="20210621 20:26:35.125" level="INFO">Element '//*[@id="login_button_container"]/div/form/div[3]' is displayed.</msg>
<status status="PASS" starttime="20210621 20:26:35.108" endtime="20210621 20:26:35.125"/>
</kw>
<status status="PASS" starttime="20210621 20:26:35.053" endtime="20210621 20:26:35.126"/>
</kw>
<status status="PASS" starttime="20210621 20:26:34.296" endtime="20210621 20:26:35.126"/>
</kw>
<kw name="Login with Invalid Credentials">
<arg>${invalid_data}</arg>
<arg>${valid_password}</arg>
<kw name="GIVEN Login Page Opened" library="login_pages">
<kw name="Wait Until Element Is Visible" library="SeleniumLibrary">
<arg>${USERNAME_FIELD}</arg>
<doc>Waits until the element ``locator`` is visible.</doc>
<status status="PASS" starttime="20210621 20:26:35.127" endtime="20210621 20:26:35.144"/>
</kw>
<kw name="Element Should Be Visible" library="SeleniumLibrary">
<arg>${USERNAME_FIELD}</arg>
<doc>Verifies that the element identified by ``locator`` is visible.</doc>
<msg timestamp="20210621 20:26:35.160" level="INFO">Element '//*[@id="user-name"]' is displayed.</msg>
<status status="PASS" starttime="20210621 20:26:35.144" endtime="20210621 20:26:35.160"/>
</kw>
<kw name="Wait Until Element Is Visible" library="SeleniumLibrary">
<arg>${PASSWORD_FIELD}</arg>
<doc>Waits until the element ``locator`` is visible.</doc>
<status status="PASS" starttime="20210621 20:26:35.161" endtime="20210621 20:26:35.176"/>
</kw>
<kw name="Element Should Be Visible" library="SeleniumLibrary">
<arg>${PASSWORD_FIELD}</arg>
<doc>Verifies that the element identified by ``locator`` is visible.</doc>
<msg timestamp="20210621 20:26:35.195" level="INFO">Element '//*[@id="password"]' is displayed.</msg>
<status status="PASS" starttime="20210621 20:26:35.177" endtime="20210621 20:26:35.195"/>
</kw>
<status status="PASS" starttime="20210621 20:26:35.127" endtime="20210621 20:26:35.195"/>
</kw>
<kw name="WHEN Input Username And Password" library="login_steps">
<arg>${username}</arg>
<arg>${password}</arg>
<kw name="Input Username" library="login_pages">
<arg>${username}</arg>
<kw name="Wait Until Element Is Enabled" library="SeleniumLibrary">
<arg>${USERNAME_FIELD}</arg>
<doc>Waits until the element ``locator`` is enabled.</doc>
<status status="PASS" starttime="20210621 20:26:35.197" endtime="20210621 20:26:35.215"/>
</kw>
<kw name="Input Text" library="SeleniumLibrary">
<arg>${USERNAME_FIELD}</arg>
<arg>${username}</arg>
<doc>Types the given ``text`` into the text field identified by ``locator``.</doc>
<msg timestamp="20210621 20:26:35.216" level="INFO">Typing text 'qwerty' into text field '//*[@id="user-name"]'.</msg>
<status status="PASS" starttime="20210621 20:26:35.215" endtime="20210621 20:26:35.414"/>
</kw>
<status status="PASS" starttime="20210621 20:26:35.197" endtime="20210621 20:26:35.415"/>
</kw>
<kw name="Login Button Should Be Enabled" library="login_pages">
<kw name="Wait Until Element Is Enabled" library="SeleniumLibrary">
<arg>${LOGIN_BUTTON}</arg>
<doc>Waits until the element ``locator`` is enabled.</doc>
<status status="PASS" starttime="20210621 20:26:35.416" endtime="20210621 20:26:35.449"/>
</kw>
<kw name="Element Should Be Enabled" library="SeleniumLibrary">
<arg>${LOGIN_BUTTON}</arg>
<doc>Verifies that element identified by ``locator`` is enabled.</doc>
<status status="PASS" starttime="20210621 20:26:35.449" endtime="20210621 20:26:35.481"/>
</kw>
<status status="PASS" starttime="20210621 20:26:35.415" endtime="20210621 20:26:35.482"/>
</kw>
<kw name="Input Pass" library="login_pages">
<arg>${password}</arg>
<kw name="Wait Until Element Is Enabled" library="SeleniumLibrary">
<arg>${PASSWORD_FIELD}</arg>
<doc>Waits until the element ``locator`` is enabled.</doc>
<status status="PASS" starttime="20210621 20:26:35.483" endtime="20210621 20:26:35.508"/>
</kw>
<kw name="Input Text" library="SeleniumLibrary">
<arg>${PASSWORD_FIELD}</arg>
<arg>${password}</arg>
<doc>Types the given ``text`` into the text field identified by ``locator``.</doc>
<msg timestamp="20210621 20:26:35.509" level="INFO">Typing text 'secret_sauce' into text field '//*[@id="password"]'.</msg>
<status status="PASS" starttime="20210621 20:26:35.509" endtime="20210621 20:26:35.665"/>
</kw>
<status status="PASS" starttime="20210621 20:26:35.482" endtime="20210621 20:26:35.665"/>
</kw>
<kw name="Click Login Button" library="login_pages">
<kw name="Wait Until Element Is Enabled" library="SeleniumLibrary">
<arg>${LOGIN_BUTTON}</arg>
<doc>Waits until the element ``locator`` is enabled.</doc>
<status status="PASS" starttime="20210621 20:26:35.666" endtime="20210621 20:26:35.685"/>
</kw>
<kw name="Click Element" library="SeleniumLibrary">
<arg>${LOGIN_BUTTON}</arg>
<doc>Click the element identified by ``locator``.</doc>
<msg timestamp="20210621 20:26:35.686" level="INFO">Clicking element '//*[@id="login-button"]'.</msg>
<status status="PASS" starttime="20210621 20:26:35.686" endtime="20210621 20:26:35.720"/>
</kw>
<status status="PASS" starttime="20210621 20:26:35.665" endtime="20210621 20:26:35.720"/>
</kw>
<status status="PASS" starttime="20210621 20:26:35.196" endtime="20210621 20:26:35.720"/>
</kw>
<kw name="THEN Error Message Displayed" library="login_pages">
<kw name="Wait Until Element Is Visible" library="SeleniumLibrary">
<arg>${ERROR_MESSAGE}</arg>
<doc>Waits until the element ``locator`` is visible.</doc>
<status status="PASS" starttime="20210621 20:26:35.721" endtime="20210621 20:26:35.768"/>
</kw>
<kw name="Element Should Be Visible" library="SeleniumLibrary">
<arg>${ERROR_MESSAGE}</arg>
<doc>Verifies that the element identified by ``locator`` is visible.</doc>
<msg timestamp="20210621 20:26:35.787" level="INFO">Element '//*[@id="login_button_container"]/div/form/div[3]' is displayed.</msg>
<status status="PASS" starttime="20210621 20:26:35.768" endtime="20210621 20:26:35.787"/>
</kw>
<status status="PASS" starttime="20210621 20:26:35.721" endtime="20210621 20:26:35.787"/>
</kw>
<status status="PASS" starttime="20210621 20:26:35.126" endtime="20210621 20:26:35.787"/>
</kw>
<kw name="Login with Invalid Credentials">
<arg>${invalid_data}</arg>
<arg>${invalid_data}</arg>
<kw name="GIVEN Login Page Opened" library="login_pages">
<kw name="Wait Until Element Is Visible" library="SeleniumLibrary">
<arg>${USERNAME_FIELD}</arg>
<doc>Waits until the element ``locator`` is visible.</doc>
<status status="PASS" starttime="20210621 20:26:35.789" endtime="20210621 20:26:35.809"/>
</kw>
<kw name="Element Should Be Visible" library="SeleniumLibrary">
<arg>${USERNAME_FIELD}</arg>
<doc>Verifies that the element identified by ``locator`` is visible.</doc>
<msg timestamp="20210621 20:26:35.826" level="INFO">Element '//*[@id="user-name"]' is displayed.</msg>
<status status="PASS" starttime="20210621 20:26:35.810" endtime="20210621 20:26:35.826"/>
</kw>
<kw name="Wait Until Element Is Visible" library="SeleniumLibrary">
<arg>${PASSWORD_FIELD}</arg>
<doc>Waits until the element ``locator`` is visible.</doc>
<status status="PASS" starttime="20210621 20:26:35.827" endtime="20210621 20:26:35.844"/>
</kw>
<kw name="Element Should Be Visible" library="SeleniumLibrary">
<arg>${PASSWORD_FIELD}</arg>
<doc>Verifies that the element identified by ``locator`` is visible.</doc>
<msg timestamp="20210621 20:26:35.862" level="INFO">Element '//*[@id="password"]' is displayed.</msg>
<status status="PASS" starttime="20210621 20:26:35.844" endtime="20210621 20:26:35.862"/>
</kw>
<status status="PASS" starttime="20210621 20:26:35.788" endtime="20210621 20:26:35.863"/>
</kw>
<kw name="WHEN Input Username And Password" library="login_steps">
<arg>${username}</arg>
<arg>${password}</arg>
<kw name="Input Username" library="login_pages">
<arg>${username}</arg>
<kw name="Wait Until Element Is Enabled" library="SeleniumLibrary">
<arg>${USERNAME_FIELD}</arg>
<doc>Waits until the element ``locator`` is enabled.</doc>
<status status="PASS" starttime="20210621 20:26:35.864" endtime="20210621 20:26:35.884"/>
</kw>
<kw name="Input Text" library="SeleniumLibrary">
<arg>${USERNAME_FIELD}</arg>
<arg>${username}</arg>
<doc>Types the given ``text`` into the text field identified by ``locator``.</doc>
<msg timestamp="20210621 20:26:35.885" level="INFO">Typing text 'qwerty' into text field '//*[@id="user-name"]'.</msg>
<status status="PASS" starttime="20210621 20:26:35.884" endtime="20210621 20:26:36.082"/>
</kw>
<status status="PASS" starttime="20210621 20:26:35.864" endtime="20210621 20:26:36.082"/>
</kw>
<kw name="Login Button Should Be Enabled" library="login_pages">
<kw name="Wait Until Element Is Enabled" library="SeleniumLibrary">
<arg>${LOGIN_BUTTON}</arg>
<doc>Waits until the element ``locator`` is enabled.</doc>
<status status="PASS" starttime="20210621 20:26:36.083" endtime="20210621 20:26:36.103"/>
</kw>
<kw name="Element Should Be Enabled" library="SeleniumLibrary">
<arg>${LOGIN_BUTTON}</arg>
<doc>Verifies that element identified by ``locator`` is enabled.</doc>
<status status="PASS" starttime="20210621 20:26:36.104" endtime="20210621 20:26:36.124"/>
</kw>
<status status="PASS" starttime="20210621 20:26:36.083" endtime="20210621 20:26:36.124"/>
</kw>
<kw name="Input Pass" library="login_pages">
<arg>${password}</arg>
<kw name="Wait Until Element Is Enabled" library="SeleniumLibrary">
<arg>${PASSWORD_FIELD}</arg>
<doc>Waits until the element ``locator`` is enabled.</doc>
<status status="PASS" starttime="20210621 20:26:36.126" endtime="20210621 20:26:36.146"/>
</kw>
<kw name="Input Text" library="SeleniumLibrary">
<arg>${PASSWORD_FIELD}</arg>
<arg>${password}</arg>
<doc>Types the given ``text`` into the text field identified by ``locator``.</doc>
<msg timestamp="20210621 20:26:36.147" level="INFO">Typing text 'qwerty' into text field '//*[@id="password"]'.</msg>
<status status="PASS" starttime="20210621 20:26:36.146" endtime="20210621 20:26:36.279"/>
</kw>
<status status="PASS" starttime="20210621 20:26:36.125" endtime="20210621 20:26:36.279"/>
</kw>
<kw name="Click Login Button" library="login_pages">
<kw name="Wait Until Element Is Enabled" library="SeleniumLibrary">
<arg>${LOGIN_BUTTON}</arg>
<doc>Waits until the element ``locator`` is enabled.</doc>
<status status="PASS" starttime="20210621 20:26:36.280" endtime="20210621 20:26:36.299"/>
</kw>
<kw name="Click Element" library="SeleniumLibrary">
<arg>${LOGIN_BUTTON}</arg>
<doc>Click the element identified by ``locator``.</doc>
<msg timestamp="20210621 20:26:36.299" level="INFO">Clicking element '//*[@id="login-button"]'.</msg>
<status status="PASS" starttime="20210621 20:26:36.299" endtime="20210621 20:26:36.333"/>
</kw>
<status status="PASS" starttime="20210621 20:26:36.280" endtime="20210621 20:26:36.333"/>
</kw>
<status status="PASS" starttime="20210621 20:26:35.863" endtime="20210621 20:26:36.334"/>
</kw>
<kw name="THEN Error Message Displayed" library="login_pages">
<kw name="Wait Until Element Is Visible" library="SeleniumLibrary">
<arg>${ERROR_MESSAGE}</arg>
<doc>Waits until the element ``locator`` is visible.</doc>
<status status="PASS" starttime="20210621 20:26:36.334" endtime="20210621 20:26:36.382"/>
</kw>
<kw name="Element Should Be Visible" library="SeleniumLibrary">
<arg>${ERROR_MESSAGE}</arg>
<doc>Verifies that the element identified by ``locator`` is visible.</doc>
<msg timestamp="20210621 20:26:36.398" level="INFO">Element '//*[@id="login_button_container"]/div/form/div[3]' is displayed.</msg>
<status status="PASS" starttime="20210621 20:26:36.382" endtime="20210621 20:26:36.399"/>
</kw>
<status status="PASS" starttime="20210621 20:26:36.334" endtime="20210621 20:26:36.399"/>
</kw>
<status status="PASS" starttime="20210621 20:26:35.787" endtime="20210621 20:26:36.399"/>
</kw>
<kw name="Close Browser" library="SeleniumLibrary" type="TEARDOWN">
<doc>Closes the current browser.</doc>
<status status="PASS" starttime="20210621 20:26:36.399" endtime="20210621 20:26:36.539"/>
</kw>
<status status="PASS" starttime="20210621 20:26:31.105" endtime="20210621 20:26:36.539"/>
</test>
<status status="PASS" starttime="20210621 20:26:24.992" endtime="20210621 20:26:36.543"/>
</suite>
<statistics>
<total>
<stat pass="2" fail="0" skip="0">All Tests</stat>
</total>
<tag>
</tag>
<suite>
<stat pass="2" fail="0" skip="0" id="s1" name="Login Tests">Login Tests</stat>
</suite>
</statistics>
<errors>
<msg timestamp="20210621 20:26:25.029" level="ERROR">Error in file '/Users/pavanmudigonda/Documents/GitHub/RFW-Automation/resources/common/resources.robot' on line 88: Non-existing setting ''.</msg>
<msg timestamp="20210621 20:26:25.409" level="ERROR">Error in file '/Users/pavanmudigonda/Documents/GitHub/RFW-Automation/resources/common/resources.robot' on line 8: Importing library 'ExcelRobot' failed: ModuleNotFoundError: No module named 'ExcelRobot'
Traceback (most recent call last):
  None
PYTHONPATH:
  /Users/pavanmudigonda/Documents/GitHub/RFW-Automation
  /Users/pavanmudigonda/Documents/GitHub/RFW-Automation
  /Users/pavanmudigonda/.robocorp/live/199e494e4c733ef3/lib/python37.zip
  /Users/pavanmudigonda/.robocorp/live/199e494e4c733ef3/lib/python3.7
  /Users/pavanmudigonda/.robocorp/live/199e494e4c733ef3/lib/python3.7/lib-dynload
  /Users/pavanmudigonda/.robocorp/live/199e494e4c733ef3/lib/python3.7/site-packages</msg>
<msg timestamp="20210621 20:26:25.410" level="ERROR">Error in file '/Users/pavanmudigonda/Documents/GitHub/RFW-Automation/resources/common/resources.robot' on line 9: Importing library 'REST' failed: ModuleNotFoundError: No module named 'REST'
Traceback (most recent call last):
  None
PYTHONPATH:
  /Users/pavanmudigonda/Documents/GitHub/RFW-Automation
  /Users/pavanmudigonda/Documents/GitHub/RFW-Automation
  /Users/pavanmudigonda/.robocorp/live/199e494e4c733ef3/lib/python37.zip
  /Users/pavanmudigonda/.robocorp/live/199e494e4c733ef3/lib/python3.7
  /Users/pavanmudigonda/.robocorp/live/199e494e4c733ef3/lib/python3.7/lib-dynload
  /Users/pavanmudigonda/.robocorp/live/199e494e4c733ef3/lib/python3.7/site-packages</msg>
</errors>
</robot>
