<?xml version="1.0" encoding="UTF-8"?>
<robot generator="Robot 4.0.3 (Python 3.7.5 on darwin)" generated="20210620 22:35:10.908" rpa="false" schemaversion="2">
<suite id="s1" name="Login Tests" source="/Users/pavanmudigonda/Documents/GitHub/RFW-Automation/tests/login_tests.robot">
<test id="s1-t1" name="Valid Login">
<kw name="Open Login Page Using Chrome Browser" library="resources" type="SETUP">
<kw name="Open Browser" library="SeleniumLibrary">
<arg>${LOGIN_PAGE}</arg>
<arg>Chrome</arg>
<doc>Opens a new browser instance to the optional ``url``.</doc>
<msg timestamp="20210620 22:35:11.225" level="INFO">Opening browser 'Chrome' to base url 'https://www.saucedemo.com/'.</msg>
<status status="PASS" starttime="20210620 22:35:11.225" endtime="20210620 22:35:15.259"/>
</kw>
<kw name="Maximize Browser Window" library="SeleniumLibrary">
<doc>Maximizes current browser window.</doc>
<status status="PASS" starttime="20210620 22:35:15.260" endtime="20210620 22:35:15.414"/>
</kw>
<status status="PASS" starttime="20210620 22:35:11.224" endtime="20210620 22:35:15.415"/>
</kw>
<kw name="GIVEN Login Page Opened" library="login_pages">
<kw name="Wait Until Element Is Visible" library="SeleniumLibrary">
<arg>${USERNAME_FIELD}</arg>
<doc>Waits until the element ``locator`` is visible.</doc>
<status status="PASS" starttime="20210620 22:35:15.416" endtime="20210620 22:35:15.456"/>
</kw>
<kw name="Element Should Be Visible" library="SeleniumLibrary">
<arg>${USERNAME_FIELD}</arg>
<doc>Verifies that the element identified by ``locator`` is visible.</doc>
<msg timestamp="20210620 22:35:15.482" level="INFO">Element '//*[@id="user-name"]' is displayed.</msg>
<status status="PASS" starttime="20210620 22:35:15.457" endtime="20210620 22:35:15.482"/>
</kw>
<kw name="Wait Until Element Is Visible" library="SeleniumLibrary">
<arg>${PASSWORD_FIELD}</arg>
<doc>Waits until the element ``locator`` is visible.</doc>
<status status="PASS" starttime="20210620 22:35:15.482" endtime="20210620 22:35:15.508"/>
</kw>
<kw name="Element Should Be Visible" library="SeleniumLibrary">
<arg>${PASSWORD_FIELD}</arg>
<doc>Verifies that the element identified by ``locator`` is visible.</doc>
<msg timestamp="20210620 22:35:15.524" level="INFO">Element '//*[@id="password"]' is displayed.</msg>
<status status="PASS" starttime="20210620 22:35:15.509" endtime="20210620 22:35:15.524"/>
</kw>
<status status="PASS" starttime="20210620 22:35:15.416" endtime="20210620 22:35:15.524"/>
</kw>
<kw name="WHEN Input Username And Password" library="login_steps">
<arg>${valid_username}</arg>
<arg>${valid_password}</arg>
<kw name="Input Username" library="login_pages">
<arg>${username}</arg>
<kw name="Wait Until Element Is Enabled" library="SeleniumLibrary">
<arg>${USERNAME_FIELD}</arg>
<doc>Waits until the element ``locator`` is enabled.</doc>
<status status="PASS" starttime="20210620 22:35:15.525" endtime="20210620 22:35:15.546"/>
</kw>
<kw name="Input Text" library="SeleniumLibrary">
<arg>${USERNAME_FIELD}</arg>
<arg>${username}</arg>
<doc>Types the given ``text`` into the text field identified by ``locator``.</doc>
<msg timestamp="20210620 22:35:15.547" level="INFO">Typing text 'standard_user' into text field '//*[@id="user-name"]'.</msg>
<status status="PASS" starttime="20210620 22:35:15.546" endtime="20210620 22:35:15.740"/>
</kw>
<status status="PASS" starttime="20210620 22:35:15.525" endtime="20210620 22:35:15.741"/>
</kw>
<kw name="Login Button Should Be Enabled" library="login_pages">
<kw name="Wait Until Element Is Enabled" library="SeleniumLibrary">
<arg>${LOGIN_BUTTON}</arg>
<doc>Waits until the element ``locator`` is enabled.</doc>
<status status="PASS" starttime="20210620 22:35:15.742" endtime="20210620 22:35:15.768"/>
</kw>
<kw name="Element Should Be Enabled" library="SeleniumLibrary">
<arg>${LOGIN_BUTTON}</arg>
<doc>Verifies that element identified by ``locator`` is enabled.</doc>
<status status="PASS" starttime="20210620 22:35:15.768" endtime="20210620 22:35:15.786"/>
</kw>
<status status="PASS" starttime="20210620 22:35:15.741" endtime="20210620 22:35:15.786"/>
</kw>
<kw name="Input Pass" library="login_pages">
<arg>${password}</arg>
<kw name="Wait Until Element Is Enabled" library="SeleniumLibrary">
<arg>${PASSWORD_FIELD}</arg>
<doc>Waits until the element ``locator`` is enabled.</doc>
<status status="PASS" starttime="20210620 22:35:15.787" endtime="20210620 22:35:15.806"/>
</kw>
<kw name="Input Text" library="SeleniumLibrary">
<arg>${PASSWORD_FIELD}</arg>
<arg>${password}</arg>
<doc>Types the given ``text`` into the text field identified by ``locator``.</doc>
<msg timestamp="20210620 22:35:15.807" level="INFO">Typing text 'secret_sauce' into text field '//*[@id="password"]'.</msg>
<status status="PASS" starttime="20210620 22:35:15.806" endtime="20210620 22:35:15.904"/>
</kw>
<status status="PASS" starttime="20210620 22:35:15.786" endtime="20210620 22:35:15.905"/>
</kw>
<kw name="Click Login Button" library="login_pages">
<kw name="Wait Until Element Is Enabled" library="SeleniumLibrary">
<arg>${LOGIN_BUTTON}</arg>
<doc>Waits until the element ``locator`` is enabled.</doc>
<status status="PASS" starttime="20210620 22:35:15.905" endtime="20210620 22:35:15.920"/>
</kw>
<kw name="Click Element" library="SeleniumLibrary">
<arg>${LOGIN_BUTTON}</arg>
<doc>Click the element identified by ``locator``.</doc>
<msg timestamp="20210620 22:35:15.920" level="INFO">Clicking element '//*[@id="login-button"]'.</msg>
<status status="PASS" starttime="20210620 22:35:15.920" endtime="20210620 22:35:16.087"/>
</kw>
<status status="PASS" starttime="20210620 22:35:15.905" endtime="20210620 22:35:16.087"/>
</kw>
<status status="PASS" starttime="20210620 22:35:15.524" endtime="20210620 22:35:16.088"/>
</kw>
<kw name="THEN Home Page Opened" library="home_pages">
<kw name="Wait Until Element Is Visible" library="SeleniumLibrary">
<arg>${IG_LOGO}</arg>
<doc>Waits until the element ``locator`` is visible.</doc>
<status status="PASS" starttime="20210620 22:35:16.089" endtime="20210620 22:35:16.117"/>
</kw>
<kw name="Element Should Be Visible" library="SeleniumLibrary">
<arg>${IG_LOGO}</arg>
<doc>Verifies that the element identified by ``locator`` is visible.</doc>
<msg timestamp="20210620 22:35:16.135" level="INFO">Element '//*[@id="root"]/div/div[1]' is displayed.</msg>
<status status="PASS" starttime="20210620 22:35:16.117" endtime="20210620 22:35:16.135"/>
</kw>
<kw name="Wait Until Element Is Visible" library="SeleniumLibrary">
<arg>${PROFILE_ICON}</arg>
<doc>Waits until the element ``locator`` is visible.</doc>
<kw name="Capture Page Screenshot" library="SeleniumLibrary">
<doc>Takes a screenshot of the current page and embeds it into a log file.</doc>
<msg timestamp="20210620 22:35:21.940" level="INFO" html="true">&lt;/td&gt;&lt;/tr&gt;&lt;tr&gt;&lt;td colspan="3"&gt;&lt;a href="selenium-screenshot-2.png"&gt;&lt;img src="selenium-screenshot-2.png" width="800px"&gt;&lt;/a&gt;</msg>
<status status="PASS" starttime="20210620 22:35:21.251" endtime="20210620 22:35:21.940"/>
</kw>
<msg timestamp="20210620 22:35:21.949" level="FAIL">Element '//*[@id="root"]/div/div[2]/div[1]/div[2]' not visible after 5 seconds.</msg>
<status status="FAIL" starttime="20210620 22:35:16.135" endtime="20210620 22:35:21.950"/>
</kw>
<kw name="Element Should Be Visible" library="SeleniumLibrary">
<arg>${PROFILE_ICON}</arg>
<doc>Verifies that the element identified by ``locator`` is visible.</doc>
<status status="NOT RUN" starttime="20210620 22:35:21.950" endtime="20210620 22:35:21.950"/>
</kw>
<kw name="Wait Until Element Is Visible" library="SeleniumLibrary">
<arg>${PROFILE_BUTTON}</arg>
<doc>Waits until the element ``locator`` is visible.</doc>
<status status="NOT RUN" starttime="20210620 22:35:21.950" endtime="20210620 22:35:21.950"/>
</kw>
<kw name="Element Should Be Visible" library="SeleniumLibrary">
<arg>${PROFILE_BUTTON}</arg>
<doc>Verifies that the element identified by ``locator`` is visible.</doc>
<status status="NOT RUN" starttime="20210620 22:35:21.951" endtime="20210620 22:35:21.951"/>
</kw>
<status status="FAIL" starttime="20210620 22:35:16.088" endtime="20210620 22:35:21.951"/>
</kw>
<kw name="Close Browser" library="SeleniumLibrary" type="TEARDOWN">
<doc>Closes the current browser.</doc>
<status status="PASS" starttime="20210620 22:35:21.952" endtime="20210620 22:35:22.093"/>
</kw>
<status status="FAIL" starttime="20210620 22:35:11.224" endtime="20210620 22:35:22.093">Element '//*[@id="root"]/div/div[2]/div[1]/div[2]' not visible after 5 seconds.</status>
</test>
<test id="s1-t2" name="Invalid Login">
<kw name="Open Login Page Using Chrome Browser" library="resources" type="SETUP">
<kw name="Open Browser" library="SeleniumLibrary">
<arg>${LOGIN_PAGE}</arg>
<arg>Chrome</arg>
<doc>Opens a new browser instance to the optional ``url``.</doc>
<msg timestamp="20210620 22:35:22.100" level="INFO">Opening browser 'Chrome' to base url 'https://www.saucedemo.com/'.</msg>
<status status="PASS" starttime="20210620 22:35:22.099" endtime="20210620 22:35:25.236"/>
</kw>
<kw name="Maximize Browser Window" library="SeleniumLibrary">
<doc>Maximizes current browser window.</doc>
<status status="PASS" starttime="20210620 22:35:25.237" endtime="20210620 22:35:25.376"/>
</kw>
<status status="PASS" starttime="20210620 22:35:22.098" endtime="20210620 22:35:25.376"/>
</kw>
<kw name="Login with Invalid Credentials">
<arg>${valid_username}</arg>
<arg>${invalid_data}</arg>
<kw name="GIVEN Login Page Opened" library="login_pages">
<kw name="Wait Until Element Is Visible" library="SeleniumLibrary">
<arg>${USERNAME_FIELD}</arg>
<doc>Waits until the element ``locator`` is visible.</doc>
<status status="PASS" starttime="20210620 22:35:25.379" endtime="20210620 22:35:25.410"/>
</kw>
<kw name="Element Should Be Visible" library="SeleniumLibrary">
<arg>${USERNAME_FIELD}</arg>
<doc>Verifies that the element identified by ``locator`` is visible.</doc>
<msg timestamp="20210620 22:35:25.430" level="INFO">Element '//*[@id="user-name"]' is displayed.</msg>
<status status="PASS" starttime="20210620 22:35:25.410" endtime="20210620 22:35:25.430"/>
</kw>
<kw name="Wait Until Element Is Visible" library="SeleniumLibrary">
<arg>${PASSWORD_FIELD}</arg>
<doc>Waits until the element ``locator`` is visible.</doc>
<status status="PASS" starttime="20210620 22:35:25.430" endtime="20210620 22:35:25.451"/>
</kw>
<kw name="Element Should Be Visible" library="SeleniumLibrary">
<arg>${PASSWORD_FIELD}</arg>
<doc>Verifies that the element identified by ``locator`` is visible.</doc>
<msg timestamp="20210620 22:35:25.465" level="INFO">Element '//*[@id="password"]' is displayed.</msg>
<status status="PASS" starttime="20210620 22:35:25.451" endtime="20210620 22:35:25.465"/>
</kw>
<status status="PASS" starttime="20210620 22:35:25.378" endtime="20210620 22:35:25.465"/>
</kw>
<kw name="WHEN Input Username And Password" library="login_steps">
<arg>${username}</arg>
<arg>${password}</arg>
<kw name="Input Username" library="login_pages">
<arg>${username}</arg>
<kw name="Wait Until Element Is Enabled" library="SeleniumLibrary">
<arg>${USERNAME_FIELD}</arg>
<doc>Waits until the element ``locator`` is enabled.</doc>
<status status="PASS" starttime="20210620 22:35:25.466" endtime="20210620 22:35:25.485"/>
</kw>
<kw name="Input Text" library="SeleniumLibrary">
<arg>${USERNAME_FIELD}</arg>
<arg>${username}</arg>
<doc>Types the given ``text`` into the text field identified by ``locator``.</doc>
<msg timestamp="20210620 22:35:25.486" level="INFO">Typing text 'standard_user' into text field '//*[@id="user-name"]'.</msg>
<status status="PASS" starttime="20210620 22:35:25.486" endtime="20210620 22:35:25.778"/>
</kw>
<status status="PASS" starttime="20210620 22:35:25.466" endtime="20210620 22:35:25.779"/>
</kw>
<kw name="Login Button Should Be Enabled" library="login_pages">
<kw name="Wait Until Element Is Enabled" library="SeleniumLibrary">
<arg>${LOGIN_BUTTON}</arg>
<doc>Waits until the element ``locator`` is enabled.</doc>
<status status="PASS" starttime="20210620 22:35:25.779" endtime="20210620 22:35:25.802"/>
</kw>
<kw name="Element Should Be Enabled" library="SeleniumLibrary">
<arg>${LOGIN_BUTTON}</arg>
<doc>Verifies that element identified by ``locator`` is enabled.</doc>
<status status="PASS" starttime="20210620 22:35:25.802" endtime="20210620 22:35:25.816"/>
</kw>
<status status="PASS" starttime="20210620 22:35:25.779" endtime="20210620 22:35:25.816"/>
</kw>
<kw name="Input Pass" library="login_pages">
<arg>${password}</arg>
<kw name="Wait Until Element Is Enabled" library="SeleniumLibrary">
<arg>${PASSWORD_FIELD}</arg>
<doc>Waits until the element ``locator`` is enabled.</doc>
<status status="PASS" starttime="20210620 22:35:25.817" endtime="20210620 22:35:25.833"/>
</kw>
<kw name="Input Text" library="SeleniumLibrary">
<arg>${PASSWORD_FIELD}</arg>
<arg>${password}</arg>
<doc>Types the given ``text`` into the text field identified by ``locator``.</doc>
<msg timestamp="20210620 22:35:25.833" level="INFO">Typing text 'qwerty' into text field '//*[@id="password"]'.</msg>
<status status="PASS" starttime="20210620 22:35:25.833" endtime="20210620 22:35:25.907"/>
</kw>
<status status="PASS" starttime="20210620 22:35:25.816" endtime="20210620 22:35:25.907"/>
</kw>
<kw name="Click Login Button" library="login_pages">
<kw name="Wait Until Element Is Enabled" library="SeleniumLibrary">
<arg>${LOGIN_BUTTON}</arg>
<doc>Waits until the element ``locator`` is enabled.</doc>
<status status="PASS" starttime="20210620 22:35:25.908" endtime="20210620 22:35:25.923"/>
</kw>
<kw name="Click Element" library="SeleniumLibrary">
<arg>${LOGIN_BUTTON}</arg>
<doc>Click the element identified by ``locator``.</doc>
<msg timestamp="20210620 22:35:25.923" level="INFO">Clicking element '//*[@id="login-button"]'.</msg>
<status status="PASS" starttime="20210620 22:35:25.923" endtime="20210620 22:35:25.999"/>
</kw>
<status status="PASS" starttime="20210620 22:35:25.907" endtime="20210620 22:35:25.999"/>
</kw>
<status status="PASS" starttime="20210620 22:35:25.465" endtime="20210620 22:35:25.999"/>
</kw>
<kw name="THEN Error Message Displayed" library="login_pages">
<kw name="Wait Until Element Is Visible" library="SeleniumLibrary">
<arg>${ERROR_MESSAGE}</arg>
<doc>Waits until the element ``locator`` is visible.</doc>
<status status="PASS" starttime="20210620 22:35:26.000" endtime="20210620 22:35:26.019"/>
</kw>
<kw name="Element Should Be Visible" library="SeleniumLibrary">
<arg>${ERROR_MESSAGE}</arg>
<doc>Verifies that the element identified by ``locator`` is visible.</doc>
<msg timestamp="20210620 22:35:26.036" level="INFO">Element '//*[@id="login_button_container"]/div/form/div[3]' is displayed.</msg>
<status status="PASS" starttime="20210620 22:35:26.020" endtime="20210620 22:35:26.036"/>
</kw>
<status status="PASS" starttime="20210620 22:35:26.000" endtime="20210620 22:35:26.036"/>
</kw>
<status status="PASS" starttime="20210620 22:35:25.377" endtime="20210620 22:35:26.036"/>
</kw>
<kw name="Login with Invalid Credentials">
<arg>${invalid_data}</arg>
<arg>${valid_password}</arg>
<kw name="GIVEN Login Page Opened" library="login_pages">
<kw name="Wait Until Element Is Visible" library="SeleniumLibrary">
<arg>${USERNAME_FIELD}</arg>
<doc>Waits until the element ``locator`` is visible.</doc>
<status status="PASS" starttime="20210620 22:35:26.038" endtime="20210620 22:35:26.052"/>
</kw>
<kw name="Element Should Be Visible" library="SeleniumLibrary">
<arg>${USERNAME_FIELD}</arg>
<doc>Verifies that the element identified by ``locator`` is visible.</doc>
<msg timestamp="20210620 22:35:26.068" level="INFO">Element '//*[@id="user-name"]' is displayed.</msg>
<status status="PASS" starttime="20210620 22:35:26.053" endtime="20210620 22:35:26.069"/>
</kw>
<kw name="Wait Until Element Is Visible" library="SeleniumLibrary">
<arg>${PASSWORD_FIELD}</arg>
<doc>Waits until the element ``locator`` is visible.</doc>
<status status="PASS" starttime="20210620 22:35:26.069" endtime="20210620 22:35:26.082"/>
</kw>
<kw name="Element Should Be Visible" library="SeleniumLibrary">
<arg>${PASSWORD_FIELD}</arg>
<doc>Verifies that the element identified by ``locator`` is visible.</doc>
<msg timestamp="20210620 22:35:26.095" level="INFO">Element '//*[@id="password"]' is displayed.</msg>
<status status="PASS" starttime="20210620 22:35:26.082" endtime="20210620 22:35:26.095"/>
</kw>
<status status="PASS" starttime="20210620 22:35:26.037" endtime="20210620 22:35:26.095"/>
</kw>
<kw name="WHEN Input Username And Password" library="login_steps">
<arg>${username}</arg>
<arg>${password}</arg>
<kw name="Input Username" library="login_pages">
<arg>${username}</arg>
<kw name="Wait Until Element Is Enabled" library="SeleniumLibrary">
<arg>${USERNAME_FIELD}</arg>
<doc>Waits until the element ``locator`` is enabled.</doc>
<status status="PASS" starttime="20210620 22:35:26.097" endtime="20210620 22:35:26.110"/>
</kw>
<kw name="Input Text" library="SeleniumLibrary">
<arg>${USERNAME_FIELD}</arg>
<arg>${username}</arg>
<doc>Types the given ``text`` into the text field identified by ``locator``.</doc>
<msg timestamp="20210620 22:35:26.110" level="INFO">Typing text 'qwerty' into text field '//*[@id="user-name"]'.</msg>
<status status="PASS" starttime="20210620 22:35:26.110" endtime="20210620 22:35:26.276"/>
</kw>
<status status="PASS" starttime="20210620 22:35:26.096" endtime="20210620 22:35:26.276"/>
</kw>
<kw name="Login Button Should Be Enabled" library="login_pages">
<kw name="Wait Until Element Is Enabled" library="SeleniumLibrary">
<arg>${LOGIN_BUTTON}</arg>
<doc>Waits until the element ``locator`` is enabled.</doc>
<status status="PASS" starttime="20210620 22:35:26.277" endtime="20210620 22:35:26.298"/>
</kw>
<kw name="Element Should Be Enabled" library="SeleniumLibrary">
<arg>${LOGIN_BUTTON}</arg>
<doc>Verifies that element identified by ``locator`` is enabled.</doc>
<status status="PASS" starttime="20210620 22:35:26.298" endtime="20210620 22:35:26.313"/>
</kw>
<status status="PASS" starttime="20210620 22:35:26.277" endtime="20210620 22:35:26.313"/>
</kw>
<kw name="Input Pass" library="login_pages">
<arg>${password}</arg>
<kw name="Wait Until Element Is Enabled" library="SeleniumLibrary">
<arg>${PASSWORD_FIELD}</arg>
<doc>Waits until the element ``locator`` is enabled.</doc>
<status status="PASS" starttime="20210620 22:35:26.314" endtime="20210620 22:35:26.328"/>
</kw>
<kw name="Input Text" library="SeleniumLibrary">
<arg>${PASSWORD_FIELD}</arg>
<arg>${password}</arg>
<doc>Types the given ``text`` into the text field identified by ``locator``.</doc>
<msg timestamp="20210620 22:35:26.329" level="INFO">Typing text 'secret_sauce' into text field '//*[@id="password"]'.</msg>
<status status="PASS" starttime="20210620 22:35:26.328" endtime="20210620 22:35:26.455"/>
</kw>
<status status="PASS" starttime="20210620 22:35:26.314" endtime="20210620 22:35:26.455"/>
</kw>
<kw name="Click Login Button" library="login_pages">
<kw name="Wait Until Element Is Enabled" library="SeleniumLibrary">
<arg>${LOGIN_BUTTON}</arg>
<doc>Waits until the element ``locator`` is enabled.</doc>
<status status="PASS" starttime="20210620 22:35:26.455" endtime="20210620 22:35:26.471"/>
</kw>
<kw name="Click Element" library="SeleniumLibrary">
<arg>${LOGIN_BUTTON}</arg>
<doc>Click the element identified by ``locator``.</doc>
<msg timestamp="20210620 22:35:26.471" level="INFO">Clicking element '//*[@id="login-button"]'.</msg>
<status status="PASS" starttime="20210620 22:35:26.471" endtime="20210620 22:35:26.523"/>
</kw>
<status status="PASS" starttime="20210620 22:35:26.455" endtime="20210620 22:35:26.523"/>
</kw>
<status status="PASS" starttime="20210620 22:35:26.096" endtime="20210620 22:35:26.523"/>
</kw>
<kw name="THEN Error Message Displayed" library="login_pages">
<kw name="Wait Until Element Is Visible" library="SeleniumLibrary">
<arg>${ERROR_MESSAGE}</arg>
<doc>Waits until the element ``locator`` is visible.</doc>
<status status="PASS" starttime="20210620 22:35:26.524" endtime="20210620 22:35:26.537"/>
</kw>
<kw name="Element Should Be Visible" library="SeleniumLibrary">
<arg>${ERROR_MESSAGE}</arg>
<doc>Verifies that the element identified by ``locator`` is visible.</doc>
<msg timestamp="20210620 22:35:26.550" level="INFO">Element '//*[@id="login_button_container"]/div/form/div[3]' is displayed.</msg>
<status status="PASS" starttime="20210620 22:35:26.537" endtime="20210620 22:35:26.550"/>
</kw>
<status status="PASS" starttime="20210620 22:35:26.523" endtime="20210620 22:35:26.550"/>
</kw>
<status status="PASS" starttime="20210620 22:35:26.037" endtime="20210620 22:35:26.550"/>
</kw>
<kw name="Login with Invalid Credentials">
<arg>${invalid_data}</arg>
<arg>${invalid_data}</arg>
<kw name="GIVEN Login Page Opened" library="login_pages">
<kw name="Wait Until Element Is Visible" library="SeleniumLibrary">
<arg>${USERNAME_FIELD}</arg>
<doc>Waits until the element ``locator`` is visible.</doc>
<status status="PASS" starttime="20210620 22:35:26.551" endtime="20210620 22:35:26.566"/>
</kw>
<kw name="Element Should Be Visible" library="SeleniumLibrary">
<arg>${USERNAME_FIELD}</arg>
<doc>Verifies that the element identified by ``locator`` is visible.</doc>
<msg timestamp="20210620 22:35:26.580" level="INFO">Element '//*[@id="user-name"]' is displayed.</msg>
<status status="PASS" starttime="20210620 22:35:26.566" endtime="20210620 22:35:26.580"/>
</kw>
<kw name="Wait Until Element Is Visible" library="SeleniumLibrary">
<arg>${PASSWORD_FIELD}</arg>
<doc>Waits until the element ``locator`` is visible.</doc>
<status status="PASS" starttime="20210620 22:35:26.581" endtime="20210620 22:35:26.593"/>
</kw>
<kw name="Element Should Be Visible" library="SeleniumLibrary">
<arg>${PASSWORD_FIELD}</arg>
<doc>Verifies that the element identified by ``locator`` is visible.</doc>
<msg timestamp="20210620 22:35:26.608" level="INFO">Element '//*[@id="password"]' is displayed.</msg>
<status status="PASS" starttime="20210620 22:35:26.594" endtime="20210620 22:35:26.608"/>
</kw>
<status status="PASS" starttime="20210620 22:35:26.551" endtime="20210620 22:35:26.608"/>
</kw>
<kw name="WHEN Input Username And Password" library="login_steps">
<arg>${username}</arg>
<arg>${password}</arg>
<kw name="Input Username" library="login_pages">
<arg>${username}</arg>
<kw name="Wait Until Element Is Enabled" library="SeleniumLibrary">
<arg>${USERNAME_FIELD}</arg>
<doc>Waits until the element ``locator`` is enabled.</doc>
<status status="PASS" starttime="20210620 22:35:26.610" endtime="20210620 22:35:26.633"/>
</kw>
<kw name="Input Text" library="SeleniumLibrary">
<arg>${USERNAME_FIELD}</arg>
<arg>${username}</arg>
<doc>Types the given ``text`` into the text field identified by ``locator``.</doc>
<msg timestamp="20210620 22:35:26.634" level="INFO">Typing text 'qwerty' into text field '//*[@id="user-name"]'.</msg>
<status status="PASS" starttime="20210620 22:35:26.633" endtime="20210620 22:35:26.839"/>
</kw>
<status status="PASS" starttime="20210620 22:35:26.609" endtime="20210620 22:35:26.839"/>
</kw>
<kw name="Login Button Should Be Enabled" library="login_pages">
<kw name="Wait Until Element Is Enabled" library="SeleniumLibrary">
<arg>${LOGIN_BUTTON}</arg>
<doc>Waits until the element ``locator`` is enabled.</doc>
<status status="PASS" starttime="20210620 22:35:26.840" endtime="20210620 22:35:26.863"/>
</kw>
<kw name="Element Should Be Enabled" library="SeleniumLibrary">
<arg>${LOGIN_BUTTON}</arg>
<doc>Verifies that element identified by ``locator`` is enabled.</doc>
<status status="PASS" starttime="20210620 22:35:26.863" endtime="20210620 22:35:26.884"/>
</kw>
<status status="PASS" starttime="20210620 22:35:26.839" endtime="20210620 22:35:26.884"/>
</kw>
<kw name="Input Pass" library="login_pages">
<arg>${password}</arg>
<kw name="Wait Until Element Is Enabled" library="SeleniumLibrary">
<arg>${PASSWORD_FIELD}</arg>
<doc>Waits until the element ``locator`` is enabled.</doc>
<status status="PASS" starttime="20210620 22:35:26.885" endtime="20210620 22:35:26.906"/>
</kw>
<kw name="Input Text" library="SeleniumLibrary">
<arg>${PASSWORD_FIELD}</arg>
<arg>${password}</arg>
<doc>Types the given ``text`` into the text field identified by ``locator``.</doc>
<msg timestamp="20210620 22:35:26.906" level="INFO">Typing text 'qwerty' into text field '//*[@id="password"]'.</msg>
<status status="PASS" starttime="20210620 22:35:26.906" endtime="20210620 22:35:27.033"/>
</kw>
<status status="PASS" starttime="20210620 22:35:26.884" endtime="20210620 22:35:27.033"/>
</kw>
<kw name="Click Login Button" library="login_pages">
<kw name="Wait Until Element Is Enabled" library="SeleniumLibrary">
<arg>${LOGIN_BUTTON}</arg>
<doc>Waits until the element ``locator`` is enabled.</doc>
<status status="PASS" starttime="20210620 22:35:27.034" endtime="20210620 22:35:27.057"/>
</kw>
<kw name="Click Element" library="SeleniumLibrary">
<arg>${LOGIN_BUTTON}</arg>
<doc>Click the element identified by ``locator``.</doc>
<msg timestamp="20210620 22:35:27.057" level="INFO">Clicking element '//*[@id="login-button"]'.</msg>
<status status="PASS" starttime="20210620 22:35:27.057" endtime="20210620 22:35:27.096"/>
</kw>
<status status="PASS" starttime="20210620 22:35:27.034" endtime="20210620 22:35:27.097"/>
</kw>
<status status="PASS" starttime="20210620 22:35:26.609" endtime="20210620 22:35:27.097"/>
</kw>
<kw name="THEN Error Message Displayed" library="login_pages">
<kw name="Wait Until Element Is Visible" library="SeleniumLibrary">
<arg>${ERROR_MESSAGE}</arg>
<doc>Waits until the element ``locator`` is visible.</doc>
<status status="PASS" starttime="20210620 22:35:27.098" endtime="20210620 22:35:27.144"/>
</kw>
<kw name="Element Should Be Visible" library="SeleniumLibrary">
<arg>${ERROR_MESSAGE}</arg>
<doc>Verifies that the element identified by ``locator`` is visible.</doc>
<msg timestamp="20210620 22:35:27.159" level="INFO">Element '//*[@id="login_button_container"]/div/form/div[3]' is displayed.</msg>
<status status="PASS" starttime="20210620 22:35:27.144" endtime="20210620 22:35:27.160"/>
</kw>
<status status="PASS" starttime="20210620 22:35:27.097" endtime="20210620 22:35:27.160"/>
</kw>
<status status="PASS" starttime="20210620 22:35:26.550" endtime="20210620 22:35:27.160"/>
</kw>
<kw name="Close Browser" library="SeleniumLibrary" type="TEARDOWN">
<doc>Closes the current browser.</doc>
<status status="PASS" starttime="20210620 22:35:27.160" endtime="20210620 22:35:27.279"/>
</kw>
<status status="PASS" starttime="20210620 22:35:22.095" endtime="20210620 22:35:27.279"/>
</test>
<status status="FAIL" starttime="20210620 22:35:10.909" endtime="20210620 22:35:27.282"/>
</suite>
<statistics>
<total>
<stat pass="1" fail="1" skip="0">All Tests</stat>
</total>
<tag>
</tag>
<suite>
<stat pass="1" fail="1" skip="0" id="s1" name="Login Tests">Login Tests</stat>
</suite>
</statistics>
<errors>
</errors>
</robot>
