<?xml version="1.0" encoding="UTF-8"?>
<robot generator="Robot 4.0.3 (Python 3.7.5 on darwin)" generated="20210620 21:48:21.844" rpa="false" schemaversion="2">
<suite id="s1" name="Login Tests" source="/Users/pavanmudigonda/Documents/GitHub/RFW-Automation/tests/login_tests.robot">
<test id="s1-t1" name="Valid Login">
<kw name="Open Login Page Using Chrome Browser" library="resources" type="SETUP">
<kw name="Open Browser" library="SeleniumLibrary">
<arg>${LOGIN_PAGE}</arg>
<arg>Chrome</arg>
<doc>Opens a new browser instance to the optional ``url``.</doc>
<msg timestamp="20210620 21:48:22.127" level="INFO">Opening browser 'Chrome' to base url 'https://www.instagram.com/accounts/login/'.</msg>
<status status="PASS" starttime="20210620 21:48:22.126" endtime="20210620 21:48:26.514"/>
</kw>
<kw name="Maximize Browser Window" library="SeleniumLibrary">
<doc>Maximizes current browser window.</doc>
<status status="PASS" starttime="20210620 21:48:26.515" endtime="20210620 21:48:26.713"/>
</kw>
<status status="PASS" starttime="20210620 21:48:22.126" endtime="20210620 21:48:26.713"/>
</kw>
<kw name="GIVEN Login Page Opened">
<msg timestamp="20210620 21:48:26.718" level="FAIL">No keyword with name 'GIVEN Login Page Opened' found.</msg>
<status status="FAIL" starttime="20210620 21:48:26.718" endtime="20210620 21:48:26.718"/>
</kw>
<kw name="WHEN Input Username And Password">
<arg>${valid_username}</arg>
<arg>${valid_password}</arg>
<status status="NOT RUN" starttime="20210620 21:48:26.722" endtime="20210620 21:48:26.722"/>
</kw>
<kw name="THEN Home Page Opened">
<status status="NOT RUN" starttime="20210620 21:48:26.726" endtime="20210620 21:48:26.726"/>
</kw>
<kw name="Close Browser" library="SeleniumLibrary" type="TEARDOWN">
<doc>Closes the current browser.</doc>
<status status="PASS" starttime="20210620 21:48:26.727" endtime="20210620 21:48:26.890"/>
</kw>
<status status="FAIL" starttime="20210620 21:48:22.125" endtime="20210620 21:48:26.890">No keyword with name 'GIVEN Login Page Opened' found.</status>
</test>
<test id="s1-t2" name="Invalid Login">
<kw name="Open Login Page Using Chrome Browser" library="resources" type="SETUP">
<kw name="Open Browser" library="SeleniumLibrary">
<arg>${LOGIN_PAGE}</arg>
<arg>Chrome</arg>
<doc>Opens a new browser instance to the optional ``url``.</doc>
<msg timestamp="20210620 21:48:26.894" level="INFO">Opening browser 'Chrome' to base url 'https://www.instagram.com/accounts/login/'.</msg>
<status status="PASS" starttime="20210620 21:48:26.894" endtime="20210620 21:48:30.455"/>
</kw>
<kw name="Maximize Browser Window" library="SeleniumLibrary">
<doc>Maximizes current browser window.</doc>
<status status="PASS" starttime="20210620 21:48:30.456" endtime="20210620 21:48:30.731"/>
</kw>
<status status="PASS" starttime="20210620 21:48:26.893" endtime="20210620 21:48:30.732"/>
</kw>
<kw name="Login with Invalid Credentials">
<arg>${valid_username}</arg>
<arg>${invalid_data}</arg>
<kw name="GIVEN Login Page Opened">
<msg timestamp="20210620 21:48:30.745" level="FAIL">No keyword with name 'GIVEN Login Page Opened' found.</msg>
<status status="FAIL" starttime="20210620 21:48:30.745" endtime="20210620 21:48:30.746"/>
</kw>
<kw name="WHEN Input Username And Password">
<arg>${username}</arg>
<arg>${password}</arg>
<status status="NOT RUN" starttime="20210620 21:48:30.756" endtime="20210620 21:48:30.756"/>
</kw>
<kw name="THEN Error Message Displayed">
<status status="NOT RUN" starttime="20210620 21:48:30.768" endtime="20210620 21:48:30.769"/>
</kw>
<status status="FAIL" starttime="20210620 21:48:30.732" endtime="20210620 21:48:30.769"/>
</kw>
<kw name="Login with Invalid Credentials">
<arg>${invalid_data}</arg>
<arg>${valid_password}</arg>
<kw name="GIVEN Login Page Opened">
<msg timestamp="20210620 21:48:30.778" level="FAIL">No keyword with name 'GIVEN Login Page Opened' found.</msg>
<status status="FAIL" starttime="20210620 21:48:30.777" endtime="20210620 21:48:30.778"/>
</kw>
<kw name="WHEN Input Username And Password">
<arg>${username}</arg>
<arg>${password}</arg>
<status status="NOT RUN" starttime="20210620 21:48:30.784" endtime="20210620 21:48:30.784"/>
</kw>
<kw name="THEN Error Message Displayed">
<status status="NOT RUN" starttime="20210620 21:48:30.790" endtime="20210620 21:48:30.790"/>
</kw>
<status status="FAIL" starttime="20210620 21:48:30.769" endtime="20210620 21:48:30.791"/>
</kw>
<kw name="Login with Invalid Credentials">
<arg>${invalid_data}</arg>
<arg>${invalid_data}</arg>
<kw name="GIVEN Login Page Opened">
<msg timestamp="20210620 21:48:30.817" level="FAIL">No keyword with name 'GIVEN Login Page Opened' found.</msg>
<status status="FAIL" starttime="20210620 21:48:30.817" endtime="20210620 21:48:30.818"/>
</kw>
<kw name="WHEN Input Username And Password">
<arg>${username}</arg>
<arg>${password}</arg>
<status status="NOT RUN" starttime="20210620 21:48:30.840" endtime="20210620 21:48:30.840"/>
</kw>
<kw name="THEN Error Message Displayed">
<status status="NOT RUN" starttime="20210620 21:48:30.847" endtime="20210620 21:48:30.847"/>
</kw>
<status status="FAIL" starttime="20210620 21:48:30.791" endtime="20210620 21:48:30.848"/>
</kw>
<kw name="Close Browser" library="SeleniumLibrary" type="TEARDOWN">
<doc>Closes the current browser.</doc>
<status status="PASS" starttime="20210620 21:48:30.848" endtime="20210620 21:48:30.968"/>
</kw>
<status status="FAIL" starttime="20210620 21:48:26.891" endtime="20210620 21:48:30.968">Several failures occurred:

1) No keyword with name 'GIVEN Login Page Opened' found.

2) No keyword with name 'GIVEN Login Page Opened' found.

3) No keyword with name 'GIVEN Login Page Opened' found.</status>
</test>
<status status="FAIL" starttime="20210620 21:48:21.848" endtime="20210620 21:48:30.974"/>
</suite>
<statistics>
<total>
<stat pass="0" fail="2" skip="0">All Tests</stat>
</total>
<tag>
</tag>
<suite>
<stat pass="0" fail="2" skip="0" id="s1" name="Login Tests">Login Tests</stat>
</suite>
</statistics>
<errors>
<msg timestamp="20210620 21:48:22.124" level="ERROR">Error in file '/Users/pavanmudigonda/Documents/GitHub/RFW-Automation/tests/login_tests.robot' on line 3: Resource file '../pages/login_pages.robot' does not exist.</msg>
<msg timestamp="20210620 21:48:22.124" level="ERROR">Error in file '/Users/pavanmudigonda/Documents/GitHub/RFW-Automation/tests/login_tests.robot' on line 4: Resource file '../pages/home_pages.robot' does not exist.</msg>
<msg timestamp="20210620 21:48:22.124" level="ERROR">Error in file '/Users/pavanmudigonda/Documents/GitHub/RFW-Automation/tests/login_tests.robot' on line 5: Resource file '../steps/login_steps.robot' does not exist.</msg>
</errors>
</robot>
